Start: 2014-09-28 17:44:02 +0200

Commandline arguments: rpi-bcm2835 clean log build

Workdir: /home/pi/rpi-firmware/rpi-bcm2835/workdir
mkdir: created directory `/home/pi/rpi-firmware/rpi-bcm2835/workdir'
KERNEL_ORG_VERSION = 3.16.3
Release: rpi-bcm2835
Package: issue106
Package: raspberrypi_tools
Package: raspberrypi_firmware
Package: uboot_bcm2835
Package: uboot_arm
Package: rpi_bcm2835_linux
Package: kernelorg_linux
wget --no-use-server-timestamps --progress=dot:mega -O '/home/pi/rpi-build/downloads/raspberrypi-tools-f8e07cca589beb7c2cba6c4d4ab7a404fe91e8d3.tar.gz' 'https://github.com/raspberrypi/tools/archive/f8e07cca589beb7c2cba6c4d4ab7a404fe91e8d3.tar.gz'
--2014-09-28 17:44:05--  https://github.com/raspberrypi/tools/archive/f8e07cca589beb7c2cba6c4d4ab7a404fe91e8d3.tar.gz
Resolving github.com (github.com)... 192.30.252.129
Connecting to github.com (github.com)|192.30.252.129|:443... connected.
HTTP request sent, awaiting response... 302 Found
Location: https://codeload.github.com/raspberrypi/tools/tar.gz/f8e07cca589beb7c2cba6c4d4ab7a404fe91e8d3 [following]
--2014-09-28 17:44:06--  https://codeload.github.com/raspberrypi/tools/tar.gz/f8e07cca589beb7c2cba6c4d4ab7a404fe91e8d3
Resolving codeload.github.com (codeload.github.com)... 192.30.252.145
Connecting to codeload.github.com (codeload.github.com)|192.30.252.145|:443... connected.
HTTP request sent, awaiting response... 200 OK
Length: unspecified [application/x-gzip]
Saving to: `/home/pi/rpi-build/downloads/raspberrypi-tools-f8e07cca589beb7c2cba6c4d4ab7a404fe91e8d3.tar.gz'

     0K ........ ........ ........ ........ ........ ........ 1.47M
  3072K ........ ........ ........ ........ ........ ........ 3.01M
  6144K ........ ........ ........ ........ ........ ........ 3.07M
  9216K ........ ........ ........ ........ ........ ........ 3.12M
 12288K ........ ........ ........ ........ ........ ........ 3.14M
 15360K ........ ........ ........ ........ ........ ........ 3.13M
 18432K ........ ........ ........ ........ ........ ........ 2.46M
 21504K ........ ........ ........ ........ ........ ........ 1.26M
 24576K ........ ........ ........ ........ ........ ........ 1.56M
 27648K ........ ........ ........ ........ ........ ........ 2.33M
 30720K ........ ........ ........ ........ ........ ........ 2.00M
 33792K ........ ........ ........ ........ ........ ........ 1.92M
 36864K ........ ........ ........ ........ ........ ........ 2.34M
 39936K ........ ........ ........ ........ ........ ........ 2.36M
 43008K ........ ........ ........ ........ ........ ........ 2.34M
 46080K ........ ........ ........ ........ ........ ........ 2.37M
 49152K ........ ........ ........ ........ ........ ........ 2.08M
 52224K ........ ........ ........ ........ ........ ........ 2.29M
 55296K ........ ........ ........ ........ ........ ........ 2.60M
 58368K ........ ........ ........ ........ ........ ........ 1.52M
 61440K ........ ........ ........ ........ ........ ........ 2.57M
 64512K ........ ........ ........ ........ ........ ........ 2.86M
 67584K ........ ........ ........ ........ ........ ........ 3.00M
 70656K ........ ........ ........ ........ ........ ........ 3.09M
 73728K ........ ........ ........ ........ ........ ........ 3.08M
 76800K ........ ........ ........ ........ ........ ........ 1.67M
 79872K ........ ........ ........ ........ ........ ........ 1.38M
 82944K ........ ........ ........ ........ ........ ........ 1.79M
 86016K ........ ........ ........ ........ ........ ........ 2.01M
 89088K ........ ........ ........ ........ ........ ........ 2.03M
 92160K ........ ........ ........ ........ ........ ........ 2.07M
 95232K ........ ........ ........ ........ ........ ........ 1.58M
 98304K ........ ........ ........ ........ ........ ........ 1.69M
101376K ........ ........ ........ ........ ........ ........ 1.71M
104448K ........ ........ ........ ........ ........ ........ 1.73M
107520K ........ ........ ........ ........ ........ ........ 1.89M
110592K ........ ........ ........ ........ ........ ........ 2.20M
113664K ........ ........ ........ ........ ........ ........ 2.63M
116736K ........ ........ ........ ........ ........ ........ 3.12M
119808K ........ ........ ........ ........ ........ ........ 3.09M
122880K ........ ........ ........ ........ ........ ........ 2.77M
125952K ........ ........ ........ ........ ........ ........ 1.55M
129024K ........ ........ ........ ........ ........ ........ 2.66M
132096K ........ ........ ........ ........ ........ ........ 2.86M
135168K ........ ........ ........ ........ ........ ........ 1.64M
138240K ........ ........ ........ ........ ........ ........  615K
141312K ........ ........ ........ ........ ........ ........  673K
144384K ........ ........ ........ ........ ........ ........ 1.80M
147456K ........ ........ ........ ........ ........ ........ 2.53M
150528K ........ ........ ........ ........ ........ ........ 1.25M
153600K ........ ........ ........ ........ ........ ........ 2.69M
156672K ........ ........ ........ ........ ........ ........ 2.91M
159744K ........ ........ ........ ........ ........ ........ 3.02M
162816K ........ ........ ........ ........ ........ ........ 3.07M
165888K ........ ........ ........ ........ ........ ........ 3.09M
168960K ........ ........ ........ ........ ........ ........ 3.11M
172032K ........ ........ ........ ........ ........ ........ 3.08M
175104K ........ ........ ........ ........ ........ ........ 3.13M
178176K ........ ........ ........ ........ ........ ........ 3.13M
181248K ........ ........ ........ ........ ........ ........ 3.13M
184320K ........ ........ ........ ........ ........ ........ 3.17M
187392K ........ ........ ........ ........ ........ ........ 3.13M
190464K ........ ........ ........ ........ ........ ........ 3.16M
193536K ........ ........ ........ ........ ........ ........ 3.18M
196608K ........ ........ ........ ........ ........ ........ 3.14M
199680K ........ ........ ........ ........ ........ ........ 3.18M
202752K ........ ........ ........ ........ ........ ........ 3.16M
205824K ........ ........ ........ ........ ........ ........ 1.85M
208896K ........ ........ ........ ........ ........ ........ 2.20M
211968K ........ ........ ........ ........ ........ ........ 2.46M
215040K ........ ........ ........ ........ ........ ........ 1.51M
218112K ........ ........ ........ ........ ........ ........ 2.57M
221184K ........ ........ ........ ........ ........ ........ 2.57M
224256K ........ ........ ........ ........ ........ ........ 2.64M
227328K ........ ........ ........ ........ ........ ........ 2.78M
230400K ........ ........ ........ ........ ........ ........ 2.98M
233472K ........ ........ ........ ........ ........ ........ 3.05M
236544K ........ ........ ........ ........ ........ ........ 3.15M
239616K ........ ........ ........ ........ ........ ........ 3.12M
242688K ........ ........ ........ ........ ........ ........ 1.63M
245760K ........ ........ ........ ........ ........ ........ 2.55M
248832K ........ ........ ........ ........ ........ ........ 2.77M
251904K ........ ........ ........ ........ ........ ........ 2.93M
254976K ........ ........ ........ ........ ........ ........ 3.05M
258048K ........ ........ ........ ........ ........ ........ 3.00M
261120K ........ ........ ........ ........ ........ ........ 3.07M
264192K ........ ........ ........ ........ ........ ........ 3.03M
267264K ........ ........ ........ ........ ........ ........ 3.03M
270336K ........ ........ ........ ........ ........ ........ 3.15M
273408K ........ ........ ........ ....                       3.18M=2m1s

2014-09-28 17:46:08 (2.23 MB/s) - `/home/pi/rpi-build/downloads/raspberrypi-tools-f8e07cca589beb7c2cba6c4d4ab7a404fe91e8d3.tar.gz' saved [281847930]

Target 'fetch' done

tar -x --checkpoint=100 --checkpoint-action=dot -C /home/pi/rpi-firmware/rpi-bcm2835/workdir -f /home/pi/rpi-build/downloads/raspberrypi-tools-f8e07cca589beb7c2cba6c4d4ab7a404fe91e8d3.tar.gz
..................................................................................................................................................................................................................................................................................................................................................................................................................................................................................................................................................................................................................................................................................................................................................................................................................
tar -x --checkpoint=100 --checkpoint-action=dot -C /home/pi/rpi-firmware/rpi-bcm2835/workdir -f /home/pi/rpi-build/downloads/raspberrypi-firmware-79acaf6152ef384f05fe2ec90134a6b02348e41d.tar.gz
.............................................................................................................................
tar -x --checkpoint=100 --checkpoint-action=dot -C /home/pi/rpi-firmware/rpi-bcm2835/workdir -f /home/pi/rpi-build/downloads/git.denx.de--p-u-boot-u-boot-arm.git-0a26e1d6c394aacbf1153977b7348d1dff85db3f.tar.bz2
..............................................................
tar -x --checkpoint=100 --checkpoint-action=dot -C /home/pi/rpi-firmware/rpi-bcm2835/workdir -f /home/pi/rpi-build/downloads/linux-3.16.3.tar.xz
.....................................................................................................................................................................................................................................................................................................................................................................................................................................................................................................................................................................................
Target 'unpack' done

Linux kernel version: 3.16.3
Trying '0001_mailbox__rename_pl320-ipc_specific_mailbox.h.patch'...
cd /home/pi/rpi-firmware/rpi-bcm2835/workdir/linux && patch -p1  < /home/pi/rpi-firmware/rpi-bcm2835/patches/0001_mailbox__rename_pl320-ipc_specific_mailbox.h.patch
patching file arch/arm/mach-highbank/highbank.c
patching file drivers/cpufreq/highbank-cpufreq.c
patching file drivers/mailbox/pl320-ipc.c
patching file include/linux/mailbox.h
patching file include/linux/pl320-ipc.h
Trying '0002_mailbox__Introduce_framework_for_mailbox.patch'...
cd /home/pi/rpi-firmware/rpi-bcm2835/workdir/linux && patch -p1  < /home/pi/rpi-firmware/rpi-bcm2835/patches/0002_mailbox__Introduce_framework_for_mailbox.patch
patching file MAINTAINERS
Hunk #1 succeeded at 5672 (offset -70 lines).
patching file drivers/mailbox/Makefile
Hunk #1 succeeded at 1 with fuzz 1.
patching file drivers/mailbox/mailbox.c
patching file include/linux/mailbox_client.h
patching file include/linux/mailbox_controller.h
Trying '0003_doc__add_documentation_for_mailbox_framework.patch'...
cd /home/pi/rpi-firmware/rpi-bcm2835/workdir/linux && patch -p1  < /home/pi/rpi-firmware/rpi-bcm2835/patches/0003_doc__add_documentation_for_mailbox_framework.patch
patching file Documentation/mailbox.txt
Trying '0004_dt__mailbox__add_generic_bindings.patch'...
cd /home/pi/rpi-firmware/rpi-bcm2835/workdir/linux && patch -p1  < /home/pi/rpi-firmware/rpi-bcm2835/patches/0004_dt__mailbox__add_generic_bindings.patch
patching file Documentation/devicetree/bindings/mailbox/mailbox.txt
Trying '0020_ARM__bcm2835__Enable_USB_DWC2_HOST_in_bcm2835_defconfig.patch'...
cd /home/pi/rpi-firmware/rpi-bcm2835/workdir/linux && patch -p1  < /home/pi/rpi-firmware/rpi-bcm2835/patches/0020_ARM__bcm2835__Enable_USB_DWC2_HOST_in_bcm2835_defconfig.patch
patching file arch/arm/configs/bcm2835_defconfig
Trying '0040_MMC__added_alternative_MMC_driver.patch'...
cd /home/pi/rpi-firmware/rpi-bcm2835/workdir/linux && patch -p1  < /home/pi/rpi-firmware/rpi-bcm2835/patches/0040_MMC__added_alternative_MMC_driver.patch
patching file drivers/mmc/host/Kconfig
Hunk #1 succeeded at 290 (offset -21 lines).
patching file drivers/mmc/host/Makefile
patching file drivers/mmc/host/bcm2835-mmc.c
insert_before: /home/pi/rpi-firmware/rpi-bcm2835/workdir/linux/arch/arm/boot/dts/bcm2835.dtsi
replace: /home/pi/rpi-firmware/rpi-bcm2835/workdir/linux/arch/arm/boot/dts/bcm2835.dtsi
replace: /home/pi/rpi-firmware/rpi-bcm2835/workdir/linux/arch/arm/boot/dts/bcm2835-rpi-b.dts
Target 'patch' done

cd /home/pi/rpi-firmware/rpi-bcm2835/workdir/linux && ARCH=arm CROSS_COMPILE=/home/pi/rpi-firmware/rpi-bcm2835/workdir/tools/arm-bcm2708/gcc-linaro-arm-linux-gnueabihf-raspbian/bin/arm-linux-gnueabihf- make bcm2835_defconfig
  HOSTCC  scripts/basic/fixdep
  HOSTCC  scripts/kconfig/conf.o
  SHIPPED scripts/kconfig/zconf.tab.c
  SHIPPED scripts/kconfig/zconf.lex.c
  SHIPPED scripts/kconfig/zconf.hash.c
  HOSTCC  scripts/kconfig/zconf.tab.o
  HOSTLD  scripts/kconfig/conf
#
# configuration written to .config
#
cd /home/pi/rpi-firmware/rpi-bcm2835/workdir/linux && scripts/config --enable CONFIG_IKCONFIG 
cd /home/pi/rpi-firmware/rpi-bcm2835/workdir/linux && scripts/config --enable CONFIG_IKCONFIG_PROC 
cd /home/pi/rpi-firmware/rpi-bcm2835/workdir/linux && yes "" | ARCH=arm CROSS_COMPILE=/home/pi/rpi-firmware/rpi-bcm2835/workdir/tools/arm-bcm2708/gcc-linaro-arm-linux-gnueabihf-raspbian/bin/arm-linux-gnueabihf- make oldconfig
scripts/kconfig/conf --oldconfig Kconfig
#
# configuration written to .config
#
cd /home/pi/rpi-firmware/rpi-bcm2835/workdir/linux && scripts/config --enable PROC_DEVICETREE 
cd /home/pi/rpi-firmware/rpi-bcm2835/workdir/linux && yes "" | ARCH=arm CROSS_COMPILE=/home/pi/rpi-firmware/rpi-bcm2835/workdir/tools/arm-bcm2708/gcc-linaro-arm-linux-gnueabihf-raspbian/bin/arm-linux-gnueabihf- make oldconfig
scripts/kconfig/conf --oldconfig Kconfig
#
# configuration written to .config
#
cd /home/pi/rpi-firmware/rpi-bcm2835/workdir/linux && scripts/config --enable MMC_BCM2835 
cd /home/pi/rpi-firmware/rpi-bcm2835/workdir/linux && yes "" | ARCH=arm CROSS_COMPILE=/home/pi/rpi-firmware/rpi-bcm2835/workdir/tools/arm-bcm2708/gcc-linaro-arm-linux-gnueabihf-raspbian/bin/arm-linux-gnueabihf- make oldconfig
scripts/kconfig/conf --oldconfig Kconfig
*
* Restart config...
*
*
* MMC/SD/SDIO card support
*
MMC/SD/SDIO card support (MMC) [Y/n/?] y
  MMC debugging (MMC_DEBUG) [N/y/?] n
  MMC host clock gating (MMC_CLKGATE) [N/y/?] n
  *
  * MMC/SD/SDIO Card Drivers
  *
  MMC block device driver (MMC_BLOCK) [Y/n/?] y
    Number of minors per block device (MMC_BLOCK_MINORS) [8] 8
    Use bounce buffer for simple hosts (MMC_BLOCK_BOUNCE) [Y/n/?] y
  SDIO UART/GPS class support (SDIO_UART) [N/y/?] n
  MMC host test driver (MMC_TEST) [N/y/?] n
  *
  * MMC/SD/SDIO Host Controller Drivers
  *
  ARM AMBA Multimedia Card Interface support (MMC_ARMMMCI) [N/y/?] n
  Secure Digital Host Controller Interface support (MMC_SDHCI) [Y/n/?] y
  SDHCI platform and OF driver helper (MMC_SDHCI_PLTFM) [Y/n/?] y
    SDHCI OF support for the Arasan SDHCI controllers (MMC_SDHCI_OF_ARASAN) [N/y/?] n
  Marvell MMP2 SD Host Controller support (PXAV3) (MMC_SDHCI_PXAV3) [N/y/?] n
  Marvell PXA9XX SD Host Controller support (PXAV2) (MMC_SDHCI_PXAV2) [N/y/?] n
  SDHCI platform support for the BCM2835 SD/MMC Controller (MMC_SDHCI_BCM2835) [Y/n/?] y
  MMC support on BCM2835 (MMC_BCM2835) [Y/n/?] y
    DMA support on BCM2835 Arasan controller (MMC_BCM2835_DMA) [N/y/?] (NEW) 
  MMC/SD/SDIO over SPI (MMC_SPI) [N/y/?] n
  Synopsys DesignWare Memory Card Interface (MMC_DW) [N/y/?] n
  VUB300 USB to SDIO/SD/MMC Host Controller support (MMC_VUB300) [N/y/?] n
  USB SD Host Controller (USHC) support (MMC_USHC) [N/y/?] n
  Renesas USDHI6ROL0 SD/SDIO Host Controller support (MMC_USDHI6ROL0) [N/y/?] n
#
# configuration written to .config
#
Target 'config' done

cd /home/pi/rpi-firmware/rpi-bcm2835/workdir/linux && ARCH=arm CROSS_COMPILE=/home/pi/rpi-firmware/rpi-bcm2835/workdir/tools/arm-bcm2708/gcc-linaro-arm-linux-gnueabihf-raspbian/bin/arm-linux-gnueabihf- make -j8
scripts/kconfig/conf --silentoldconfig Kconfig
  CHK     include/config/kernel.release
  UPD     include/config/kernel.release
  CHK     include/generated/uapi/linux/version.h
  UPD     include/generated/uapi/linux/version.h
  WRAP    arch/arm/include/generated/asm/auxvec.h
  WRAP    arch/arm/include/generated/asm/bitsperlong.h
  WRAP    arch/arm/include/generated/asm/cputime.h
  WRAP    arch/arm/include/generated/asm/current.h
  WRAP    arch/arm/include/generated/asm/emergency-restart.h
  WRAP    arch/arm/include/generated/asm/exec.h
  WRAP    arch/arm/include/generated/asm/errno.h
  WRAP    arch/arm/include/generated/asm/hash.h
  WRAP    arch/arm/include/generated/asm/ioctl.h
  WRAP    arch/arm/include/generated/asm/ipcbuf.h
  WRAP    arch/arm/include/generated/asm/irq_regs.h
  WRAP    arch/arm/include/generated/asm/kdebug.h
  WRAP    arch/arm/include/generated/asm/local.h
  WRAP    arch/arm/include/generated/asm/mcs_spinlock.h
  WRAP    arch/arm/include/generated/asm/local64.h
  WRAP    arch/arm/include/generated/asm/msgbuf.h
  WRAP    arch/arm/include/generated/asm/param.h
  WRAP    arch/arm/include/generated/asm/parport.h
  WRAP    arch/arm/include/generated/asm/poll.h
  WRAP    arch/arm/include/generated/asm/preempt.h
  WRAP    arch/arm/include/generated/asm/resource.h
  WRAP    arch/arm/include/generated/asm/rwsem.h
  WRAP    arch/arm/include/generated/asm/sections.h
  WRAP    arch/arm/include/generated/asm/segment.h
  WRAP    arch/arm/include/generated/asm/sembuf.h
  WRAP    arch/arm/include/generated/asm/serial.h
  WRAP    arch/arm/include/generated/asm/shmbuf.h
  WRAP    arch/arm/include/generated/asm/siginfo.h
  WRAP    arch/arm/include/generated/asm/simd.h
  WRAP    arch/arm/include/generated/asm/sizes.h
  WRAP    arch/arm/include/generated/asm/socket.h
  WRAP    arch/arm/include/generated/asm/sockios.h
  WRAP    arch/arm/include/generated/asm/termbits.h
  WRAP    arch/arm/include/generated/asm/termios.h
  WRAP    arch/arm/include/generated/asm/timex.h
  WRAP    arch/arm/include/generated/asm/trace_clock.h
  CHK     include/generated/utsrelease.h
  WRAP    arch/arm/include/generated/asm/unaligned.h
  UPD     include/generated/utsrelease.h
  HOSTCC  scripts/kallsyms
  HOSTCC  scripts/conmakehash
  HOSTCC  scripts/dtc/checks.o
  CC      scripts/mod/empty.o
  HOSTCC  scripts/bin2c
  HOSTCC  scripts/dtc/data.o
  HOSTCC  scripts/mod/mk_elfconfig
  SHIPPED scripts/dtc/dtc-lexer.lex.c
  SHIPPED scripts/dtc/dtc-parser.tab.h
  SHIPPED scripts/dtc/dtc-parser.tab.c
  HOSTCC  scripts/dtc/dtc.o
  HOSTCC  scripts/recordmcount
  HOSTCC  scripts/sortextable
  CC      scripts/mod/devicetable-offsets.s
  HOSTCC  scripts/dtc/flattree.o
  HOSTCC  scripts/dtc/fstree.o
  HOSTCC  scripts/dtc/livetree.o
  MKELF   scripts/mod/elfconfig.h
  GEN     scripts/mod/devicetable-offsets.h
  HOSTCC  scripts/dtc/srcpos.o
  HOSTCC  scripts/dtc/treesource.o
  HOSTCC  scripts/mod/modpost.o
  HOSTCC  scripts/mod/sumversion.o
  HOSTCC  scripts/dtc/util.o
  HOSTCC  scripts/dtc/dtc-lexer.lex.o
scripts/mod/modpost.c: In function ‘remove_dot’:
scripts/mod/modpost.c:1710:10: warning: ignoring return value of ‘strtoul’, declared with attribute warn_unused_result [-Wunused-result]
  HOSTCC  scripts/mod/file2alias.o
  HOSTCC  scripts/dtc/dtc-parser.tab.o
  HOSTLD  scripts/dtc/dtc
  HOSTLD  scripts/mod/modpost
  Generating include/generated/mach-types.h
  CC      kernel/bounds.s
  GEN     include/generated/bounds.h
  CC      arch/arm/kernel/asm-offsets.s
  GEN     include/generated/asm-offsets.h
  CALL    scripts/checksyscalls.sh
  CC      init/main.o
  CHK     include/generated/compile.h
  CC      init/do_mounts.o
  CC      init/do_mounts_initrd.o
  CC      init/initramfs.o
  CC      init/calibrate.o
  HOSTCC  usr/gen_init_cpio
  CC      arch/arm/vfp/vfpmodule.o
  UPD     include/generated/compile.h
  CC      init/init_task.o
  CC      arch/arm/kernel/elf.o
  GEN     usr/initramfs_data.cpio.gz
  AS      arch/arm/vfp/entry.o
  AS      usr/initramfs_data.o
  CC      init/version.o
  AS      arch/arm/vfp/vfphw.o
  LD      usr/built-in.o
  CC      arch/arm/vfp/vfpsingle.o
  AS      arch/arm/kernel/entry-common.o
  CC      arch/arm/kernel/irq.o
  CC      arch/arm/vfp/vfpdouble.o
  CC      arch/arm/mm/dma-mapping.o
  CC      arch/arm/kernel/opcodes.o
  CC      arch/arm/common/firmware.o
  CC      arch/arm/mm/extable.o
  LD      init/mounts.o
  LD      arch/arm/net/built-in.o
  LD      init/built-in.o
  CC      arch/arm/common/timer-sp.o
  LD      arch/arm/crypto/built-in.o
  CC      arch/arm/kernel/process.o
  LD      arch/arm/firmware/built-in.o
  CC      arch/arm/kernel/ptrace.o
  CC      arch/arm/mm/fault.o
  CC      arch/arm/mach-bcm/board_bcm2835.o
  CC      arch/arm/mm/init.o
  LD      arch/arm/common/built-in.o
  CC      arch/arm/mm/iomap.o
  LD      arch/arm/vfp/vfp.o
  LD      arch/arm/vfp/built-in.o
  LD      arch/arm/mach-bcm/built-in.o
  CC      arch/arm/mm/fault-armv.o
  CC      kernel/fork.o
  CC      mm/filemap.o
  CC      arch/arm/kernel/return_address.o
  CC      arch/arm/mm/flush.o
  CC      arch/arm/mm/idmap.o
arch/arm/kernel/return_address.c:63:2: warning: #warning "TODO: return_address should use unwind tables" [-Wcpp]
 #warning "TODO: return_address should use unwind tables"
  ^
  CC      arch/arm/mm/ioremap.o
  CC      arch/arm/mm/mmap.o
  CC      arch/arm/kernel/setup.o
  CC      arch/arm/kernel/signal.o
  CC      arch/arm/mm/pgd.o
  CC      arch/arm/mm/mmu.o
  CC      arch/arm/mm/alignment.o
  AS      arch/arm/mm/abort-ev6.o
  AS      arch/arm/mm/pabort-v6.o
  AS      arch/arm/kernel/sigreturn_codes.o
  AS      arch/arm/mm/cache-v6.o
  CC      arch/arm/mm/copypage-v6.o
  CC      arch/arm/kernel/stacktrace.o
  CC      arch/arm/kernel/sys_arm.o
  CC      arch/arm/mm/context.o
  CC      kernel/exec_domain.o
  AS      arch/arm/mm/tlb-v6.o
  CC      mm/mempool.o
  AS      arch/arm/mm/proc-v6.o
  CC      arch/arm/kernel/time.o
  CC      arch/arm/mm/l2c-common.o
  CC      arch/arm/mm/cache-l2x0.o
  CC      arch/arm/kernel/traps.o
  AS      arch/arm/mm/l2c-l2x0-resume.o
  CC      arch/arm/kernel/atags_parse.o
  CC      mm/oom_kill.o
  CC      arch/arm/kernel/atags_proc.o
  AS      arch/arm/kernel/entry-armv.o
  CC      kernel/panic.o
  CC      mm/fadvise.o
  CC      arch/arm/kernel/ftrace.o
  CC      arch/arm/kernel/insn.o
  CC      arch/arm/kernel/jump_label.o
  CC      arch/arm/kernel/patch.o
  CC      arch/arm/kernel/machine_kexec.o
  AS      arch/arm/kernel/relocate_kernel.o
  CC      arch/arm/kernel/kgdb.o
  CC      mm/maccess.o
  LD      arch/arm/mm/built-in.o
  CC      fs/open.o
  CC      arch/arm/kernel/unwind.o
  CC      kernel/cpu.o
  CC      mm/page_alloc.o
  CC      arch/arm/kernel/devtree.o
  CC      arch/arm/kernel/crash_dump.o
  CC      mm/page-writeback.o
  CC      arch/arm/kernel/hw_breakpoint.o
  CC      kernel/exit.o
  CC      ipc/util.o
  CC      kernel/itimer.o
  CC      security/commoncap.o
  CC      fs/read_write.o
  CC      arch/arm/kernel/perf_regs.o
  CC      fs/file_table.o
  CC      ipc/msgutil.o
  CC      arch/arm/kernel/perf_event.o
  CC      security/min_addr.o
  CC      fs/super.o
  CC      ipc/msg.o
  CC      ipc/sem.o
  HZFILE  kernel/hz.bc
  CC      kernel/softirq.o
  CC      fs/char_dev.o
  CC      security/device_cgroup.o
  CC      mm/readahead.o
  CC      arch/arm/kernel/perf_event_cpu.o
  CC      kernel/resource.o
  LD      security/built-in.o
  CC      fs/stat.o
  CC      kernel/sysctl.o
  CC      ipc/shm.o
  CC      crypto/api.o
  CC      ipc/ipcns_notifier.o
  CC      mm/swap.o
  CC      arch/arm/kernel/io.o
  CC      mm/truncate.o
  AS      arch/arm/kernel/debug.o
  CC      arch/arm/kernel/early_printk.o
  AS      arch/arm/kernel/head.o
  CC      kernel/sysctl_binary.o
  CC      fs/exec.o
  LDS     arch/arm/kernel/vmlinux.lds
  CC      crypto/cipher.o
  LD      arch/arm/kernel/built-in.o
  CC      ipc/syscall.o
  CC      mm/vmscan.o
  CC      ipc/ipc_sysctl.o
  CC      mm/shmem.o
  CC      crypto/compress.o
  CC      kernel/capability.o
  CC      ipc/namespace.o
  CC      kernel/ptrace.o
  CC      crypto/memneq.o
  LD      ipc/built-in.o
  CC      mm/util.o
  CC      crypto/algapi.o
  CC      kernel/timer.o
  CC      crypto/scatterwalk.o
  CC      fs/pipe.o
  CC      kernel/user.o
  CC      kernel/signal.o
  CC      crypto/proc.o
  CC      fs/namei.o
  CC      mm/mmzone.o
  CC      mm/vmstat.o
  CC      crypto/ablkcipher.o
  CC      mm/backing-dev.o
  CC      fs/fcntl.o
  CC      mm/mm_init.o
  CC      mm/mmu_context.o
  CC      block/bio.o
  CC      mm/percpu.o
  CC      mm/slab_common.o
  CC      drivers/amba/bus.o
  LD      sound/built-in.o
  CC      crypto/blkcipher.o
  LD      firmware/built-in.o
  CC      arch/arm/oprofile/../../../drivers/oprofile/oprof.o
  LD      drivers/amba/built-in.o
  LD      drivers/auxdisplay/built-in.o
  CC      drivers/base/component.o
  CC      drivers/base/core.o
  CC      kernel/sys.o
  CC      arch/arm/oprofile/../../../drivers/oprofile/cpu_buffer.o
  CC      mm/compaction.o
  CC      crypto/ahash.o
  LD      drivers/block/built-in.o
  CC      block/elevator.o
  LD      drivers/bus/built-in.o
  LD      drivers/cdrom/built-in.o
  CC      fs/ioctl.o
  CC      kernel/kmod.o
  CC      arch/arm/oprofile/../../../drivers/oprofile/buffer_sync.o
  CC      crypto/shash.o
  CC      kernel/workqueue.o
  CC      fs/readdir.o
  CC      drivers/base/bus.o
  CC      arch/arm/oprofile/../../../drivers/oprofile/event_buffer.o
  CC      block/blk-core.o
  CC      mm/balloon_compaction.o
  CC      fs/select.o
  CC      arch/arm/oprofile/../../../drivers/oprofile/oprofile_files.o
  CC      mm/vmacache.o
  CC      crypto/algboss.o
  CC      crypto/testmgr.o
  CC      arch/arm/oprofile/../../../drivers/oprofile/oprofilefs.o
  CC      drivers/base/dd.o
  CC      mm/interval_tree.o
  CC      drivers/base/syscore.o
  CC      arch/arm/oprofile/../../../drivers/oprofile/oprofile_stats.o
  CC      drivers/base/driver.o
  CC      crypto/crypto_wq.o
  CC      fs/dcache.o
  CC      mm/list_lru.o
  CC      drivers/base/class.o
  CC      arch/arm/oprofile/../../../drivers/oprofile/timer_int.o
  CC      drivers/base/platform.o
  LD      crypto/crypto_algapi.o
  CC      crypto/aead.o
  CC      arch/arm/oprofile/../../../drivers/oprofile/oprofile_perf.o
  CC      kernel/pid.o
  CC      mm/workingset.o
  CC      drivers/base/cpu.o
  CC      block/blk-tag.o
  CC      arch/arm/oprofile/common.o
  CC      mm/iov_iter.o
  CC      drivers/base/firmware.o
  CC      drivers/base/init.o
  LD      crypto/crypto_blkcipher.o
  CC      crypto/chainiv.o
  CC      kernel/task_work.o
  CC      drivers/base/map.o
  CC      drivers/base/devres.o
  CC      fs/inode.o
  LD      arch/arm/oprofile/oprofile.o
  LD      arch/arm/oprofile/built-in.o
  CC      net/socket.o
  CC      block/blk-sysfs.o
  CC      kernel/extable.o
  LD      arch/arm/lib/built-in.o
  AS      arch/arm/lib/ashldi3.o
  AS      arch/arm/lib/ashrdi3.o
  CC      crypto/eseqiv.o
  CC      mm/fremap.o
  CC      drivers/base/attribute_container.o
  AS      arch/arm/lib/backtrace.o
  AS      arch/arm/lib/bswapsdi2.o
  AS      arch/arm/lib/call_with_stack.o
  CC      kernel/params.o
  AS      arch/arm/lib/changebit.o
  AS      arch/arm/lib/clear_user.o
  AS      arch/arm/lib/clearbit.o
  CC      block/blk-flush.o
  CC      drivers/base/transport_class.o
  AS      arch/arm/lib/copy_from_user.o
  CC      fs/attr.o
  CC      mm/gup.o
  CC      crypto/seqiv.o
  AS      arch/arm/lib/copy_page.o
  AS      arch/arm/lib/copy_to_user.o
  CC      drivers/base/topology.o
  AS      arch/arm/lib/csumipv6.o
  CC      kernel/posix-timers.o
  AS      arch/arm/lib/csumpartial.o
  AS      arch/arm/lib/csumpartialcopy.o
  AS      arch/arm/lib/csumpartialcopyuser.o
  CC      block/blk-settings.o
  AS      arch/arm/lib/delay-loop.o
  CC      fs/bad_inode.o
  CC      arch/arm/lib/delay.o
  CC      drivers/base/container.o
  CC      mm/highmem.o
  LD      crypto/crypto_hash.o
  CC      crypto/pcompress.o
  LD      net/802/built-in.o
  AS      arch/arm/lib/div64.o
  CC      net/core/sock.o
  CC      drivers/base/devtmpfs.o
  CC      fs/file.o
  AS      arch/arm/lib/findbit.o
  AS      arch/arm/lib/getuser.o
  AS      arch/arm/lib/io-readsb.o
  AS      arch/arm/lib/io-readsl.o
  CC      mm/madvise.o
  CC      block/blk-ioc.o
  CC      kernel/kthread.o
  AS      arch/arm/lib/io-readsw-armv4.o
  LD      crypto/cryptomgr.o
  AS      arch/arm/lib/io-writesb.o
  CC      crypto/ctr.o
  AS      arch/arm/lib/io-writesl.o
  AS      arch/arm/lib/io-writesw-armv4.o
  CC      drivers/base/power/clock_ops.o
  AS      arch/arm/lib/lib1funcs.o
  AS      arch/arm/lib/lshrdi3.o
  AS      arch/arm/lib/memchr.o
  AS      arch/arm/lib/memcpy.o
  CC      fs/filesystems.o
  LD      drivers/base/power/built-in.o
  CC      drivers/base/dma-mapping.o
  CC      block/blk-map.o
  AS      arch/arm/lib/memmove.o
  CC      kernel/sys_ni.o
  CC      crypto/ccm.o
  CC      mm/memory.o
  AS      arch/arm/lib/memset.o
  CC      kernel/posix-cpu-timers.o
  AS      arch/arm/lib/memzero.o
  AS      arch/arm/lib/muldi3.o
  AS      arch/arm/lib/putuser.o
  AS      arch/arm/lib/setbit.o
  CC      drivers/base/dma-coherent.o
  AS      arch/arm/lib/strchr.o
  AS      arch/arm/lib/strrchr.o
  CC      fs/namespace.o
  AS      arch/arm/lib/testchangebit.o
  CC      block/blk-exec.o
  AS      arch/arm/lib/testclearbit.o
  AS      arch/arm/lib/testsetbit.o
  AS      arch/arm/lib/ucmpdi2.o
  CC      net/core/request_sock.o
  AR      arch/arm/lib/lib.a
  CC      drivers/base/firmware_class.o
  CC      lib/lockref.o
  CC      crypto/aes_generic.o
  CC      kernel/hrtimer.o
  CC      block/blk-merge.o
  CC      lib/bcd.o
  CC      lib/div64.o
  CC      lib/sort.o
  CC      net/core/skbuff.o
  CC      lib/parser.o
  CC      mm/mincore.o
  CC      drivers/base/pinctrl.o
  CC      crypto/arc4.o
  CC      kernel/nsproxy.o
  CC      block/blk-softirq.o
  CC      lib/halfmd4.o
  LD      drivers/base/built-in.o
  CC      fs/seq_file.o
  CC      drivers/char/mem.o
  CC      lib/debug_locks.o
  CC      mm/mlock.o
  CC      lib/random32.o
  CC      crypto/crc32c_generic.o
  CC      block/blk-timeout.o
  CC      kernel/notifier.o
  CC      lib/bust_spinlocks.o
  CC      drivers/char/random.o
  CC      fs/xattr.o
  CC      crypto/rng.o
  CC      lib/hexdump.o
  CC      block/blk-iopoll.o
  CC      mm/mmap.o
  CC      kernel/ksysfs.o
  CC      lib/kasprintf.o
  CC      crypto/krng.o
  CC      lib/bitmap.o
  CC      kernel/cred.o
  CC      block/blk-lib.o
  CC      fs/libfs.o
  CC      crypto/ansi_cprng.o
  CC      net/core/iovec.o
  CC      lib/scatterlist.o
  CC      block/blk-mq.o
  CC      kernel/reboot.o
  CC      drivers/char/ttyprintk.o
  CC      mm/mprotect.o
  LD      crypto/crypto.o
  LD      crypto/built-in.o
  CC      lib/gcd.o
  DTC     arch/arm/boot/dts/bcm2835-rpi-b.dtb
  CC      net/core/datagram.o
  CC      block/blk-mq-tag.o
  CC      fs/fs-writeback.o
  CC      lib/lcm.o
  CC      drivers/char/misc.o
  CC      lib/list_sort.o
  CC      kernel/async.o
  CC      lib/uuid.o
  CC      mm/mremap.o
  LD      drivers/char/agp/built-in.o
  CC      drivers/char/hw_random/core.o
  CC      lib/flex_array.o
  CC      kernel/range.o
  CC      block/blk-mq-sysfs.o
  CC      kernel/groups.o
  CC      fs/pnode.o
  CC      lib/iovec.o
  CC      net/core/stream.o
  CC      lib/clz_ctz.o
  CC      drivers/char/hw_random/bcm2835-rng.o
  CC      mm/msync.o
  CC      lib/bsearch.o
  CC      lib/find_last_bit.o
  CC      fs/splice.o
  LD      drivers/char/hw_random/rng-core.o
  LD      drivers/char/hw_random/built-in.o
  LD      drivers/char/built-in.o
  CC      lib/find_next_bit.o
  CC      kernel/smpboot.o
  CC      block/blk-mq-cpu.o
  CC      drivers/clk/clk-devres.o
  CC      lib/llist.o
  CC      mm/rmap.o
  CC      lib/memweight.o
  CC      drivers/clk/clkdev.o
  CC      fs/sync.o
  CC      net/core/scm.o
  CC      kernel/debug/debug_core.o
  CC      lib/kfifo.o
  CC      block/blk-mq-cpumap.o
  CC      drivers/clk/clk.o
  CC      lib/percpu-refcount.o
  CC      block/ioctl.o
  CC      lib/percpu_ida.o
  CC      mm/vmalloc.o
  CC      fs/utimes.o
  CC      kernel/debug/gdbstub.o
  CC      fs/stack.o
  CC      net/core/gen_stats.o
  CC      fs/fs_struct.o
  CC      lib/hash.o
  CC      net/core/gen_estimator.o
  CC      block/genhd.o
  CC      lib/string_helpers.o
  CC      fs/statfs.o
  CC      net/core/net_namespace.o
  CC      drivers/clk/clk-divider.o
  CC      lib/kstrtox.o
  CC      kernel/debug/kdb/kdb_io.o
  CC      lib/test-kstrtox.o
  CC      drivers/clk/clk-fixed-factor.o
  CC      mm/pagewalk.o
  CC      fs/buffer.o
  CC      kernel/debug/kdb/kdb_main.o
  CC      kernel/debug/kdb/kdb_support.o
  CC      drivers/clk/clk-fixed-rate.o
  CC      net/core/secure_seq.o
  CC      lib/pci_iomap.o
  CC      block/scsi_ioctl.o
  CC      mm/pgtable-generic.o
  CC      net/core/flow_dissector.o
  CC      drivers/clk/clk-gate.o
  CC      lib/iomap_copy.o
  CC      lib/devres.o
  CC      kernel/debug/kdb/kdb_bt.o
  CC      drivers/clk/clk-mux.o
  CC      mm/process_vm_access.o
  CC      block/partition-generic.o
  CC      drivers/clk/clk-composite.o
  CC      block/ioprio.o
  CC      lib/hweight.o
  CC      net/core/sysctl_net_core.o
  CC      lib/bitrev.o
  CC      mm/init-mm.o
  GENKDB  kernel/debug/kdb/gen-kdb_cmds.c
  CC      kernel/debug/kdb/kdb_bp.o
  CC      drivers/clk/clk-fractional-divider.o
  CC      lib/crc16.o
  CC      mm/nobootmem.o
  CC      fs/block_dev.o
  HOSTCC  lib/gen_crc32table
  CC      drivers/clk/clk-bcm2835.o
  CC      kernel/debug/kdb/kdb_debugger.o
  CC      block/partitions/check.o
  CC      block/bsg.o
  CC      lib/fonts/fonts.o
  CC      net/core/dev.o
  LD      drivers/clk/built-in.o
  CC      drivers/clocksource/clksrc-of.o
  CC      lib/fonts/font_8x8.o
  CC      kernel/debug/kdb/gen-kdb_cmds.o
  CC      mm/memblock.o
  CC      lib/fonts/font_8x16.o
  LD      kernel/debug/kdb/built-in.o
  LD      kernel/debug/built-in.o
  CC      drivers/clocksource/mmio.o
  CC      kernel/events/core.o
  CC      block/partitions/msdos.o
  LD      lib/fonts/font.o
  LD      lib/fonts/built-in.o
  CC      lib/lzo/lzo1x_decompress_safe.o
  CC      drivers/clocksource/bcm2835_timer.o
  CC      block/noop-iosched.o
  CC      fs/direct-io.o
  LD      lib/lzo/lzo_decompress.o
  LD      lib/lzo/built-in.o
  CC      lib/xz/xz_dec_syms.o
  LD      drivers/clocksource/built-in.o
  LD      drivers/crypto/built-in.o
  LD      drivers/firewire/built-in.o
  CC      block/partitions/efi.o
  CC      lib/xz/xz_dec_stream.o
  CC      mm/page_io.o
  LD      drivers/firmware/built-in.o
  CC      drivers/gpio/devres.o
  CC      mm/swap_state.o
  CC      drivers/gpio/gpiolib.o
  CC      lib/xz/xz_dec_lzma2.o
  CC      kernel/events/ring_buffer.o
  CC      mm/swapfile.o
  LD      block/partitions/built-in.o
  CC      block/deadline-iosched.o
  CC      lib/xz/xz_dec_bcj.o
  CC      fs/mpage.o
  CC      mm/dmapool.o
  LD      lib/xz/xz_dec.o
  LD      lib/xz/built-in.o
  CC      lib/zlib_inflate/inffast.o
  CC      block/cfq-iosched.o
  CC      lib/zlib_inflate/inflate.o
  CC      drivers/gpio/gpiolib-of.o
  CC      net/core/ethtool.o
  CC      kernel/irq/irqdesc.o
  CC      fs/proc_namespace.o
  CC      lib/zlib_inflate/infutil.o
  CC      mm/ksm.o
  LD      drivers/gpio/built-in.o
  LD      drivers/gpu/drm/bridge/built-in.o
  LD      drivers/gpu/drm/i2c/built-in.o
  CC      lib/zlib_inflate/inftrees.o
  CC      kernel/irq/handle.o
  LD      drivers/gpu/drm/panel/built-in.o
  CC      kernel/events/callchain.o
  LD      drivers/gpu/drm/built-in.o
  LD      drivers/gpu/vga/built-in.o
  CC      fs/debugfs/inode.o
  LD      drivers/gpu/built-in.o
  CC      drivers/hid/hid-debug.o
  CC      lib/zlib_inflate/inflate_syms.o
  CC      kernel/irq/manage.o
  LD      lib/zlib_inflate/zlib_inflate.o
  LD      lib/zlib_inflate/built-in.o
  CC      lib/swiotlb.o
  CC      kernel/events/hw_breakpoint.o
  LD      block/built-in.o
  CC      fs/debugfs/file.o
  CC      kernel/irq/spurious.o
  CC      mm/slub.o
  CC      drivers/hid/hid-core.o
  CC      net/core/dev_addr_lists.o
  LD      kernel/events/built-in.o
  CC      fs/devpts/inode.o
  CC      kernel/irq/resend.o
  CC      net/core/dst.o
  LD      fs/debugfs/debugfs.o
  LD      fs/debugfs/built-in.o
  LD      drivers/hsi/clients/built-in.o
  LD      drivers/hsi/controllers/built-in.o
  CC      lib/iommu-helper.o
  LD      drivers/hsi/built-in.o
  CC      kernel/irq/chip.o
  CC      drivers/i2c/i2c-boardinfo.o
  CC      lib/syscall.o
  LD      fs/devpts/devpts.o
  LD      fs/devpts/built-in.o
  LD      fs/exofs/built-in.o
  CC      fs/exportfs/expfs.o
  CC      lib/dynamic_debug.o
  CC      drivers/i2c/i2c-core.o
  CC      lib/nlattr.o
  CC      net/core/netevent.o
  CC      kernel/irq/dummychip.o
  CC      drivers/hid/hid-input.o
  LD      fs/exportfs/exportfs.o
  LD      fs/exportfs/built-in.o
  CC      fs/ext2/balloc.o
  CC      kernel/irq/devres.o
  CC      kernel/irq/autoprobe.o
  CC      net/core/neighbour.o
  CC      drivers/hid/hid-generic.o
  CC      lib/average.o
  CC      lib/dynamic_queue_limits.o
  CC      drivers/hid/usbhid/hid-core.o
  CC      mm/migrate.o
  CC      kernel/irq/irqdomain.o
  CC      fs/ext2/dir.o
  CC      lib/strncpy_from_user.o
  CC      drivers/i2c/i2c-dev.o
  CC      lib/strnlen_user.o
  CC      kernel/irq/proc.o
  CC      net/ethernet/eth.o
  CC      fs/ext2/file.o
  CC      lib/net_utils.o
  LD      kernel/irq/built-in.o
  CC      kernel/locking/mutex.o
  CC      drivers/hid/usbhid/hid-quirks.o
  CC      fs/ext2/ialloc.o
  CC      mm/cleancache.o
  CC      lib/argv_split.o
  LD      drivers/i2c/algos/built-in.o
  CC      drivers/i2c/busses/i2c-bcm2835.o
  LD      net/ethernet/built-in.o
  CC      lib/bug.o
  CC      fs/ext3/balloc.o
  LD      drivers/hid/usbhid/usbhid.o
  LD      drivers/hid/usbhid/built-in.o
  CC      kernel/locking/semaphore.o
  LD      drivers/hid/hid.o
  CC      net/core/rtnetlink.o
  LD      drivers/hid/built-in.o
  CC      fs/ext4/balloc.o
  LD      mm/built-in.o
  LD      drivers/i2c/busses/built-in.o
  CC      fs/ext2/inode.o
  LD      drivers/i2c/muxes/built-in.o
  LD      drivers/i2c/built-in.o
  CC      lib/cmdline.o
  LD      drivers/idle/built-in.o
  CC      drivers/input/input.o
  CC      drivers/input/serio/serio.o
  CC      lib/ctype.o
  CC      lib/dec_and_lock.o
  CC      kernel/locking/rwsem.o
  CC      lib/decompress.o
  CC      lib/decompress_bunzip2.o
  CC      kernel/locking/mcs_spinlock.o
  CC      fs/ext3/bitmap.o
  CC      drivers/input/serio/serport.o
  CC      kernel/locking/rtmutex.o
  CC      fs/ext2/ioctl.o
  CC      lib/decompress_inflate.o
  CC      fs/ext4/bitmap.o
  CC      fs/ext3/dir.o
  CC      drivers/input/serio/libps2.o
  CC      fs/ext2/namei.o
  CC      drivers/input/input-compat.o
  CC      lib/decompress_unlzma.o
  CC      kernel/locking/rwsem-xadd.o
  CC      net/core/utils.o
  CC      fs/ext4/dir.o
  CC      drivers/input/input-mt.o
  LD      drivers/input/serio/built-in.o
  CC      fs/ext2/super.o
  LD      kernel/locking/built-in.o
  CC      fs/ext3/file.o
  CC      drivers/irqchip/irqchip.o
  CC      kernel/power/qos.o
  CC      lib/decompress_unlzo.o
  CC      drivers/irqchip/irq-bcm2835.o
  CC      drivers/input/ff-core.o
  CC      net/core/link_watch.o
  CC      lib/decompress_unxz.o
  CC      fs/ext3/fsync.o
  CC      fs/ext4/file.o
  CC      kernel/power/process.o
  LD      drivers/irqchip/built-in.o
  CC      kernel/printk/printk.o
  CC      lib/dump_stack.o
  CC      drivers/input/mousedev.o
  CC      fs/ext2/symlink.o
  CC      lib/earlycpio.o
  CC      fs/ext3/ialloc.o
  CC      fs/ext2/xattr.o
  CC      net/core/filter.o
  CC      lib/extable.o
  CC      fs/ext4/fsync.o
  CC      kernel/power/poweroff.o
  CC      lib/fdt.o
  LD      kernel/power/built-in.o
  CC      fs/ext4/ialloc.o
  CC      drivers/input/evdev.o
  CC      lib/fdt_empty_tree.o
  CC      fs/ext3/inode.o
  CC      lib/fdt_ro.o
  CC      drivers/input/keyboard/atkbd.o
  CC      fs/ext2/xattr_user.o
  CC      lib/fdt_rw.o
  CC      fs/ext2/xattr_trusted.o
  LD      kernel/printk/built-in.o
  CC      kernel/rcu/update.o
  CC      lib/fdt_strerror.o
  CC      kernel/rcu/srcu.o
  CC      lib/fdt_sw.o
  CC      fs/ext2/acl.o
  CC      lib/fdt_wip.o
  LD      drivers/input/keyboard/built-in.o
  CC      fs/ext4/inode.o
  CC      net/core/sock_diag.o
  CC      drivers/input/mouse/psmouse-base.o
  CC      kernel/rcu/tiny.o
  LD      net/ieee802154/built-in.o
  CC      lib/flex_proportions.o
  CC      lib/idr.o
  LD      fs/ext2/ext2.o
  LD      fs/ext2/built-in.o
  CC      fs/ext4/page-io.o
  CC      kernel/sched/core.o
  CC      fs/ext3/ioctl.o
  CC      lib/int_sqrt.o
  LD      kernel/rcu/built-in.o
  CC      fs/ext4/ioctl.o
  CC      lib/ioremap.o
  CC      net/core/dev_ioctl.o
  CC      drivers/input/mouse/synaptics.o
  CC      lib/irq_regs.o
  CC      fs/ext3/namei.o
  CC      drivers/input/mouse/alps.o
  CC      lib/is_single_threaded.o
  CC      fs/ext4/namei.o
  CC      lib/klist.o
  CC      net/core/tso.o
  CC      drivers/input/mouse/logips2pp.o
  CC      lib/kobject.o
  CC      lib/kobject_uevent.o
  CC      drivers/input/mouse/trackpoint.o
  CC      net/core/flow.o
  CC      fs/ext3/super.o
  CC      drivers/input/mouse/cypress_ps2.o
  CC      net/core/net-sysfs.o
  CC      fs/ext4/super.o
  CC      lib/md5.o
  LD      drivers/input/mouse/psmouse.o
  CC      kernel/sched/proc.o
  LD      drivers/input/mouse/built-in.o
  CC      fs/fat/cache.o
  LD      drivers/input/input-core.o
  LD      drivers/input/built-in.o
  LD      drivers/leds/built-in.o
  LD      drivers/lguest/built-in.o
  LD      drivers/macintosh/built-in.o
  CC      fs/ext4/symlink.o
  CC      lib/plist.o
  LD      drivers/media/common/b2c2/built-in.o
  LD      drivers/media/common/saa7146/built-in.o
  LD      drivers/media/common/siano/built-in.o
  LD      drivers/media/common/built-in.o
  LD      drivers/media/firewire/built-in.o
  CC      lib/prio_heap.o
  CC      kernel/sched/clock.o
  LD      drivers/media/i2c/soc_camera/built-in.o
  LD      drivers/media/i2c/built-in.o
  CC      fs/fat/dir.o
  LD      drivers/media/mmc/siano/built-in.o
  LD      drivers/media/mmc/built-in.o
  LD      drivers/media/parport/built-in.o
  LD      drivers/media/pci/b2c2/built-in.o
  CC      net/core/net-procfs.o
  CC      kernel/sched/cputime.o
  CC      lib/proportions.o
  LD      drivers/media/pci/ddbridge/built-in.o
  LD      drivers/media/pci/dm1105/built-in.o
  CC      fs/ext3/symlink.o
  LD      drivers/media/pci/mantis/built-in.o
  LD      drivers/media/pci/ngene/built-in.o
  LD      drivers/media/pci/pluto2/built-in.o
  LD      drivers/media/pci/pt1/built-in.o
  CC      lib/radix-tree.o
  LD      drivers/media/pci/saa7146/built-in.o
  LD      drivers/media/pci/ttpci/built-in.o
  LD      drivers/media/pci/built-in.o
  CC      kernel/sched/idle_task.o
  LD      drivers/media/rc/keymaps/built-in.o
  LD      drivers/media/platform/davinci/built-in.o
  LD      drivers/media/rc/built-in.o
  LD      drivers/media/platform/built-in.o
  LD      drivers/media/tuners/built-in.o
  LD      drivers/media/usb/b2c2/built-in.o
  CC      net/core/net-traces.o
  CC      fs/ext4/hash.o
  LD      drivers/media/usb/dvb-usb/built-in.o
  LD      drivers/media/usb/dvb-usb-v2/built-in.o
  LD      drivers/media/usb/s2255/built-in.o
  LD      drivers/media/usb/siano/built-in.o
  CC      kernel/sched/fair.o
  LD      drivers/media/usb/stkwebcam/built-in.o
  CC      fs/fat/fatent.o
  LD      drivers/media/usb/ttusb-budget/built-in.o
  LD      drivers/media/usb/ttusb-dec/built-in.o
  CC      lib/ratelimit.o
  LD      drivers/media/usb/zr364xx/built-in.o
  LD      drivers/media/usb/built-in.o
  CC      fs/ext3/hash.o
  LD      drivers/media/built-in.o
  CC      lib/rbtree.o
  LD      drivers/mfd/built-in.o
  LD      drivers/misc/carma/built-in.o
  CC      fs/jbd/transaction.o
  LD      drivers/misc/cb710/built-in.o
  LD      drivers/misc/eeprom/built-in.o
  LD      drivers/misc/lis3lv02d/built-in.o
  LD      drivers/misc/mic/built-in.o
  LD      drivers/misc/ti-st/built-in.o
  CC      lib/reciprocal_div.o
  LD      drivers/misc/built-in.o
  CC      drivers/mmc/card/block.o
  CC      lib/sha1.o
  CC      fs/ext3/resize.o
  CC      fs/fat/file.o
  LD      net/core/built-in.o
  CC      lib/show_mem.o
  CC      net/ipv4/route.o
  CC      kernel/sched/rt.o
  CC      fs/jbd/commit.o
  CC      lib/string.o
  CC      fs/fat/inode.o
  CC      fs/ext3/ext3_jbd.o
  CC      lib/timerqueue.o
  CC      lib/vsprintf.o
  CC      kernel/sched/deadline.o
  CC      drivers/mmc/card/queue.o
  CC      fs/ext3/xattr.o
  CC      fs/jbd/recovery.o
  CC      kernel/sched/stop_task.o
  CC      fs/fat/misc.o
  CC      fs/jbd/checkpoint.o
  LD      drivers/mmc/card/mmc_block.o
  LD      drivers/mmc/card/built-in.o
  CC      net/ipv4/inetpeer.o
  CC      drivers/mmc/core/core.o
  CC      kernel/sched/wait.o
  CC      fs/ext3/xattr_user.o
  CC      fs/fat/nfs.o
  GEN     lib/crc32table.h
  AR      lib/lib.a
  CC      lib/crc32.o
  CC      kernel/sched/completion.o
  CC      fs/jbd/revoke.o
  CC      fs/ext3/xattr_trusted.o
  CC      fs/ext4/resize.o
  CC      net/ipv4/protocol.o
  CC      fs/fat/namei_msdos.o
  CC      kernel/sched/idle.o
  CC      fs/ext3/acl.o
  LD      lib/built-in.o
  CC      fs/jbd/journal.o
  CC      drivers/mmc/core/bus.o
  CC      net/ipv4/ip_input.o
  CC      fs/fat/namei_vfat.o
  CC      kernel/sched/auto_group.o
  CC      drivers/mmc/host/sdhci.o
  CC      drivers/mmc/core/host.o
  LD      fs/ext3/ext3.o
  LD      fs/ext3/built-in.o
  CC      kernel/sched/debug.o
  CC      kernel/sched/cpuacct.o
  CC      net/ipv4/ip_fragment.o
  CC      fs/ext4/extents.o
  CC      drivers/mmc/core/mmc.o
  LD      fs/fat/fat.o
  LD      fs/fat/vfat.o
  LD      fs/fat/msdos.o
  LD      fs/fat/built-in.o
  CC      fs/jbd2/transaction.o
  CC      kernel/time/timekeeping.o
  LD      kernel/sched/built-in.o
  LD      fs/jbd/jbd.o
  CC      net/ipv4/ip_forward.o
  LD      fs/jbd/built-in.o
  CC      drivers/mmc/host/sdhci-pltfm.o
  CC      drivers/mmc/host/sdhci-bcm2835.o
  CC      drivers/mmc/core/mmc_ops.o
  CC      net/ipv4/ip_options.o
  CC      drivers/mmc/host/bcm2835-mmc.o
  CC      kernel/time/ntp.o
  CC      kernel/time/clocksource.o
  CC      kernel/trace/trace_clock.o
  CC      fs/jbd2/commit.o
  CC      kernel/trace/ftrace.o
  CC      drivers/mmc/core/sd.o
  CC      drivers/net/mii.o
  CC      kernel/time/jiffies.o
  CC      net/ipv4/ip_output.o
  CC      kernel/time/timer_list.o
  LD      drivers/mmc/host/built-in.o
  CC      fs/jbd2/recovery.o
  CC      net/ipv4/ip_sockglue.o
  CC      drivers/mmc/core/sd_ops.o
  CC      fs/ext4/ext4_jbd2.o
  CC      drivers/net/Space.o
  CC      kernel/time/timeconv.o
  CC      drivers/mmc/core/sdio.o
  CC      kernel/time/posix-clock.o
  CC      fs/jbd2/checkpoint.o
  CC      fs/ext4/migrate.o
  CC      drivers/net/loopback.o
  CC      kernel/trace/ring_buffer.o
  CC      drivers/mmc/core/sdio_ops.o
  CC      net/ipv4/inet_hashtables.o
  CC      kernel/time/alarmtimer.o
  CC      net/ipv4/inet_timewait_sock.o
  CC      fs/jbd2/revoke.o
  CC      fs/ext4/mballoc.o
  LD      drivers/net/ethernet/8390/built-in.o
  CC      drivers/mmc/core/sdio_bus.o
  LD      drivers/net/ethernet/arc/built-in.o
  LD      drivers/net/ethernet/broadcom/built-in.o
  LD      drivers/net/ethernet/cadence/built-in.o
  LD      drivers/net/ethernet/cirrus/built-in.o
  LD      drivers/net/ethernet/faraday/built-in.o
  CC      kernel/time/clockevents.o
  LD      drivers/net/ethernet/hisilicon/built-in.o
  LD      drivers/net/ethernet/i825xx/built-in.o
  LD      drivers/net/ethernet/intel/built-in.o
  LD      drivers/net/ethernet/marvell/built-in.o
  CC      drivers/mmc/core/sdio_cis.o
  LD      drivers/net/ethernet/micrel/built-in.o
  LD      drivers/net/ethernet/microchip/built-in.o
  LD      drivers/net/ethernet/natsemi/built-in.o
  LD      drivers/net/ethernet/samsung/built-in.o
  LD      drivers/net/ethernet/seeq/built-in.o
  LD      drivers/net/ethernet/smsc/built-in.o
  LD      drivers/net/ethernet/stmicro/built-in.o
  CC      fs/jbd2/journal.o
  CC      net/ipv4/inet_connection_sock.o
  CC      kernel/time/tick-common.o
  LD      drivers/net/ethernet/via/built-in.o
  LD      drivers/net/ethernet/wiznet/built-in.o
  CC      net/ipv4/tcp.o
  LD      drivers/net/ethernet/built-in.o
  CC      drivers/mmc/core/sdio_io.o
  CC      kernel/trace/trace.o
  CC      drivers/net/phy/phy.o
  CC      kernel/time/sched_clock.o
  CC      drivers/mmc/core/sdio_irq.o
  CC      kernel/time/tick-oneshot.o
  CC      drivers/mmc/core/quirks.o
  CC      drivers/net/phy/phy_device.o
  CC      kernel/time/tick-sched.o
  CC      drivers/net/usb/asix_devices.o
  CC      drivers/mmc/core/slot-gpio.o
  CC      drivers/mmc/core/debugfs.o
  CC      fs/ext4/block_validity.o
  CC      kernel/time/timekeeping_debug.o
  LD      fs/jbd2/jbd2.o
  LD      fs/jbd2/built-in.o
  CC      net/ipv4/tcp_input.o
  CC      net/ipv4/tcp_output.o
  CC      drivers/net/phy/mdio_bus.o
  CC      drivers/net/usb/asix_common.o
  LD      kernel/time/built-in.o
  CC      kernel/freezer.o
  LD      drivers/mmc/core/mmc_core.o
  CC      kernel/trace/trace_output.o
  LD      drivers/mmc/core/built-in.o
  LD      drivers/mmc/built-in.o
  CC      net/ipv6/af_inet6.o
  CC      fs/ext4/move_extent.o
  CC      net/ipv6/anycast.o
  LD      drivers/net/phy/libphy.o
  LD      drivers/net/phy/built-in.o
  CC      fs/ext4/mmp.o
  CC      drivers/net/usb/ax88172a.o
  CC      kernel/trace/trace_stat.o
  CC      net/ipv6/ip6_output.o
  CC      kernel/profile.o
  CC      fs/ext4/indirect.o
  CC      kernel/stacktrace.o
  CC      drivers/net/usb/ax88179_178a.o
  CC      net/ipv4/tcp_timer.o
  CC      drivers/net/wireless/zd1211rw/zd_chip.o
  CC      kernel/trace/trace_printk.o
  CC      kernel/trace/trace_sched_switch.o
  LD      drivers/nfc/built-in.o
  CC      kernel/futex.o
  CC      kernel/trace/trace_functions.o
  CC      fs/ext4/extents_status.o
  CC      net/ipv4/tcp_ipv4.o
  CC      drivers/net/usb/cdc_ether.o
  CC      fs/kernfs/mount.o
  CC      drivers/net/wireless/zd1211rw/zd_mac.o
  CC      net/ipv6/ip6_input.o
  CC      kernel/trace/trace_sched_wakeup.o
  CC      fs/kernfs/inode.o
  CC      drivers/net/usb/smsc95xx.o
  CC      fs/ext4/xattr.o
  CC      net/ipv6/addrconf.o
  CC      fs/kernfs/dir.o
  CC      kernel/trace/trace_nop.o
  CC      net/ipv6/addrlabel.o
  CC      drivers/net/wireless/zd1211rw/zd_rf_al2230.o
  CC      net/ipv4/tcp_minisocks.o
  CC      kernel/trace/trace_stack.o
  CC      fs/kernfs/file.o
  CC      drivers/net/wireless/zd1211rw/zd_rf_rf2959.o
  CC      fs/ext4/xattr_user.o
  CC      net/ipv6/route.o
  CC      drivers/net/usb/net1080.o
  CC      kernel/trace/trace_functions_graph.o
  CC      net/ipv4/tcp_cong.o
  CC      fs/kernfs/symlink.o
  CC      drivers/net/wireless/zd1211rw/zd_rf_al7230b.o
  CC      fs/ext4/xattr_trusted.o
  CC      drivers/net/usb/cdc_subset.o
  LD      fs/kernfs/built-in.o
  CC      fs/lockd/clntlock.o
  CC      kernel/trace/blktrace.o
  CC      fs/ext4/inline.o
  CC      net/ipv4/tcp_metrics.o
  CC      drivers/net/wireless/zd1211rw/zd_rf_uw2453.o
  CC      drivers/net/usb/zaurus.o
  CC      fs/ext4/acl.o
  CC      kernel/trace/trace_events.o
  CC      fs/lockd/clntproc.o
  CC      net/ipv6/ip6_fib.o
  CC      drivers/net/wireless/zd1211rw/zd_rf.o
  CC      drivers/net/usb/usbnet.o
  CC      fs/nfs/client.o
  LD      fs/ext4/ext4.o
  LD      fs/ext4/built-in.o
  CC      drivers/net/usb/cdc_ncm.o
  CC      net/ipv4/tcp_fastopen.o
  CC      kernel/trace/trace_export.o
  CC      drivers/net/wireless/zd1211rw/zd_usb.o
  CC      fs/lockd/clntxdr.o
  CC      net/ipv6/ipv6_sockglue.o
  CC      kernel/trace/trace_event_perf.o
  CC      net/ipv4/tcp_offload.o
  CC      fs/nfs/dir.o
  CC      net/ipv4/datagram.o
  CC      fs/lockd/host.o
  LD      drivers/net/usb/asix.o
  LD      drivers/net/usb/built-in.o
  CC      net/ipv6/ndisc.o
  CC      kernel/trace/trace_events_filter.o
  LD      drivers/net/wireless/zd1211rw/zd1211rw.o
  LD      drivers/net/wireless/zd1211rw/built-in.o
  LD      drivers/net/wireless/built-in.o
  LD      drivers/net/built-in.o
  CC      net/ipv4/raw.o
  CC      net/mac80211/main.o
  CC      drivers/of/base.o
  CC      drivers/pinctrl/core.o
  CC      fs/lockd/svc.o
  CC      kernel/trace/trace_events_trigger.o
  CC      fs/nfs/file.o
  CC      net/ipv6/udp.o
  CC      drivers/pinctrl/pinctrl-utils.o
  CC      drivers/of/device.o
  CC      net/ipv4/udp.o
  CC      fs/lockd/svclock.o
  CC      drivers/pinctrl/pinmux.o
  CC      drivers/of/platform.o
  CC      net/mac80211/status.o
  CC      kernel/trace/power-traces.o
  CC      drivers/pinctrl/pinconf.o
  CC      drivers/of/fdt.o
  CC      fs/nfs/getroot.o
  CC      fs/lockd/svcshare.o
  CC      drivers/pinctrl/devicetree.o
  CC      net/mac80211/sta_info.o
  CC      net/ipv6/udplite.o
  CC      drivers/pinctrl/pinctrl-bcm2835.o
  CC      fs/nfs/inode.o
  CC      kernel/trace/trace_kdb.o
  CC      drivers/of/fdt_address.o
  CC      fs/lockd/svcproc.o
  CC      drivers/of/address.o
  CC      net/ipv4/udplite.o
  CC      net/ipv6/raw.o
  LD      kernel/trace/libftrace.o
  LD      kernel/trace/built-in.o
  CC      kernel/up.o
  LD      drivers/pinctrl/built-in.o
  LD      drivers/platform/built-in.o
  LD      drivers/pwm/built-in.o
  CC      drivers/rtc/rtc-lib.o
  CC      kernel/uid16.o
  CC      drivers/of/irq.o
  LD      drivers/rtc/built-in.o
  CC      drivers/scsi/scsi.o
  CC      fs/lockd/svcsubs.o
  CC      net/ipv4/udp_offload.o
  CC      drivers/of/of_net.o
  CC      kernel/kallsyms.o
  CC      net/mac80211/wep.o
  CC      fs/nfs/super.o
  CC      net/ipv6/icmp.o
  CC      net/ipv4/arp.o
  CC      kernel/acct.o
  CC      drivers/of/of_mdio.o
  CC      fs/lockd/mon.o
  CC      drivers/scsi/hosts.o
  CC      net/mac80211/wpa.o
  CC      drivers/of/of_reserved_mem.o
  CC      kernel/kexec.o
  CC      net/ipv6/mcast.o
  CC      fs/lockd/xdr.o
  CC      drivers/scsi/scsi_ioctl.o
  CC      fs/nfs/direct.o
  LD      drivers/of/built-in.o
  CC      net/ipv4/icmp.o
  CC      net/mac80211/scan.o
  LD      fs/nfs_common/built-in.o
  CC      fs/nfsd/nfssvc.o
  CC      drivers/scsi/constants.o
  CC      fs/lockd/grace.o
  CC      kernel/cgroup.o
  CC      fs/nfsd/nfsctl.o
  CC      fs/nfs/pagelist.o
  CC      net/ipv4/devinet.o
  CC      drivers/scsi/scsicam.o
  CC      fs/lockd/clnt4xdr.o
  CC      net/mac80211/offchannel.o
  CC      drivers/scsi/scsi_error.o
  CC      net/ipv6/reassembly.o
  CC      fs/nfsd/nfsproc.o
  CC      fs/lockd/xdr4.o
  CC      fs/nfs/read.o
  CC      net/mac80211/ht.o
  CC      fs/nfsd/nfsfh.o
  CC      net/ipv4/af_inet.o
  CC      net/ipv6/tcp_ipv6.o
  CC      drivers/scsi/scsi_lib.o
  CC      fs/lockd/svc4proc.o
  CC      fs/nfs/symlink.o
  CC      kernel/cgroup_freezer.o
  CC      fs/nfsd/vfs.o
  CC      net/mac80211/agg-tx.o
  CC      kernel/cpuset.o
  CC      fs/nfs/unlink.o
  LD      fs/lockd/lockd.o
  LD      fs/lockd/built-in.o
  CC      net/ipv4/igmp.o
  CC      net/netfilter/core.o
  CC      fs/nfsd/export.o
  CC      drivers/scsi/scsi_lib_dma.o
  CC      net/ipv6/ping.o
  CC      net/mac80211/agg-rx.o
  CC      kernel/utsname.o
  CC      net/netfilter/nf_log.o
  CC      drivers/scsi/scsi_scan.o
  CC      fs/nfs/write.o
  CC      kernel/pid_namespace.o
  CC      net/ipv6/exthdrs.o
  CC      net/ipv4/fib_frontend.o
  CC      fs/nfsd/auth.o
  CC      net/mac80211/vht.o
  CC      net/netfilter/nf_queue.o
  GZIP    kernel/config_data.gz
  CC      kernel/res_counter.o
  CC      fs/nfsd/lockd.o
  CC      drivers/scsi/scsi_sysfs.o
  CC      net/ipv6/datagram.o
  CC      kernel/hung_task.o
  CC      fs/nfsd/nfscache.o
  CC      net/mac80211/ibss.o
  CC      net/netfilter/nf_sockopt.o
  CC      net/ipv4/fib_semantics.o
  CC      fs/nfs/namespace.o
  CC      kernel/watchdog.o
  CC      drivers/scsi/scsi_devinfo.o
  LD      net/netfilter/netfilter.o
  LD      net/netfilter/built-in.o
  CC      kernel/seccomp.o
  CC      fs/nfs/mount_clnt.o
  CC      net/ipv6/ip6_flowlabel.o
  CC      fs/nfsd/nfsxdr.o
  CC      net/ipv6/inet6_connection_sock.o
  CC      net/ipv4/fib_trie.o
  CC      kernel/relay.o
  CC      drivers/scsi/scsi_sysctl.o
  CC      net/mac80211/iface.o
  CC      fs/nfsd/stats.o
  CC      fs/nfs/nfstrace.o
  CC      net/ipv6/sysctl_net_ipv6.o
  CC      drivers/scsi/scsi_proc.o
  CC      net/ipv6/xfrm6_policy.o
  CC      kernel/utsname_sysctl.o
  LD      fs/nfsd/nfsd.o
  LD      fs/nfsd/built-in.o
  CC      net/netlink/af_netlink.o
  CC      kernel/tracepoint.o
  CC      drivers/scsi/scsi_trace.o
  CC      net/ipv6/xfrm6_state.o
  CC      net/mac80211/rate.o
  CC      net/ipv4/inet_fragment.o
  CC      kernel/elfcore.o
  CC      drivers/scsi/sd.o
  CC      fs/nfs/sysctl.o
  CC      kernel/irq_work.o
  CC      net/ipv6/xfrm6_input.o
  CC      net/ipv6/xfrm6_output.o
  CC      net/ipv4/ping.o
  CC      kernel/crash_dump.o
  CC      net/mac80211/michael.o
  CC      fs/nfs/nfs2super.o
  CC      kernel/jump_label.o
  CC      net/netlink/genetlink.o
  CC      net/ipv6/xfrm6_protocol.o
  CC      fs/nls/nls_base.o
  CC      net/mac80211/tkip.o
  BC      kernel/timeconst.h
  CHK     kernel/config_data.h
  UPD     kernel/config_data.h
  CC      kernel/time.o
  CC      fs/nls/nls_cp437.o
  CC      net/ipv4/ip_tunnel_core.o
  CC      fs/nfs/proc.o
  CC      fs/nls/nls_ascii.o
  LD      drivers/scsi/arm/built-in.o
  CC      net/ipv6/netfilter.o
  LD      drivers/scsi/sd_mod.o
  LD      drivers/scsi/scsi_mod.o
  LD      drivers/scsi/built-in.o
  LD      drivers/soc/built-in.o
  CC      fs/nls/nls_iso8859-1.o
  CC      drivers/spi/spi.o
  LD      net/netlink/built-in.o
  CC      kernel/configs.o
  CC      net/packet/af_packet.o
  CC      net/mac80211/aes_ccm.o
  CC      fs/nls/nls_utf8.o
  LD      kernel/built-in.o
  LD      fs/nls/built-in.o
  CC      net/ipv4/gre_offload.o
  CC      fs/notify/fsnotify.o
  CC      net/ipv6/proc.o
  CC      fs/nfs/nfs2xdr.o
  CC      fs/nfs/nfs3super.o
  CC      net/mac80211/aes_cmac.o
  CC      fs/notify/notification.o
  CC      net/ipv4/ip_tunnel.o
  CC      net/mac80211/cfg.o
  CC      net/ipv6/xfrm6_mode_transport.o
  CC      fs/notify/group.o
  CC      drivers/spi/spi-bcm2835.o
  CC      fs/nfs/nfs3client.o
  CC      fs/notify/inode_mark.o
  CC      fs/notify/mark.o
  CC      fs/proc/task_mmu.o
  LD      drivers/spi/built-in.o
  CC      drivers/staging/staging.o
  LD      net/packet/built-in.o
  CC      net/ipv6/xfrm6_mode_tunnel.o
  CC      net/ipv6/xfrm6_mode_beet.o
  CC      fs/nfs/nfs3proc.o
  LD      drivers/staging/media/built-in.o
  LD      drivers/staging/built-in.o
  CC      net/ipv4/sysctl_net_ipv4.o
  CC      drivers/tty/tty_io.o
  CC      fs/notify/vfsmount_mark.o
  CC      fs/proc/inode.o
  CC      fs/notify/fdinfo.o
  CC      net/ipv4/proc.o
  LD      net/ipv6/netfilter/built-in.o
  CC      net/ipv6/sit.o
  CC      net/ipv4/xfrm4_mode_beet.o
  CC      fs/nfs/nfs3xdr.o
  CC      fs/notify/dnotify/dnotify.o
  CC      fs/proc/root.o
  CC      net/mac80211/rx.o
  LD      fs/notify/dnotify/built-in.o
  CC      fs/notify/fanotify/fanotify.o
  CC      drivers/tty/n_tty.o
  CC      fs/proc/base.o
  CC      drivers/tty/tty_ioctl.o
  CC      net/ipv4/inet_lro.o
  CC      fs/notify/fanotify/fanotify_user.o
  CC      net/ipv6/addrconf_core.o
  LD      fs/nfs/nfs.o
  LD      fs/nfs/nfsv2.o
  LD      fs/nfs/nfsv3.o
  LD      fs/nfs/built-in.o
  CC      net/ipv6/exthdrs_core.o
  CC      net/ipv6/ip6_checksum.o
  CC      net/ipv4/tunnel4.o
  LD      fs/notify/fanotify/built-in.o
  CC      fs/notify/inotify/inotify_fsnotify.o
  CC      fs/notify/inotify/inotify_user.o
  CC      fs/proc/generic.o
  CC      drivers/tty/tty_ldisc.o
  CC      net/ipv6/ip6_icmp.o
  CC      net/ipv6/output_core.o
  LD      fs/quota/built-in.o
  CC      fs/ramfs/inode.o
  CC      net/ipv4/xfrm4_mode_transport.o
  CC      net/mac80211/spectmgmt.o
  CC      fs/proc/array.o
  LD      fs/notify/inotify/built-in.o
  LD      fs/notify/built-in.o
  CC      fs/proc/fd.o
  CC      drivers/tty/tty_buffer.o
  CC      fs/ramfs/file-mmu.o
  CC      net/sched/sch_generic.o
  CC      net/ipv6/protocol.o
  CC      net/ipv4/xfrm4_mode_tunnel.o
  CC      fs/proc/proc_tty.o
  CC      drivers/tty/tty_port.o
  CC      fs/proc/cmdline.o
  CC      net/mac80211/tx.o
  LD      fs/ramfs/ramfs.o
  LD      fs/ramfs/built-in.o
  CC      net/ipv4/netfilter.o
  CC      fs/sysfs/file.o
  CC      fs/proc/consoles.o
  CC      net/ipv6/ip6_offload.o
  CC      drivers/tty/tty_mutex.o
  CC      fs/proc/cpuinfo.o
  CC      net/ipv6/tcpv6_offload.o
  CC      fs/sysfs/dir.o
  CC      net/sched/sch_mq.o
  LD      net/ipv4/netfilter/built-in.o
  CC      net/ipv4/inet_diag.o
  CC      drivers/tty/tty_ldsem.o
  CC      fs/proc/devices.o
  CC      fs/sysfs/symlink.o
  CC      fs/proc/interrupts.o
  CC      fs/sysfs/mount.o
  CC      fs/sysfs/group.o
  CC      drivers/tty/pty.o
  CC      net/ipv6/udp_offload.o
  LD      net/sched/built-in.o
  CC      net/ipv4/tcp_diag.o
  CC      fs/proc/loadavg.o
  CC      net/ipv4/tcp_cubic.o
  LD      fs/sysfs/built-in.o
  CC      fs/eventpoll.o
  CC      net/mac80211/key.o
  CC      fs/proc/meminfo.o
  CC      net/ipv4/xfrm4_policy.o
  CC      drivers/tty/sysrq.o
  CC      net/ipv6/exthdrs_offload.o
  LD      drivers/tty/ipwireless/built-in.o
  CC      drivers/tty/serial/serial_core.o
  CC      fs/proc/stat.o
  CC      drivers/tty/serial/earlycon.o
  CC      net/sunrpc/clnt.o
  CC      fs/proc/uptime.o
  CC      drivers/tty/vt/vt_ioctl.o
  CC      net/ipv6/inet6_hashtables.o
  CC      net/ipv4/xfrm4_state.o
  CC      net/sunrpc/xprt.o
  CC      net/mac80211/util.o
  CC      fs/proc/version.o
  CC      fs/proc/softirqs.o
  CC      drivers/tty/serial/amba-pl011.o
  CC      net/ipv4/xfrm4_input.o
  LD      net/ipv6/ipv6.o
  CC      drivers/tty/vt/vc_screen.o
  LD      net/ipv6/built-in.o
  CC      fs/proc/namespaces.o
  CC      fs/proc/self.o
  CC      net/unix/af_unix.o
  CC      net/sunrpc/socklib.o
  CC      net/mac80211/wme.o
  CC      net/ipv4/xfrm4_output.o
  CC      drivers/tty/vt/selection.o
  CC      fs/proc/proc_sysctl.o
  CC      drivers/tty/serial/kgdboc.o
  CC      net/sunrpc/xprtsock.o
  CC      drivers/tty/vt/keyboard.o
  LD      drivers/tty/serial/built-in.o
  CC      drivers/usb/common/usb-common.o
  CC      net/ipv4/xfrm4_protocol.o
  CC      fs/proc/proc_net.o
  CC      net/mac80211/event.o
  CC      net/mac80211/chan.o
  LD      drivers/usb/common/built-in.o
  CC      drivers/usb/core/usb.o
  CC      net/unix/garbage.o
  CC      fs/proc/vmcore.o
  LD      net/ipv4/built-in.o
  CC      fs/proc/kmsg.o
  CC      drivers/usb/core/hub.o
  CC      net/mac80211/trace.o
  CC      fs/proc/page.o
  CC      net/sunrpc/sched.o
  CC      drivers/tty/vt/consolemap.o
  CC      net/unix/sysctl_net_unix.o
  CONMK   drivers/tty/vt/consolemap_deftbl.c
  CC      drivers/tty/vt/vt.o
  SHIPPED drivers/tty/vt/defkeymap.c
  LD      drivers/video/backlight/built-in.o
  CC      drivers/video/console/dummycon.o
  LD      fs/proc/proc.o
  CC      drivers/video/console/fbcon.o
  LD      fs/proc/built-in.o
  CC      fs/anon_inodes.o
  LD      net/unix/unix.o
  LD      net/unix/built-in.o
  CC      net/mac80211/mlme.o
  CC      drivers/usb/dwc2/core.o
  CC      fs/signalfd.o
  CC      net/sunrpc/auth.o
  CC      fs/timerfd.o
  CC      drivers/usb/core/hcd.o
  CC      drivers/tty/vt/consolemap_deftbl.o
  CC      drivers/tty/vt/defkeymap.o
  CC      drivers/usb/dwc2/core_intr.o
  CC      fs/eventfd.o
  CC      net/sunrpc/auth_null.o
  LD      drivers/tty/vt/built-in.o
  LD      drivers/tty/built-in.o
  CC      drivers/video/console/bitblit.o
  CC      drivers/video/console/softcursor.o
  CC      drivers/usb/core/urb.o
  CC      fs/aio.o
  CC      drivers/usb/dwc2/hcd.o
  LD      drivers/usb/misc/built-in.o
  CC      drivers/usb/phy/of.o
  LD      drivers/video/console/built-in.o
  CC      drivers/usb/core/message.o
  CC      net/sunrpc/auth_unix.o
  CC      drivers/video/fbdev/core/fb_notify.o
  CC      drivers/usb/core/driver.o
  LD      drivers/usb/phy/built-in.o
  CC      net/mac80211/tdls.o
  CC      drivers/video/fbdev/core/fbmem.o
  CC      net/sunrpc/auth_generic.o
  CC      net/sunrpc/svc.o
  CC      fs/locks.o
  CC      drivers/usb/core/config.o
  CC      drivers/usb/core/file.o
  CC      net/mac80211/rc80211_minstrel.o
  CC      drivers/usb/dwc2/hcd_intr.o
  CC      drivers/video/fbdev/core/fbmon.o
  CC      drivers/usb/core/buffer.o
  CC      net/sunrpc/svcsock.o
  CC      drivers/usb/core/sysfs.o
  CC      drivers/video/fbdev/core/fbcmap.o
  CC      net/sunrpc/svcauth.o
  CC      drivers/usb/core/endpoint.o
  CC      net/mac80211/rc80211_minstrel_ht.o
  CC      fs/binfmt_script.o
  CC      drivers/usb/dwc2/hcd_queue.o
  CC      drivers/usb/core/devio.o
  CC      net/sunrpc/svcauth_unix.o
  CC      drivers/video/fbdev/core/fbsysfs.o
  CC      net/wireless/core.o
  CC      drivers/video/fbdev/core/modedb.o
  CC      fs/binfmt_elf.o
  CC      drivers/video/fbdev/core/fbcvt.o
  CC      drivers/usb/dwc2/hcd_ddma.o
  CC      drivers/video/fbdev/core/cfbfillrect.o
  LD      net/mac80211/mac80211.o
  CC      net/sunrpc/addr.o
  LD      net/mac80211/built-in.o
  CC      drivers/video/fbdev/core/cfbcopyarea.o
  CC      net/sunrpc/rpcb_clnt.o
  CC      net/wireless/sysfs.o
  CC      fs/mbcache.o
  CC      drivers/video/fbdev/core/cfbimgblt.o
  CC      drivers/usb/core/notify.o
  CC      drivers/usb/dwc2/platform.o
  CC      drivers/usb/core/generic.o
  LD      drivers/video/fbdev/core/fb.o
  LD      drivers/video/fbdev/core/built-in.o
  CC      drivers/usb/storage/scsiglue.o
  LD      drivers/video/fbdev/omap2/displays-new/built-in.o
  LD      drivers/usb/dwc2/dwc2.o
  LD      drivers/video/fbdev/omap2/dss/built-in.o
  CC      net/sunrpc/timer.o
  LD      drivers/usb/dwc2/dwc2_platform.o
  LD      drivers/usb/dwc2/built-in.o
  LD      drivers/video/fbdev/omap2/built-in.o
  CC      fs/posix_acl.o
  CC      drivers/video/fbdev/simplefb.o
  CC      drivers/usb/storage/protocol.o
  CC      net/xfrm/xfrm_policy.o
  CC      drivers/usb/core/quirks.o
  CC      net/wireless/radiotap.o
  CC      drivers/usb/core/devices.o
  CC      drivers/usb/storage/transport.o
  LD      drivers/video/fbdev/built-in.o
  CC      drivers/usb/storage/usb.o
  LD      drivers/video/built-in.o
  CC      net/sunrpc/xdr.o
  CC      fs/coredump.o
  CC      net/wireless/util.o
  CC      net/xfrm/xfrm_state.o
  CC      drivers/usb/core/port.o
  CC      drivers/usb/storage/initializers.o
  CC      drivers/usb/storage/sierra_ms.o
  CC      fs/drop_caches.o
  CC      net/sunrpc/sunrpc_syms.o
  LD      drivers/usb/core/usbcore.o
  LD      drivers/usb/core/built-in.o
  CC      net/sysctl_net.o
  CC      fs/fhandle.o
  CC      drivers/usb/storage/option_ms.o
  CC      net/xfrm/xfrm_hash.o
  CC      drivers/usb/storage/usual-tables.o
  CC      net/wireless/reg.o
  CC      net/sunrpc/cache.o
  CC      net/xfrm/xfrm_input.o
  CC      net/sunrpc/rpc_pipe.o
  CC      net/xfrm/xfrm_output.o
  CC      fs/dcookies.o
  CC      net/wireless/scan.o
  LD      drivers/usb/storage/usb-storage.o
  LD      drivers/usb/storage/built-in.o
  LD      drivers/usb/built-in.o
  LD      drivers/built-in.o
  LD      fs/built-in.o
  CC      net/sunrpc/svc_xprt.o
  CC      net/xfrm/xfrm_sysctl.o
  CC      net/sunrpc/stats.o
  CC      net/wireless/nl80211.o
  CC      net/sunrpc/sysctl.o
  CC      net/xfrm/xfrm_replay.o
  CC      net/wireless/mlme.o
  LD      net/sunrpc/xprtrdma/built-in.o
  CC      net/wireless/ibss.o
  CC      net/wireless/sme.o
  CC      net/wireless/chan.o
  CC      net/wireless/ethtool.o
  LD      net/sunrpc/sunrpc.o
  LD      net/sunrpc/built-in.o
  CC      net/wireless/mesh.o
  LD      net/xfrm/built-in.o
  CC      net/wireless/ap.o
  CC      net/wireless/trace.o
  LD      net/wireless/cfg80211.o
  LD      net/wireless/built-in.o
  LD      net/built-in.o
  LINK    vmlinux
  LD      vmlinux.o
  MODPOST vmlinux.o
  GEN     .version
  CHK     include/generated/compile.h
  UPD     include/generated/compile.h
  CC      init/version.o
  LD      init/built-in.o
  KSYM    .tmp_kallsyms1.o
  KSYM    .tmp_kallsyms2.o
  LD      vmlinux
  SORTEX  vmlinux
  SYSMAP  System.map
  OBJCOPY arch/arm/boot/Image
  Kernel: arch/arm/boot/Image is ready
  AS      arch/arm/boot/compressed/head.o
  GZIP    arch/arm/boot/compressed/piggy.gzip
  CC      arch/arm/boot/compressed/misc.o
  CC      arch/arm/boot/compressed/decompress.o
  AS      arch/arm/boot/compressed/debug.o
  CC      arch/arm/boot/compressed/string.o
  SHIPPED arch/arm/boot/compressed/lib1funcs.S
  SHIPPED arch/arm/boot/compressed/ashldi3.S
  SHIPPED arch/arm/boot/compressed/bswapsdi2.S
  AS      arch/arm/boot/compressed/lib1funcs.o
  AS      arch/arm/boot/compressed/ashldi3.o
  AS      arch/arm/boot/compressed/bswapsdi2.o
  AS      arch/arm/boot/compressed/piggy.gzip.o
  LD      arch/arm/boot/compressed/vmlinux
  OBJCOPY arch/arm/boot/zImage
  Kernel: arch/arm/boot/zImage is ready
cd /home/pi/rpi-firmware/rpi-bcm2835/workdir/u-boot && CROSS_COMPILE=/home/pi/rpi-firmware/rpi-bcm2835/workdir/tools/arm-bcm2708/gcc-linaro-arm-linux-gnueabihf-raspbian/bin/arm-linux-gnueabihf- ./MAKEALL --continue rpi_b
Configuring for rpi_b board...
   text	   data	    bss	    dec	    hex	filename
 191179	   7700	 224436	 423315	  67593	./u-boot

--------------------- SUMMARY ----------------------------
Boards skipped: 0
Boards compiled: 1
----------------------------------------------------------
/home/pi/rpi-firmware/rpi-bcm2835/workdir/u-boot/tools/mkimage -T script -d /home/pi/rpi-firmware/rpi-bcm2835/workdir/boot.scr /home/pi/rpi-firmware/rpi-bcm2835/workdir/boot.scr.uimg
Image Name:   
Created:      Sun Sep 28 17:54:32 2014
Image Type:   PowerPC Linux Script (gzip compressed)
Data Size:    818 Bytes = 0.80 kB = 0.00 MB
Load Address: 00000000
Entry Point:  00000000
Contents:
   Image 0: 810 Bytes = 0.79 kB = 0.00 MB
Target 'kbuild' done

Loadable kernel module support is disabled
cd /home/pi/rpi-firmware/rpi-bcm2835/workdir/linux && ARCH=arm CROSS_COMPILE=/home/pi/rpi-firmware/rpi-bcm2835/workdir/tools/arm-bcm2708/gcc-linaro-arm-linux-gnueabihf-raspbian/bin/arm-linux-gnueabihf- make INSTALL_MOD_PATH=/home/pi/rpi-firmware/rpi-bcm2835/workdir/modules firmware_install
  IHEX    firmware/acenic/tg1.bin
  INSTALL /home/pi/rpi-firmware/rpi-bcm2835/workdir/modules/lib/firmware/acenic/tg1.bin
  IHEX    firmware/acenic/tg2.bin
  INSTALL /home/pi/rpi-firmware/rpi-bcm2835/workdir/modules/lib/firmware/acenic/tg2.bin
  IHEX    firmware/adaptec/starfire_rx.bin
  INSTALL /home/pi/rpi-firmware/rpi-bcm2835/workdir/modules/lib/firmware/adaptec/starfire_rx.bin
  IHEX    firmware/adaptec/starfire_tx.bin
  INSTALL /home/pi/rpi-firmware/rpi-bcm2835/workdir/modules/lib/firmware/adaptec/starfire_tx.bin
  IHEX    firmware/dsp56k/bootstrap.bin
  INSTALL /home/pi/rpi-firmware/rpi-bcm2835/workdir/modules/lib/firmware/dsp56k/bootstrap.bin
  HOSTCC  firmware/ihex2fw
  IHEX2FW firmware/atmsar11.fw
  INSTALL /home/pi/rpi-firmware/rpi-bcm2835/workdir/modules/lib/firmware/atmsar11.fw
  IHEX    firmware/bnx2x/bnx2x-e1-6.2.9.0.fw
  INSTALL /home/pi/rpi-firmware/rpi-bcm2835/workdir/modules/lib/firmware/bnx2x/bnx2x-e1-6.2.9.0.fw
  IHEX    firmware/bnx2x/bnx2x-e1h-6.2.9.0.fw
  INSTALL /home/pi/rpi-firmware/rpi-bcm2835/workdir/modules/lib/firmware/bnx2x/bnx2x-e1h-6.2.9.0.fw
  IHEX    firmware/bnx2x/bnx2x-e2-6.2.9.0.fw
  INSTALL /home/pi/rpi-firmware/rpi-bcm2835/workdir/modules/lib/firmware/bnx2x/bnx2x-e2-6.2.9.0.fw
  IHEX    firmware/bnx2/bnx2-mips-09-6.2.1a.fw
  INSTALL /home/pi/rpi-firmware/rpi-bcm2835/workdir/modules/lib/firmware/bnx2/bnx2-mips-09-6.2.1a.fw
  IHEX    firmware/bnx2/bnx2-rv2p-09-6.0.17.fw
  INSTALL /home/pi/rpi-firmware/rpi-bcm2835/workdir/modules/lib/firmware/bnx2/bnx2-rv2p-09-6.0.17.fw
  IHEX    firmware/bnx2/bnx2-rv2p-09ax-6.0.17.fw
  INSTALL /home/pi/rpi-firmware/rpi-bcm2835/workdir/modules/lib/firmware/bnx2/bnx2-rv2p-09ax-6.0.17.fw
  IHEX    firmware/bnx2/bnx2-mips-06-6.2.1.fw
  INSTALL /home/pi/rpi-firmware/rpi-bcm2835/workdir/modules/lib/firmware/bnx2/bnx2-mips-06-6.2.1.fw
  IHEX    firmware/bnx2/bnx2-rv2p-06-6.0.15.fw
  INSTALL /home/pi/rpi-firmware/rpi-bcm2835/workdir/modules/lib/firmware/bnx2/bnx2-rv2p-06-6.0.15.fw
  IHEX    firmware/sun/cassini.bin
  INSTALL /home/pi/rpi-firmware/rpi-bcm2835/workdir/modules/lib/firmware/sun/cassini.bin
  IHEX    firmware/cxgb3/t3b_psram-1.1.0.bin
  INSTALL /home/pi/rpi-firmware/rpi-bcm2835/workdir/modules/lib/firmware/cxgb3/t3b_psram-1.1.0.bin
  IHEX    firmware/cxgb3/t3c_psram-1.1.0.bin
  INSTALL /home/pi/rpi-firmware/rpi-bcm2835/workdir/modules/lib/firmware/cxgb3/t3c_psram-1.1.0.bin
  IHEX    firmware/cxgb3/ael2005_opt_edc.bin
  INSTALL /home/pi/rpi-firmware/rpi-bcm2835/workdir/modules/lib/firmware/cxgb3/ael2005_opt_edc.bin
  IHEX    firmware/cxgb3/ael2005_twx_edc.bin
  INSTALL /home/pi/rpi-firmware/rpi-bcm2835/workdir/modules/lib/firmware/cxgb3/ael2005_twx_edc.bin
  IHEX    firmware/cxgb3/ael2020_twx_edc.bin
  INSTALL /home/pi/rpi-firmware/rpi-bcm2835/workdir/modules/lib/firmware/cxgb3/ael2020_twx_edc.bin
  H16TOFW firmware/matrox/g200_warp.fw
  INSTALL /home/pi/rpi-firmware/rpi-bcm2835/workdir/modules/lib/firmware/matrox/g200_warp.fw
  H16TOFW firmware/matrox/g400_warp.fw
  INSTALL /home/pi/rpi-firmware/rpi-bcm2835/workdir/modules/lib/firmware/matrox/g400_warp.fw
  IHEX    firmware/r128/r128_cce.bin
  INSTALL /home/pi/rpi-firmware/rpi-bcm2835/workdir/modules/lib/firmware/r128/r128_cce.bin
  IHEX    firmware/radeon/R100_cp.bin
  INSTALL /home/pi/rpi-firmware/rpi-bcm2835/workdir/modules/lib/firmware/radeon/R100_cp.bin
  IHEX    firmware/radeon/R200_cp.bin
  INSTALL /home/pi/rpi-firmware/rpi-bcm2835/workdir/modules/lib/firmware/radeon/R200_cp.bin
  IHEX    firmware/radeon/R300_cp.bin
  INSTALL /home/pi/rpi-firmware/rpi-bcm2835/workdir/modules/lib/firmware/radeon/R300_cp.bin
  IHEX    firmware/radeon/R420_cp.bin
  INSTALL /home/pi/rpi-firmware/rpi-bcm2835/workdir/modules/lib/firmware/radeon/R420_cp.bin
  IHEX    firmware/radeon/RS690_cp.bin
  INSTALL /home/pi/rpi-firmware/rpi-bcm2835/workdir/modules/lib/firmware/radeon/RS690_cp.bin
  IHEX    firmware/radeon/RS600_cp.bin
  INSTALL /home/pi/rpi-firmware/rpi-bcm2835/workdir/modules/lib/firmware/radeon/RS600_cp.bin
  IHEX    firmware/radeon/R520_cp.bin
  INSTALL /home/pi/rpi-firmware/rpi-bcm2835/workdir/modules/lib/firmware/radeon/R520_cp.bin
  IHEX    firmware/radeon/R600_pfp.bin
  INSTALL /home/pi/rpi-firmware/rpi-bcm2835/workdir/modules/lib/firmware/radeon/R600_pfp.bin
  IHEX    firmware/radeon/R600_me.bin
  INSTALL /home/pi/rpi-firmware/rpi-bcm2835/workdir/modules/lib/firmware/radeon/R600_me.bin
  IHEX    firmware/radeon/RV610_pfp.bin
  INSTALL /home/pi/rpi-firmware/rpi-bcm2835/workdir/modules/lib/firmware/radeon/RV610_pfp.bin
  IHEX    firmware/radeon/RV610_me.bin
  INSTALL /home/pi/rpi-firmware/rpi-bcm2835/workdir/modules/lib/firmware/radeon/RV610_me.bin
  IHEX    firmware/radeon/RV630_pfp.bin
  INSTALL /home/pi/rpi-firmware/rpi-bcm2835/workdir/modules/lib/firmware/radeon/RV630_pfp.bin
  IHEX    firmware/radeon/RV630_me.bin
  INSTALL /home/pi/rpi-firmware/rpi-bcm2835/workdir/modules/lib/firmware/radeon/RV630_me.bin
  IHEX    firmware/radeon/RV620_pfp.bin
  INSTALL /home/pi/rpi-firmware/rpi-bcm2835/workdir/modules/lib/firmware/radeon/RV620_pfp.bin
  IHEX    firmware/radeon/RV620_me.bin
  INSTALL /home/pi/rpi-firmware/rpi-bcm2835/workdir/modules/lib/firmware/radeon/RV620_me.bin
  IHEX    firmware/radeon/RV635_pfp.bin
  INSTALL /home/pi/rpi-firmware/rpi-bcm2835/workdir/modules/lib/firmware/radeon/RV635_pfp.bin
  IHEX    firmware/radeon/RV635_me.bin
  INSTALL /home/pi/rpi-firmware/rpi-bcm2835/workdir/modules/lib/firmware/radeon/RV635_me.bin
  IHEX    firmware/radeon/RV670_pfp.bin
  INSTALL /home/pi/rpi-firmware/rpi-bcm2835/workdir/modules/lib/firmware/radeon/RV670_pfp.bin
  IHEX    firmware/radeon/RV670_me.bin
  INSTALL /home/pi/rpi-firmware/rpi-bcm2835/workdir/modules/lib/firmware/radeon/RV670_me.bin
  IHEX    firmware/radeon/RS780_pfp.bin
  INSTALL /home/pi/rpi-firmware/rpi-bcm2835/workdir/modules/lib/firmware/radeon/RS780_pfp.bin
  IHEX    firmware/radeon/RS780_me.bin
  INSTALL /home/pi/rpi-firmware/rpi-bcm2835/workdir/modules/lib/firmware/radeon/RS780_me.bin
  IHEX    firmware/radeon/RV770_pfp.bin
  INSTALL /home/pi/rpi-firmware/rpi-bcm2835/workdir/modules/lib/firmware/radeon/RV770_pfp.bin
  IHEX    firmware/radeon/RV770_me.bin
  INSTALL /home/pi/rpi-firmware/rpi-bcm2835/workdir/modules/lib/firmware/radeon/RV770_me.bin
  IHEX    firmware/radeon/RV730_pfp.bin
  INSTALL /home/pi/rpi-firmware/rpi-bcm2835/workdir/modules/lib/firmware/radeon/RV730_pfp.bin
  IHEX    firmware/radeon/RV730_me.bin
  INSTALL /home/pi/rpi-firmware/rpi-bcm2835/workdir/modules/lib/firmware/radeon/RV730_me.bin
  IHEX    firmware/radeon/RV710_pfp.bin
  INSTALL /home/pi/rpi-firmware/rpi-bcm2835/workdir/modules/lib/firmware/radeon/RV710_pfp.bin
  IHEX    firmware/radeon/RV710_me.bin
  INSTALL /home/pi/rpi-firmware/rpi-bcm2835/workdir/modules/lib/firmware/radeon/RV710_me.bin
  IHEX    firmware/av7110/bootcode.bin
  INSTALL /home/pi/rpi-firmware/rpi-bcm2835/workdir/modules/lib/firmware/av7110/bootcode.bin
  IHEX    firmware/ttusb-budget/dspbootcode.bin
  INSTALL /home/pi/rpi-firmware/rpi-bcm2835/workdir/modules/lib/firmware/ttusb-budget/dspbootcode.bin
  IHEX    firmware/e100/d101m_ucode.bin
  INSTALL /home/pi/rpi-firmware/rpi-bcm2835/workdir/modules/lib/firmware/e100/d101m_ucode.bin
  IHEX    firmware/e100/d101s_ucode.bin
  INSTALL /home/pi/rpi-firmware/rpi-bcm2835/workdir/modules/lib/firmware/e100/d101s_ucode.bin
  IHEX    firmware/e100/d102e_ucode.bin
  INSTALL /home/pi/rpi-firmware/rpi-bcm2835/workdir/modules/lib/firmware/e100/d102e_ucode.bin
  IHEX    firmware/myricom/lanai.bin
  INSTALL /home/pi/rpi-firmware/rpi-bcm2835/workdir/modules/lib/firmware/myricom/lanai.bin
  IHEX    firmware/cis/LA-PCM.cis
  INSTALL /home/pi/rpi-firmware/rpi-bcm2835/workdir/modules/lib/firmware/cis/LA-PCM.cis
  IHEX    firmware/cis/PCMLM28.cis
  INSTALL /home/pi/rpi-firmware/rpi-bcm2835/workdir/modules/lib/firmware/cis/PCMLM28.cis
  IHEX    firmware/cis/DP83903.cis
  INSTALL /home/pi/rpi-firmware/rpi-bcm2835/workdir/modules/lib/firmware/cis/DP83903.cis
  IHEX    firmware/cis/NE2K.cis
  INSTALL /home/pi/rpi-firmware/rpi-bcm2835/workdir/modules/lib/firmware/cis/NE2K.cis
  IHEX    firmware/cis/tamarack.cis
  INSTALL /home/pi/rpi-firmware/rpi-bcm2835/workdir/modules/lib/firmware/cis/tamarack.cis
  IHEX    firmware/cis/PE-200.cis
  INSTALL /home/pi/rpi-firmware/rpi-bcm2835/workdir/modules/lib/firmware/cis/PE-200.cis
  IHEX    firmware/cis/PE520.cis
  INSTALL /home/pi/rpi-firmware/rpi-bcm2835/workdir/modules/lib/firmware/cis/PE520.cis
  IHEX    firmware/cis/3CXEM556.cis
  INSTALL /home/pi/rpi-firmware/rpi-bcm2835/workdir/modules/lib/firmware/cis/3CXEM556.cis
  IHEX    firmware/cis/3CCFEM556.cis
  INSTALL /home/pi/rpi-firmware/rpi-bcm2835/workdir/modules/lib/firmware/cis/3CCFEM556.cis
  IHEX    firmware/cis/MT5634ZLX.cis
  INSTALL /home/pi/rpi-firmware/rpi-bcm2835/workdir/modules/lib/firmware/cis/MT5634ZLX.cis
  IHEX    firmware/cis/RS-COM-2P.cis
  INSTALL /home/pi/rpi-firmware/rpi-bcm2835/workdir/modules/lib/firmware/cis/RS-COM-2P.cis
  IHEX    firmware/cis/COMpad2.cis
  INSTALL /home/pi/rpi-firmware/rpi-bcm2835/workdir/modules/lib/firmware/cis/COMpad2.cis
  IHEX    firmware/cis/COMpad4.cis
  INSTALL /home/pi/rpi-firmware/rpi-bcm2835/workdir/modules/lib/firmware/cis/COMpad4.cis
  IHEX    firmware/cis/SW_555_SER.cis
  INSTALL /home/pi/rpi-firmware/rpi-bcm2835/workdir/modules/lib/firmware/cis/SW_555_SER.cis
  IHEX    firmware/cis/SW_7xx_SER.cis
  INSTALL /home/pi/rpi-firmware/rpi-bcm2835/workdir/modules/lib/firmware/cis/SW_7xx_SER.cis
  IHEX    firmware/cis/SW_8xx_SER.cis
  INSTALL /home/pi/rpi-firmware/rpi-bcm2835/workdir/modules/lib/firmware/cis/SW_8xx_SER.cis
  IHEX    firmware/ositech/Xilinx7OD.bin
  INSTALL /home/pi/rpi-firmware/rpi-bcm2835/workdir/modules/lib/firmware/ositech/Xilinx7OD.bin
  IHEX    firmware/advansys/mcode.bin
  INSTALL /home/pi/rpi-firmware/rpi-bcm2835/workdir/modules/lib/firmware/advansys/mcode.bin
  IHEX    firmware/advansys/38C1600.bin
  INSTALL /home/pi/rpi-firmware/rpi-bcm2835/workdir/modules/lib/firmware/advansys/38C1600.bin
  IHEX    firmware/advansys/3550.bin
  INSTALL /home/pi/rpi-firmware/rpi-bcm2835/workdir/modules/lib/firmware/advansys/3550.bin
  IHEX    firmware/advansys/38C0800.bin
  INSTALL /home/pi/rpi-firmware/rpi-bcm2835/workdir/modules/lib/firmware/advansys/38C0800.bin
  IHEX    firmware/qlogic/1040.bin
  INSTALL /home/pi/rpi-firmware/rpi-bcm2835/workdir/modules/lib/firmware/qlogic/1040.bin
  IHEX    firmware/qlogic/1280.bin
  INSTALL /home/pi/rpi-firmware/rpi-bcm2835/workdir/modules/lib/firmware/qlogic/1280.bin
  IHEX    firmware/qlogic/12160.bin
  INSTALL /home/pi/rpi-firmware/rpi-bcm2835/workdir/modules/lib/firmware/qlogic/12160.bin
  IHEX    firmware/qlogic/isp1000.bin
  INSTALL /home/pi/rpi-firmware/rpi-bcm2835/workdir/modules/lib/firmware/qlogic/isp1000.bin
  IHEX    firmware/qlogic/sd7220.fw
  INSTALL /home/pi/rpi-firmware/rpi-bcm2835/workdir/modules/lib/firmware/qlogic/sd7220.fw
  IHEX    firmware/korg/k1212.dsp
  INSTALL /home/pi/rpi-firmware/rpi-bcm2835/workdir/modules/lib/firmware/korg/k1212.dsp
  IHEX    firmware/ess/maestro3_assp_kernel.fw
  INSTALL /home/pi/rpi-firmware/rpi-bcm2835/workdir/modules/lib/firmware/ess/maestro3_assp_kernel.fw
  IHEX    firmware/ess/maestro3_assp_minisrc.fw
  INSTALL /home/pi/rpi-firmware/rpi-bcm2835/workdir/modules/lib/firmware/ess/maestro3_assp_minisrc.fw
  IHEX    firmware/sb16/mulaw_main.csp
  INSTALL /home/pi/rpi-firmware/rpi-bcm2835/workdir/modules/lib/firmware/sb16/mulaw_main.csp
  IHEX    firmware/sb16/alaw_main.csp
  INSTALL /home/pi/rpi-firmware/rpi-bcm2835/workdir/modules/lib/firmware/sb16/alaw_main.csp
  IHEX    firmware/sb16/ima_adpcm_init.csp
  INSTALL /home/pi/rpi-firmware/rpi-bcm2835/workdir/modules/lib/firmware/sb16/ima_adpcm_init.csp
  IHEX    firmware/sb16/ima_adpcm_playback.csp
  INSTALL /home/pi/rpi-firmware/rpi-bcm2835/workdir/modules/lib/firmware/sb16/ima_adpcm_playback.csp
  IHEX    firmware/sb16/ima_adpcm_capture.csp
  INSTALL /home/pi/rpi-firmware/rpi-bcm2835/workdir/modules/lib/firmware/sb16/ima_adpcm_capture.csp
  IHEX    firmware/yamaha/ds1_ctrl.fw
  INSTALL /home/pi/rpi-firmware/rpi-bcm2835/workdir/modules/lib/firmware/yamaha/ds1_ctrl.fw
  IHEX    firmware/yamaha/ds1_dsp.fw
  INSTALL /home/pi/rpi-firmware/rpi-bcm2835/workdir/modules/lib/firmware/yamaha/ds1_dsp.fw
  IHEX    firmware/yamaha/ds1e_ctrl.fw
  INSTALL /home/pi/rpi-firmware/rpi-bcm2835/workdir/modules/lib/firmware/yamaha/ds1e_ctrl.fw
  IHEX    firmware/yamaha/yss225_registers.bin
  INSTALL /home/pi/rpi-firmware/rpi-bcm2835/workdir/modules/lib/firmware/yamaha/yss225_registers.bin
  IHEX    firmware/tehuti/bdx.bin
  INSTALL /home/pi/rpi-firmware/rpi-bcm2835/workdir/modules/lib/firmware/tehuti/bdx.bin
  IHEX    firmware/tigon/tg3.bin
  INSTALL /home/pi/rpi-firmware/rpi-bcm2835/workdir/modules/lib/firmware/tigon/tg3.bin
  IHEX    firmware/tigon/tg3_tso.bin
  INSTALL /home/pi/rpi-firmware/rpi-bcm2835/workdir/modules/lib/firmware/tigon/tg3_tso.bin
  IHEX    firmware/tigon/tg3_tso5.bin
  INSTALL /home/pi/rpi-firmware/rpi-bcm2835/workdir/modules/lib/firmware/tigon/tg3_tso5.bin
  IHEX    firmware/3com/typhoon.bin
  INSTALL /home/pi/rpi-firmware/rpi-bcm2835/workdir/modules/lib/firmware/3com/typhoon.bin
  IHEX2FW firmware/emi26/loader.fw
  INSTALL /home/pi/rpi-firmware/rpi-bcm2835/workdir/modules/lib/firmware/emi26/loader.fw
  IHEX2FW firmware/emi26/firmware.fw
  INSTALL /home/pi/rpi-firmware/rpi-bcm2835/workdir/modules/lib/firmware/emi26/firmware.fw
  IHEX2FW firmware/emi26/bitstream.fw
  INSTALL /home/pi/rpi-firmware/rpi-bcm2835/workdir/modules/lib/firmware/emi26/bitstream.fw
  IHEX2FW firmware/emi62/loader.fw
  INSTALL /home/pi/rpi-firmware/rpi-bcm2835/workdir/modules/lib/firmware/emi62/loader.fw
  IHEX2FW firmware/emi62/bitstream.fw
  INSTALL /home/pi/rpi-firmware/rpi-bcm2835/workdir/modules/lib/firmware/emi62/bitstream.fw
  IHEX2FW firmware/emi62/spdif.fw
  INSTALL /home/pi/rpi-firmware/rpi-bcm2835/workdir/modules/lib/firmware/emi62/spdif.fw
  IHEX2FW firmware/emi62/midi.fw
  INSTALL /home/pi/rpi-firmware/rpi-bcm2835/workdir/modules/lib/firmware/emi62/midi.fw
  IHEX    firmware/kaweth/new_code.bin
  INSTALL /home/pi/rpi-firmware/rpi-bcm2835/workdir/modules/lib/firmware/kaweth/new_code.bin
  IHEX    firmware/kaweth/trigger_code.bin
  INSTALL /home/pi/rpi-firmware/rpi-bcm2835/workdir/modules/lib/firmware/kaweth/trigger_code.bin
  IHEX    firmware/kaweth/new_code_fix.bin
  INSTALL /home/pi/rpi-firmware/rpi-bcm2835/workdir/modules/lib/firmware/kaweth/new_code_fix.bin
  IHEX    firmware/kaweth/trigger_code_fix.bin
  INSTALL /home/pi/rpi-firmware/rpi-bcm2835/workdir/modules/lib/firmware/kaweth/trigger_code_fix.bin
  IHEX2FW firmware/keyspan/mpr.fw
  INSTALL /home/pi/rpi-firmware/rpi-bcm2835/workdir/modules/lib/firmware/keyspan/mpr.fw
  IHEX2FW firmware/keyspan/usa18x.fw
  INSTALL /home/pi/rpi-firmware/rpi-bcm2835/workdir/modules/lib/firmware/keyspan/usa18x.fw
  IHEX2FW firmware/keyspan/usa19.fw
  INSTALL /home/pi/rpi-firmware/rpi-bcm2835/workdir/modules/lib/firmware/keyspan/usa19.fw
  IHEX2FW firmware/keyspan/usa19qi.fw
  INSTALL /home/pi/rpi-firmware/rpi-bcm2835/workdir/modules/lib/firmware/keyspan/usa19qi.fw
  IHEX2FW firmware/keyspan/usa19qw.fw
  INSTALL /home/pi/rpi-firmware/rpi-bcm2835/workdir/modules/lib/firmware/keyspan/usa19qw.fw
  IHEX2FW firmware/keyspan/usa19w.fw
  INSTALL /home/pi/rpi-firmware/rpi-bcm2835/workdir/modules/lib/firmware/keyspan/usa19w.fw
  IHEX2FW firmware/keyspan/usa28.fw
  INSTALL /home/pi/rpi-firmware/rpi-bcm2835/workdir/modules/lib/firmware/keyspan/usa28.fw
  IHEX2FW firmware/keyspan/usa28xa.fw
  INSTALL /home/pi/rpi-firmware/rpi-bcm2835/workdir/modules/lib/firmware/keyspan/usa28xa.fw
  IHEX2FW firmware/keyspan/usa28xb.fw
  INSTALL /home/pi/rpi-firmware/rpi-bcm2835/workdir/modules/lib/firmware/keyspan/usa28xb.fw
  IHEX2FW firmware/keyspan/usa28x.fw
  INSTALL /home/pi/rpi-firmware/rpi-bcm2835/workdir/modules/lib/firmware/keyspan/usa28x.fw
  IHEX2FW firmware/keyspan/usa49w.fw
  INSTALL /home/pi/rpi-firmware/rpi-bcm2835/workdir/modules/lib/firmware/keyspan/usa49w.fw
  IHEX2FW firmware/keyspan/usa49wlc.fw
  INSTALL /home/pi/rpi-firmware/rpi-bcm2835/workdir/modules/lib/firmware/keyspan/usa49wlc.fw
  IHEX    firmware/ti_3410.fw
  INSTALL /home/pi/rpi-firmware/rpi-bcm2835/workdir/modules/lib/firmware/ti_3410.fw
  IHEX    firmware/ti_5052.fw
  INSTALL /home/pi/rpi-firmware/rpi-bcm2835/workdir/modules/lib/firmware/ti_5052.fw
  IHEX    firmware/mts_cdma.fw
  INSTALL /home/pi/rpi-firmware/rpi-bcm2835/workdir/modules/lib/firmware/mts_cdma.fw
  IHEX    firmware/mts_gsm.fw
  INSTALL /home/pi/rpi-firmware/rpi-bcm2835/workdir/modules/lib/firmware/mts_gsm.fw
  IHEX    firmware/mts_edge.fw
  INSTALL /home/pi/rpi-firmware/rpi-bcm2835/workdir/modules/lib/firmware/mts_edge.fw
  H16TOFW firmware/edgeport/boot.fw
  INSTALL /home/pi/rpi-firmware/rpi-bcm2835/workdir/modules/lib/firmware/edgeport/boot.fw
  H16TOFW firmware/edgeport/boot2.fw
  INSTALL /home/pi/rpi-firmware/rpi-bcm2835/workdir/modules/lib/firmware/edgeport/boot2.fw
  H16TOFW firmware/edgeport/down.fw
  INSTALL /home/pi/rpi-firmware/rpi-bcm2835/workdir/modules/lib/firmware/edgeport/down.fw
  H16TOFW firmware/edgeport/down2.fw
  INSTALL /home/pi/rpi-firmware/rpi-bcm2835/workdir/modules/lib/firmware/edgeport/down2.fw
  IHEX    firmware/edgeport/down3.bin
  INSTALL /home/pi/rpi-firmware/rpi-bcm2835/workdir/modules/lib/firmware/edgeport/down3.bin
  IHEX2FW firmware/whiteheat_loader.fw
  INSTALL /home/pi/rpi-firmware/rpi-bcm2835/workdir/modules/lib/firmware/whiteheat_loader.fw
  IHEX2FW firmware/whiteheat.fw
  INSTALL /home/pi/rpi-firmware/rpi-bcm2835/workdir/modules/lib/firmware/whiteheat.fw
  IHEX2FW firmware/keyspan_pda/keyspan_pda.fw
  INSTALL /home/pi/rpi-firmware/rpi-bcm2835/workdir/modules/lib/firmware/keyspan_pda/keyspan_pda.fw
  IHEX2FW firmware/keyspan_pda/xircom_pgs.fw
  INSTALL /home/pi/rpi-firmware/rpi-bcm2835/workdir/modules/lib/firmware/keyspan_pda/xircom_pgs.fw
  H16TOFW firmware/vicam/firmware.fw
  INSTALL /home/pi/rpi-firmware/rpi-bcm2835/workdir/modules/lib/firmware/vicam/firmware.fw
  IHEX    firmware/cpia2/stv0672_vp4.bin
  INSTALL /home/pi/rpi-firmware/rpi-bcm2835/workdir/modules/lib/firmware/cpia2/stv0672_vp4.bin
  IHEX    firmware/yam/1200.bin
  INSTALL /home/pi/rpi-firmware/rpi-bcm2835/workdir/modules/lib/firmware/yam/1200.bin
  IHEX    firmware/yam/9600.bin
  INSTALL /home/pi/rpi-firmware/rpi-bcm2835/workdir/modules/lib/firmware/yam/9600.bin
Target 'kmodules' done

Target 'external' done

mkdir -p /home/pi/rpi-firmware/rpi-bcm2835/workdir/out/extra
cp -r /home/pi/rpi-firmware/rpi-bcm2835/workdir/firmware/boot/* /home/pi/rpi-firmware/rpi-bcm2835/workdir/out/
cp /home/pi/rpi-firmware/rpi-bcm2835/workdir/linux/arch/arm/boot/dts/*.dtb /home/pi/rpi-firmware/rpi-bcm2835/workdir/out
cp -r /home/pi/rpi-firmware/rpi-bcm2835/workdir/modules/lib/modules/* /home/pi/rpi-firmware/rpi-bcm2835/workdir/out/modules/
cp -r /home/pi/rpi-firmware/rpi-bcm2835/workdir/modules/lib/firmware /home/pi/rpi-firmware/rpi-bcm2835/workdir/out/
Target 'build' done

cd /home/pi/rpi-firmware/rpi-bcm2835/workdir
ln -s tools-f8e07cca589beb7c2cba6c4d4ab7a404fe91e8d3 tools
cd -
touch /home/pi/rpi-firmware/rpi-bcm2835/workdir/raspberrypi-tools-f8e07cca589beb7c2cba6c4d4ab7a404fe91e8d3
cd /home/pi/rpi-firmware/rpi-bcm2835/workdir
ln -s firmware-79acaf6152ef384f05fe2ec90134a6b02348e41d firmware
cd -
touch /home/pi/rpi-firmware/rpi-bcm2835/workdir/raspberrypi-firmware-79acaf6152ef384f05fe2ec90134a6b02348e41d
cd /home/pi/rpi-firmware/rpi-bcm2835/workdir
ln -s u-boot-arm u-boot
cd -
touch /home/pi/rpi-firmware/rpi-bcm2835/workdir/git.denx.de--p-u-boot-u-boot-arm.git-0a26e1d6c394aacbf1153977b7348d1dff85db3f
cd /home/pi/rpi-firmware/rpi-bcm2835/workdir
ln -s linux-3.16.3 linux
cd -
touch /home/pi/rpi-firmware/rpi-bcm2835/workdir/linux-3.16.3
cp /home/pi/rpi-firmware/rpi-bcm2835/workdir/linux/.config /home/pi/rpi-firmware/rpi-bcm2835/workdir/linux/.config.defconfig
rm 
mkdir /home/pi/rpi-firmware/rpi-bcm2835/workdir/modules
mkdir -p /home/pi/rpi-firmware/rpi-bcm2835/workdir/modules/lib/modules
touch /home/pi/rpi-firmware/rpi-bcm2835/workdir/modules/lib/modules/dummy
rm -rf /home/pi/rpi-firmware/rpi-bcm2835/workdir/out
mkdir -p /home/pi/rpi-firmware/rpi-bcm2835/workdir/out
cp /home/pi/rpi-firmware/rpi-bcm2835/workdir/pre-install /home/pi/rpi-firmware/rpi-bcm2835/workdir/post-install /home/pi/rpi-firmware/rpi-bcm2835/workdir/out
mkdir -p /home/pi/rpi-firmware/rpi-bcm2835/workdir/out/vc/sdk/opt/vc
cp -r /home/pi/rpi-firmware/rpi-bcm2835/workdir/firmware/opt/vc/include/ /home/pi/rpi-firmware/rpi-bcm2835/workdir/out/vc/sdk/opt/vc/
cp -r /home/pi/rpi-firmware/rpi-bcm2835/workdir/firmware/opt/vc/src/ /home/pi/rpi-firmware/rpi-bcm2835/workdir/out/vc/sdk/opt/vc/
rm -rf /home/pi/rpi-firmware/rpi-bcm2835/workdir/out/vc/sdk/opt/vc/src/hello_pi/hello_video/test.h264
mkdir -p /home/pi/rpi-firmware/rpi-bcm2835/workdir/out/vc/softfp/opt/vc
cp -r /home/pi/rpi-firmware/rpi-bcm2835/workdir/firmware/opt/vc/LICENCE /home/pi/rpi-firmware/rpi-bcm2835/workdir/out/vc/softfp/opt/vc
cp -r /home/pi/rpi-firmware/rpi-bcm2835/workdir/firmware/opt/vc/bin/ /home/pi/rpi-firmware/rpi-bcm2835/workdir/out/vc/softfp/opt/vc
cp -r /home/pi/rpi-firmware/rpi-bcm2835/workdir/firmware/opt/vc/lib/ /home/pi/rpi-firmware/rpi-bcm2835/workdir/out/vc/softfp/opt/vc
cp -r /home/pi/rpi-firmware/rpi-bcm2835/workdir/firmware/opt/vc/sbin/ /home/pi/rpi-firmware/rpi-bcm2835/workdir/out/vc/softfp/opt/vc
mkdir -p /home/pi/rpi-firmware/rpi-bcm2835/workdir/out/vc/hardfp/opt/vc
cp -r /home/pi/rpi-firmware/rpi-bcm2835/workdir/firmware/hardfp/opt/vc/LICENCE /home/pi/rpi-firmware/rpi-bcm2835/workdir/out/vc/hardfp/opt/vc
cp -r /home/pi/rpi-firmware/rpi-bcm2835/workdir/firmware/hardfp/opt/vc/bin/ /home/pi/rpi-firmware/rpi-bcm2835/workdir/out/vc/hardfp/opt/vc
cp -r /home/pi/rpi-firmware/rpi-bcm2835/workdir/firmware/hardfp/opt/vc/lib/ /home/pi/rpi-firmware/rpi-bcm2835/workdir/out/vc/hardfp/opt/vc
cp -r /home/pi/rpi-firmware/rpi-bcm2835/workdir/firmware/hardfp/opt/vc/sbin/ /home/pi/rpi-firmware/rpi-bcm2835/workdir/out/vc/hardfp/opt/vc
cp /home/pi/rpi-firmware/rpi-bcm2835/workdir/u-boot/u-boot.bin /home/pi/rpi-firmware/rpi-bcm2835/workdir/out/kernel.img
cp /home/pi/rpi-firmware/rpi-bcm2835/workdir/boot.scr.uimg /home/pi/rpi-firmware/rpi-bcm2835/workdir/out
cp /home/pi/rpi-firmware/rpi-bcm2835/workdir/uEnv.txt /home/pi/rpi-firmware/rpi-bcm2835/workdir/out
cp /home/pi/rpi-firmware/rpi-bcm2835/workdir/linux/arch/arm/boot/zImage /home/pi/rpi-firmware/rpi-bcm2835/workdir/out
mkdir -p /home/pi/rpi-firmware/rpi-bcm2835/workdir/out/modules
cp /home/pi/rpi-firmware/rpi-bcm2835/workdir/linux/Module.symvers /home/pi/rpi-firmware/rpi-bcm2835/workdir/out
mkdir -p /home/pi/rpi-firmware/rpi-bcm2835/workdir/out/extra
cp /home/pi/rpi-firmware/rpi-bcm2835/workdir/linux/System.map /home/pi/rpi-firmware/rpi-bcm2835/workdir/out/extra/
cp /home/pi/rpi-firmware/rpi-bcm2835/workdir/linux/.config /home/pi/rpi-firmware/rpi-bcm2835/workdir/out/extra/

End: 2014-09-28 17:54:41 +0200

