
#
# Begin: config
# Time: Sun Nov  3 18:56:52 2013
#



 make mrproper
---------------

=> cd /home/pi/linux && ARCH=arm CROSS_COMPILE=/home/pi/tools/arm-bcm2708/arm-bcm2708-linux-gnueabi/bin/arm-bcm2708-linux-gnueabi- make mrproper
  CLEAN   .
  CLEAN   arch/arm/kernel
  CLEAN   drivers/tty/vt
  CLEAN   drivers/video/logo
  CLEAN   firmware
  CLEAN   kernel/debug/kdb
  CLEAN   kernel
  CLEAN   lib/raid6
  CLEAN   lib
  CLEAN   usr
  CLEAN   arch/arm/boot/compressed
  CLEAN   arch/arm/boot/dts
  CLEAN   arch/arm/boot
  CLEAN   .tmp_versions
  CLEAN   scripts/basic
  CLEAN   scripts/dtc
  CLEAN   scripts/genksyms
  CLEAN   scripts/kconfig
  CLEAN   scripts/mod
  CLEAN   scripts
  CLEAN   include/config include/generated arch/arm/include/generated
  CLEAN   .config .config.old .version include/generated/uapi/linux/version.h Module.symvers


 make bcmrpi_defconfig
-----------------------

=> cd /home/pi/linux && ARCH=arm CROSS_COMPILE=/home/pi/tools/arm-bcm2708/arm-bcm2708-linux-gnueabi/bin/arm-bcm2708-linux-gnueabi- make bcmrpi_defconfig
  HOSTCC  scripts/basic/fixdep
  HOSTCC  scripts/kconfig/conf.o
  SHIPPED scripts/kconfig/zconf.tab.c
  SHIPPED scripts/kconfig/zconf.lex.c
  SHIPPED scripts/kconfig/zconf.hash.c
  HOSTCC  scripts/kconfig/zconf.tab.o
  HOSTLD  scripts/kconfig/conf
#
# configuration written to .config
#

=> cp -a /home/pi/linux/.config /home/pi/linux/.config.standard


 Enable Device Tree
--------------------

=> cd /home/pi/linux && scripts/config --enable BCM2708_DT

=> cd /home/pi/linux && yes "" | ARCH=arm CROSS_COMPILE=/home/pi/tools/arm-bcm2708/arm-bcm2708-linux-gnueabi/bin/arm-bcm2708-linux-gnueabi- make oldconfig
scripts/kconfig/conf --oldconfig Kconfig
*
* Restart config...
*
*
* IRQ subsystem
*
Expose hardware/virtual IRQ mapping via debugfs (IRQ_DOMAIN_DEBUG) [N/y/?] (NEW) 
*
* Boot options
*
Flattened Device Tree support (USE_OF) [Y/?] y
  Support for the traditional ATAGS boot data passing (ATAGS) [Y/n/?] y
    Provide old way to pass kernel parameters (DEPRECATED_PARAM_STRUCT) [N/y/?] n
Compressed ROM boot loader base address (ZBOOT_ROM_TEXT) [0x0] 0x0
Compressed ROM boot loader BSS address (ZBOOT_ROM_BSS) [0x0] 0x0
Use appended device tree blob to zImage (EXPERIMENTAL) (ARM_APPENDED_DTB) [N/y/?] (NEW) 
Default kernel command string (CMDLINE) [dwc_otg.lpm_enable=0 console=ttyAMA0,115200 kgdboc=ttyAMA0,115200 root=/dev/mmcblk0p2 rootfstype=ext3 rootwait] dwc_otg.lpm_enable=0 console=ttyAMA0,115200 kgdboc=ttyAMA0,115200 root=/dev/mmcblk0p2 rootfstype=ext3 rootwait
  Kernel command line type
  > 1. Use bootloader kernel arguments if available (CMDLINE_FROM_BOOTLOADER)
    2. Extend bootloader kernel arguments (CMDLINE_EXTEND)
    3. Always use the default kernel command string (CMDLINE_FORCE)
  choice[1-3]: 1
Kernel Execute-In-Place from ROM (XIP_KERNEL) [N/y/?] n
Kexec system call (EXPERIMENTAL) (KEXEC) [Y/n/?] y
  Export atags in procfs (ATAGS_PROC) [Y/n/?] y
Build kdump crash kernel (EXPERIMENTAL) (CRASH_DUMP) [N/y/?] n
Auto calculation of the decompressed kernel image address (AUTO_ZRELADDR) [N/y/?] n
*
* Device Tree and Open Firmware support
*
Support for device tree in /proc (PROC_DEVICETREE) [N/y/?] (NEW) 
Device Tree Runtime self tests (OF_SELFTEST) [N/y/?] (NEW) 
*
* PHY Device support and infrastructure
*
PHY Device support and infrastructure (PHYLIB) [Y/?] y
  *
  * MII PHY device drivers
  *
  Drivers for Atheros AT803X PHYs (AT803X_PHY) [N/m/y/?] n
  Drivers for the AMD PHYs (AMD_PHY) [N/m/y/?] n
  Drivers for Marvell PHYs (MARVELL_PHY) [N/m/y/?] n
  Drivers for Davicom PHYs (DAVICOM_PHY) [N/m/y/?] n
  Drivers for Quality Semiconductor PHYs (QSEMI_PHY) [N/m/y/?] n
  Drivers for the Intel LXT PHYs (LXT_PHY) [N/m/y/?] n
  Drivers for the Cicada PHYs (CICADA_PHY) [N/m/y/?] n
  Drivers for the Vitesse PHYs (VITESSE_PHY) [N/m/y/?] n
  Drivers for SMSC PHYs (SMSC_PHY) [N/m/y/?] n
  Drivers for Broadcom PHYs (BROADCOM_PHY) [N/m/y/?] n
  Driver for Broadcom BCM8706 and BCM8727 PHYs (BCM87XX_PHY) [N/m/y/?] n
  Drivers for ICPlus PHYs (ICPLUS_PHY) [N/m/y/?] n
  Drivers for Realtek PHYs (REALTEK_PHY) [N/m/y/?] n
  Drivers for National Semiconductor PHYs (NATIONAL_PHY) [N/m/y/?] n
  Driver for STMicroelectronics STe10Xp PHYs (STE10XP) [N/m/y/?] n
  Driver for LSI ET1011C PHY (LSI_ET1011C_PHY) [N/m/y/?] n
  Driver for Micrel PHYs (MICREL_PHY) [N/m/y/?] n
  Driver for MDIO Bus/PHY emulation with fixed speed/link PHYs (FIXED_PHY) [N/y/?] n
  Support for bitbanged MDIO buses (MDIO_BITBANG) [M/n/y/?] m
    Support for GPIO lib-based bitbanged MDIO buses (MDIO_GPIO) [N/m/?] n
  Support for GPIO controlled MDIO bus multiplexers (MDIO_BUS_MUX_GPIO) [N/m/y/?] (NEW) 
  Support for MMIO device-controlled MDIO bus multiplexers (MDIO_BUS_MUX_MMIOREG) [N/m/y/?] (NEW) 
*
* Serial drivers
*
8250/16550 and compatible serial support (SERIAL_8250) [N/m/y/?] n
*
* Non-8250 serial port support
*
ARM AMBA PL010 serial port support (SERIAL_AMBA_PL010) [N/m/y/?] n
ARM AMBA PL011 serial port support (SERIAL_AMBA_PL011) [Y/n/m/?] y
  Support for console on AMBA serial port (SERIAL_AMBA_PL011_CONSOLE) [Y/n/?] y
Serial console over KGDB NMI debugger port (SERIAL_KGDB_NMI) [N/y/?] n
MAX3100 support (SERIAL_MAX3100) [N/m/y/?] n
MAX310X support (SERIAL_MAX310X) [N/y/?] n
SCCNXP serial port support (SERIAL_SCCNXP) [N/m/y/?] n
Support for timberdale UART (SERIAL_TIMBERDALE) [N/m/y/?] n
Altera JTAG UART support (SERIAL_ALTERA_JTAGUART) [N/m/y/?] n
Altera UART support (SERIAL_ALTERA_UART) [N/m/y/?] n
SPI protocol driver for Infineon 6x60 modem (EXPERIMENTAL) (SERIAL_IFX6X60) [N/m/y/?] n
Xilinx PS UART support (SERIAL_XILINX_PS_UART) [N/m/y/?] (NEW) 
ARC UART driver support (SERIAL_ARC) [N/m/y/?] n
*
* SPI support
*
SPI support (SPI) [Y/n/?] y
  Debug support for SPI drivers (SPI_DEBUG) [N/y/?] n
  *
  * SPI Master Controller Drivers
  *
  Altera SPI Controller (SPI_ALTERA) [N/m/y/?] n
  BCM2835 SPI controller (SPI_BCM2835) [N/m/y/?] n
  BCM2708 SPI controller driver (SPI0) (SPI_BCM2708) [M/n/y/?] m
  Utilities for Bitbanging SPI masters (SPI_BITBANG) [N/m/y/?] n
  GPIO-based bitbanging SPI Master (SPI_GPIO) [N/m/y/?] n
  Freescale SPI controller and Aeroflex Gaisler GRLIB SPI controller (SPI_FSL_SPI) [N/y/?] (NEW) 
  OpenCores tiny SPI (SPI_OC_TINY) [N/m/y/?] n
  ARM AMBA PL022 SSP controller (SPI_PL022) [N/m/y/?] n
  NXP SC18IS602/602B/603 I2C to SPI bridge (SPI_SC18IS602) [N/m/y/?] n
  Analog Devices AD-FMCOMMS1-EBZ SPI-I2C-bridge driver (SPI_XCOMM) [N/m/y/?] n
  Xilinx SPI controller common module (SPI_XILINX) [N/m/y/?] n
  DesignWare SPI controller core support (SPI_DESIGNWARE) [N/m/y/?] n
  *
  * SPI Protocol Masters
  *
  User mode SPI device driver support (SPI_SPIDEV) [M/n/y/?] m
  Infineon TLE62X0 (for power switching) (SPI_TLE62X0) [N/m/y/?] n
*
* Pin controllers
*
Support pin multiplexing controllers (PINMUX) [Y] (NEW) y
Support pin configuration controllers (PINCONF) [Y] (NEW) y
Debug PINCTRL calls (DEBUG_PINCTRL) [N/y/?] (NEW) 
One-register-per-pin type device tree based pinctrl driver (PINCTRL_SINGLE) [N/m/y/?] (NEW) 
Pinctrl driver data for Samsung EXYNOS SoCs (PINCTRL_EXYNOS) [N/y] (NEW) 
Samsung EXYNOS5440 SoC pinctrl driver (PINCTRL_EXYNOS5440) [N/y] (NEW) 
*
* GPIO Support
*
GPIO Support (GPIOLIB) [Y/?] y
  Debug GPIO calls (DEBUG_GPIO) [N/y/?] n
  /sys/class/gpio/... (sysfs interface) (GPIO_SYSFS) [Y/n/?] y
  *
  * Memory mapped GPIO drivers:
  *
  Generic memory-mapped GPIO controller support (MMIO platform device) (GPIO_GENERIC_PLATFORM) [N/m/y/?] n
  Emma Mobile GPIO (GPIO_EM) [N/m/y/?] n
  PrimeCell PL061 GPIO support (GPIO_PL061) [N/y/?] n
  Renesas R-Car GPIO (GPIO_RCAR) [N/m/y/?] n
  TS-5500 DIO blocks and compatibles (GPIO_TS5500) [N/m/y/?] n
  Aeroflex Gaisler GRGPIO support (GPIO_GRGPIO) [N/m/y/?] (NEW) 
  *
  * I2C GPIO expanders:
  *
  Maxim MAX7300 GPIO expander (GPIO_MAX7300) [N/m/y/?] n
  MAX7319, MAX7320-7327 I2C Port Expanders (GPIO_MAX732X) [N/m/y/?] n
  PCA953x, PCA955x, PCA957x, TCA64xx, and MAX7310 I/O ports (GPIO_PCA953X) [N/m/y/?] n
  PCF857x, PCA{85,96}7x, and MAX732[89] I2C GPIO expanders (GPIO_PCF857X) [N/m/y/?] n
  Semtech SX150x I2C GPIO expander (GPIO_SX150X) [N/y/?] n
  ADP5588 I2C GPIO expander (GPIO_ADP5588) [N/m/y/?] n
  Avionic Design N-bit GPIO expander (GPIO_ADNP) [N/m/y/?] (NEW) 
  *
  * PCI GPIO expanders:
  *
  *
  * SPI GPIO expanders:
  *
  Maxim MAX7301 GPIO expander (GPIO_MAX7301) [N/m/y/?] n
  Microchip MCP23xxx I/O expander (GPIO_MCP23S08) [N/m/y/?] n
  Freescale MC33880 high-side/low-side switch (GPIO_MC33880) [N/m/y/?] n
  74x164 serial-in/parallel-out 8-bits shift register (GPIO_74X164) [N/m/y/?] n
  *
  * AC97 GPIO expanders:
  *
  *
  * MODULbus GPIO expanders:
  *
  *
  * USB GPIO expanders:
  *
*
* Support for frame buffer devices
*
Support for frame buffer devices (FB) [Y/n/m/?] y
  Enable firmware EDID (FIRMWARE_EDID) [N/y/?] n
  *
  * Framebuffer foreign endianness support
  *
  Framebuffer foreign endianness support (FB_FOREIGN_ENDIAN) [N/y/?] n
  Enable Video Mode Handling Helpers (FB_MODE_HELPERS) [N/y/?] n
  Enable Tile Blitting Support (FB_TILEBLITTING) [N/y/?] n
  *
  * Frame buffer hardware drivers
  *
  BCM2708 framebuffer support (FB_BCM2708) [Y/n/m/?] y
  ARM PrimeCell PL110 support (FB_ARMCLCD) [N/m/y/?] n
  Epson S1D13XXX framebuffer support (FB_S1D13XXX) [N/m/y/?] n
  SMSC UFX6000/7000 USB Framebuffer support (FB_SMSCUFX) [N/m/y/?] n
  Displaylink USB Framebuffer support (FB_UDL) [N/m/y/?] n
  Goldfish Framebuffer (FB_GOLDFISH) [N/m/y/?] n
  Virtual Frame Buffer support (ONLY FOR TESTING!) (FB_VIRTUAL) [N/m/y/?] n
  E-Ink Metronome/8track controller support (FB_METRONOME) [N/m/y/?] n
  E-Ink Broadsheet/Epson S1D13521 controller support (FB_BROADSHEET) [N/m/y/?] n
  AUO-K190X EPD controller support (FB_AUO_K190X) [N/m/y/?] n
  Simple framebuffer support (FB_SIMPLE) [N/y/?] (NEW) 
*
* Graphics support
*
*
* Direct Rendering Manager (XFree86 4.1.0 and higher DRI support)
*
Direct Rendering Manager (XFree86 4.1.0 and higher DRI support) (DRM) [N/m/y/?] n
Lowlevel video output switch controls (VIDEO_OUTPUT_CONTROL) [N/m/y/?] n
*
* Support for frame buffer devices
*
Support for frame buffer devices (FB) [Y/n/m/?] y
  Enable firmware EDID (FIRMWARE_EDID) [N/y/?] n
  *
  * Framebuffer foreign endianness support
  *
  Framebuffer foreign endianness support (FB_FOREIGN_ENDIAN) [N/y/?] n
  Enable Video Mode Handling Helpers (FB_MODE_HELPERS) [N/y/?] n
  Enable Tile Blitting Support (FB_TILEBLITTING) [N/y/?] n
  *
  * Frame buffer hardware drivers
  *
  BCM2708 framebuffer support (FB_BCM2708) [Y/n/m/?] y
  ARM PrimeCell PL110 support (FB_ARMCLCD) [N/m/y/?] n
  Epson S1D13XXX framebuffer support (FB_S1D13XXX) [N/m/y/?] n
  SMSC UFX6000/7000 USB Framebuffer support (FB_SMSCUFX) [N/m/y/?] n
  Displaylink USB Framebuffer support (FB_UDL) [N/m/y/?] n
  Goldfish Framebuffer (FB_GOLDFISH) [N/m/y/?] n
  Virtual Frame Buffer support (ONLY FOR TESTING!) (FB_VIRTUAL) [N/m/y/?] n
  E-Ink Metronome/8track controller support (FB_METRONOME) [N/m/y/?] n
  E-Ink Broadsheet/Epson S1D13521 controller support (FB_BROADSHEET) [N/m/y/?] n
  AUO-K190X EPD controller support (FB_AUO_K190X) [N/m/y/?] n
  Simple framebuffer support (FB_SIMPLE) [N/y/?] n
*
* Exynos Video driver support
*
Exynos Video driver support (EXYNOS_VIDEO) [N/y/?] n
*
* Backlight & LCD device support
*
Backlight & LCD device support (BACKLIGHT_LCD_SUPPORT) [Y/?] y
  Lowlevel LCD controls (LCD_CLASS_DEVICE) [M/n/y/?] m
    Epson L4F00242T03 LCD (LCD_L4F00242T03) [N/m/?] n
    Samsung LMS283GF05 LCD (LCD_LMS283GF05) [N/m/?] n
    Samsung LTV350QV LCD Panel (LCD_LTV350QV) [N/m/?] n
    ILI Technology ILI9221/ILI9222 support (LCD_ILI922X) [N/m/?] n
    ILI Technology ILI9320 controller support (LCD_ILI9320) [N/m/?] n
    Toppoly TDO24M  and TDO35S LCD Panels support (LCD_TDO24M) [N/m/?] n
    VGG2432A4 LCM device support (LCD_VGG2432A4) [N/m/?] n
    Platform LCD controls (LCD_PLATFORM) [N/m/?] n
    S6E63M0 AMOLED LCD Driver (LCD_S6E63M0) [N/m/?] n
    LD9040 AMOLED LCD Driver (LCD_LD9040) [N/m/?] n
    AMS369FG06 AMOLED LCD Driver (LCD_AMS369FG06) [N/m/?] n
    LMS501KF03 LCD Driver (LCD_LMS501KF03) [N/m/?] n
    Himax HX-8357 LCD Driver (LCD_HX8357) [N/m/?] n
  Lowlevel Backlight controls (BACKLIGHT_CLASS_DEVICE) [M/y/?] m
    Generic (aka Sharp Corgi) Backlight Driver (BACKLIGHT_GENERIC) [M/n/?] m
    Backlight Driver for ADP8860/ADP8861/ADP8863 using WLED (BACKLIGHT_ADP8860) [N/m/?] n
    Backlight Driver for ADP8870 using WLED (BACKLIGHT_ADP8870) [N/m/?] n
    Backlight Driver for LM3630 (BACKLIGHT_LM3630) [N/m/?] n
    Backlight Driver for LM3639 (BACKLIGHT_LM3639) [N/m/?] n
    Backlight driver for TI LP855X (BACKLIGHT_LP855X) [N/m/?] n
*
* Console display driver support
*
Framebuffer Console support (FRAMEBUFFER_CONSOLE) [Y/n/m/?] y
  Map the console to the primary display device (FRAMEBUFFER_CONSOLE_DETECT_PRIMARY) [N/y/?] n
  Framebuffer Console Rotation (FRAMEBUFFER_CONSOLE_ROTATION) [N/y/?] n
Select compiled-in fonts (FONTS) [N/y/?] n
*
* Bootup logo
*
Bootup logo (LOGO) [Y/n/?] y
  Standard black and white Linux logo (LOGO_LINUX_MONO) [N/y] n
  Standard 16-color Linux logo (LOGO_LINUX_VGA16) [N/y] n
  Standard 224-color Linux logo (LOGO_LINUX_CLUT224) [Y/n] y
Solomon SSD1307 framebuffer support (FB_SSD1307) [N/m/y/?] (NEW) 
*
* Real Time Clock
*
Real Time Clock (RTC_CLASS) [Y/n/?] y
  Set system time from RTC on startup and resume (RTC_HCTOSYS) [Y/n/?] y
  Set the RTC time based on NTP synchronization (RTC_SYSTOHC) [Y/n/?] y
    RTC used to set the system time (RTC_HCTOSYS_DEVICE) [rtc0] rtc0
  RTC debug support (RTC_DEBUG) [N/y/?] n
  *
  * RTC interfaces
  *
  /sys/class/rtc/rtcN (sysfs) (RTC_INTF_SYSFS) [Y/n/?] y
  /proc/driver/rtc (procfs for rtcN) (RTC_INTF_PROC) [Y/n/?] y
  /dev/rtcN (character devices) (RTC_INTF_DEV) [Y/n/?] y
    RTC UIE emulation on dev interface (RTC_INTF_DEV_UIE_EMUL) [N/y/?] n
  Test driver/device (RTC_DRV_TEST) [N/m/y/?] n
  *
  * I2C RTC drivers
  *
  Dallas/Maxim DS1307/37/38/39/40, ST M41T00, EPSON RX-8025 (RTC_DRV_DS1307) [M/n/y/?] m
  Dallas/Maxim DS1374 (RTC_DRV_DS1374) [M/n/y/?] m
  Dallas/Maxim DS1672 (RTC_DRV_DS1672) [M/n/y/?] m
  Dallas/Maxim DS3232 (RTC_DRV_DS3232) [M/n/y/?] m
  Maxim MAX6900 (RTC_DRV_MAX6900) [M/n/y/?] m
  Ricoh R2025S/D, RS5C372A/B, RV5C386, RV5C387A (RTC_DRV_RS5C372) [M/n/y/?] m
  Intersil ISL1208 (RTC_DRV_ISL1208) [M/n/y/?] m
  Intersil ISL12022 (RTC_DRV_ISL12022) [M/n/y/?] m
  Xicor/Intersil X1205 (RTC_DRV_X1205) [M/n/y/?] m
  NXP PCF8523 (RTC_DRV_PCF8523) [M/n/y/?] m
  Philips PCF8563/Epson RTC8564 (RTC_DRV_PCF8563) [M/n/y/?] m
  Philips PCF8583 (RTC_DRV_PCF8583) [M/n/y/?] m
  ST M41T62/65/M41T80/81/82/83/84/85/87 (RTC_DRV_M41T80) [M/n/y/?] m
    ST M41T65/M41T80 series RTC watchdog timer (RTC_DRV_M41T80_WDT) [N/y/?] n
  TI BQ32000 (RTC_DRV_BQ32K) [M/n/y/?] m
  Seiko Instruments S-35390A (RTC_DRV_S35390A) [M/n/y/?] m
  Ramtron FM3130 (RTC_DRV_FM3130) [M/n/y/?] m
  Epson RX-8581 (RTC_DRV_RX8581) [M/n/y/?] m
  Epson RX-8025SA/NB (RTC_DRV_RX8025) [M/n/y/?] m
  EM Microelectronic EM3027 (RTC_DRV_EM3027) [M/n/y/?] m
  Micro Crystal RTC (RTC_DRV_RV3029C2) [M/n/y/?] m
  *
  * SPI RTC drivers
  *
  ST M41T93 (RTC_DRV_M41T93) [M/n/y/?] m
  ST M41T94 (RTC_DRV_M41T94) [M/n/y/?] m
  Dallas/Maxim DS1305/DS1306 (RTC_DRV_DS1305) [M/n/y/?] m
  Dallas/Maxim DS1390/93/94 (RTC_DRV_DS1390) [M/n/y/?] m
  Maxim MAX6902 (RTC_DRV_MAX6902) [M/n/y/?] m
  Epson RTC-9701JE (RTC_DRV_R9701) [M/n/y/?] m
  Ricoh RS5C348A/B (RTC_DRV_RS5C348) [M/n/y/?] m
  Maxim/Dallas DS3234 (RTC_DRV_DS3234) [M/n/y/?] m
  NXP PCF2123 (RTC_DRV_PCF2123) [M/n/y/?] m
  Epson RX-4581 (RTC_DRV_RX4581) [M/n/y/?] m
  *
  * Platform RTC drivers
  *
  PC-style 'CMOS' (RTC_DRV_CMOS) [N/m/y/?] n
  Dallas DS1286 (RTC_DRV_DS1286) [N/m/y/?] n
  Dallas DS1511 (RTC_DRV_DS1511) [N/m/y/?] n
  Maxim/Dallas DS1553 (RTC_DRV_DS1553) [N/m/y/?] n
  Maxim/Dallas DS1742/1743 (RTC_DRV_DS1742) [N/m/y/?] n
  Simtek STK17TA8 (RTC_DRV_STK17TA8) [N/m/y/?] n
  ST M48T86/Dallas DS12887 (RTC_DRV_M48T86) [N/m/y/?] n
  ST M48T35 (RTC_DRV_M48T35) [N/m/y/?] n
  ST M48T59/M48T08/M48T02 (RTC_DRV_M48T59) [N/m/y/?] n
  Oki MSM6242 (RTC_DRV_MSM6242) [N/m/y/?] n
  TI BQ4802 (RTC_DRV_BQ4802) [N/m/y/?] n
  Ricoh RP5C01 (RTC_DRV_RP5C01) [N/m/y/?] n
  EM Microelectronic V3020 (RTC_DRV_V3020) [N/m/y/?] n
  Dallas DS2404 (RTC_DRV_DS2404) [N/m/y/?] n
  *
  * on-CPU RTC drivers
  *
  ARM AMBA PL030 RTC (RTC_DRV_PL030) [N/m/y/?] n
  ARM AMBA PL031 RTC (RTC_DRV_PL031) [N/m/y/?] n
  Freescale SNVS RTC support (RTC_DRV_SNVS) [N/m/y/?] (NEW) 
  *
  * HID Sensor RTC drivers
  *
  HID Sensor Time (RTC_DRV_HID_SENSOR_TIME) [N/m/y/?] n
*
* Common Clock Framework
*
DebugFS representation of clock tree (COMMON_CLK_DEBUG) [Y/?] (NEW) y
Clock driver for SiLabs 5351A/B/C (COMMON_CLK_SI5351) [N/m/y/?] (NEW) 
#
# configuration written to .config
#
yes: standard output: Broken pipe
yes: write error

=> cd /home/pi/linux && scripts/config --enable PROC_DEVICETREE

=> cd /home/pi/linux && ARCH=arm CROSS_COMPILE=/home/pi/tools/arm-bcm2708/arm-bcm2708-linux-gnueabi/bin/arm-bcm2708-linux-gnueabi- make oldconfig
scripts/kconfig/conf --oldconfig Kconfig
#
# configuration written to .config
#


 Turn some modules into builtins
---------------------------------

=> cd /home/pi/linux && scripts/config --disable BCM2708_SPIDEV

=> cd /home/pi/linux && scripts/config --enable SPI_BCM2708

=> cd /home/pi/linux && scripts/config --enable I2C_BCM2708

=> cd /home/pi/linux && scripts/config --enable I2C_CHARDEV

=> cd /home/pi/linux && scripts/config --enable W1

=> cd /home/pi/linux && scripts/config --enable W1_MASTER_GPIO

=> cd /home/pi/linux && ARCH=arm CROSS_COMPILE=/home/pi/tools/arm-bcm2708/arm-bcm2708-linux-gnueabi/bin/arm-bcm2708-linux-gnueabi- make oldconfig
scripts/kconfig/conf --oldconfig Kconfig
#
# configuration written to .config
#

=> cd /home/pi/linux && scripts/config --enable LEDS_CLASS

=> cd /home/pi/linux && scripts/config --enable LEDS_GPIO

=> cd /home/pi/linux && yes "" | ARCH=arm CROSS_COMPILE=/home/pi/tools/arm-bcm2708/arm-bcm2708-linux-gnueabi/bin/arm-bcm2708-linux-gnueabi- make oldconfig
scripts/kconfig/conf --oldconfig Kconfig
*
* Restart config...
*
*
* Joysticks/Gamepads
*
Joysticks/Gamepads (INPUT_JOYSTICK) [Y/n/?] y
  Classic PC analog joysticks and gamepads (JOYSTICK_ANALOG) [N/m/y/?] n
  Assassin 3D and MadCatz Panther devices (JOYSTICK_A3D) [N/m/y/?] n
  Logitech ADI digital joysticks and gamepads (JOYSTICK_ADI) [N/m/y/?] n
  Creative Labs Blaster Cobra gamepad (JOYSTICK_COBRA) [N/m/y/?] n
  Genius Flight2000 Digital joysticks and gamepads (JOYSTICK_GF2K) [N/m/y/?] n
  Gravis GrIP joysticks and gamepads (JOYSTICK_GRIP) [N/m/y/?] n
  Gravis GrIP MultiPort (JOYSTICK_GRIP_MP) [N/m/y/?] n
  Guillemot joysticks and gamepads (JOYSTICK_GUILLEMOT) [N/m/y/?] n
  InterAct digital joysticks and gamepads (JOYSTICK_INTERACT) [N/m/y/?] n
  Microsoft SideWinder digital joysticks and gamepads (JOYSTICK_SIDEWINDER) [N/m/y/?] n
  ThrustMaster DirectConnect joysticks and gamepads (JOYSTICK_TMDC) [N/m/y/?] n
  I-Force devices (JOYSTICK_IFORCE) [M/n/y/?] m
    I-Force USB joysticks and wheels (JOYSTICK_IFORCE_USB) [Y/n/?] y
  Logitech WingMan Warrior joystick (JOYSTICK_WARRIOR) [N/m/y/?] n
  LogiCad3d Magellan/SpaceMouse 6dof controllers (JOYSTICK_MAGELLAN) [N/m/y/?] n
  SpaceTec SpaceOrb/Avenger 6dof controllers (JOYSTICK_SPACEORB) [N/m/y/?] n
  SpaceTec SpaceBall 6dof controllers (JOYSTICK_SPACEBALL) [N/m/y/?] n
  Gravis Stinger gamepad (JOYSTICK_STINGER) [N/m/y/?] n
  Twiddler as a joystick (JOYSTICK_TWIDJOY) [N/m/y/?] n
  5-byte Zhenhua RC transmitter (JOYSTICK_ZHENHUA) [N/m/y/?] n
  Austria Microsystem AS5011 joystick (JOYSTICK_AS5011) [N/m/y/?] n
  Gameport data dumper (JOYSTICK_JOYDUMP) [N/m/y/?] n
  X-Box gamepad support (JOYSTICK_XPAD) [Y/n/m/?] y
    X-Box gamepad rumble support (JOYSTICK_XPAD_FF) [Y/n/?] y
    LED Support for Xbox360 controller 'BigX' LED (JOYSTICK_XPAD_LEDS) [N/y/?] (NEW) 
*
* LED Support
*
LED Support (NEW_LEDS) [Y/?] y
  LED Class Support (LEDS_CLASS) [Y/m/?] y
  *
  * LED drivers
  *
  LCD Backlight driver for LM3530 (LEDS_LM3530) [N/m/y/?] n
  LED support for LM3642 Chip (LEDS_LM3642) [N/m/y/?] n
  LED driver for PCA9532 dimmer (LEDS_PCA9532) [N/m/y/?] n
  LED Support for GPIO connected LEDs (LEDS_GPIO) [Y/n/m/?] y
  LED Support for N.S. LP3944 (Fun Light) I2C chip (LEDS_LP3944) [N/m/y/?] n
  LED Support for N.S. LP5521 LED driver chip (LEDS_LP5521) [N/m/y/?] n
  LED Support for TI/National LP5523/55231 LED driver chip (LEDS_LP5523) [N/m/y/?] n
  LED Support for TI LP5562 LED driver chip (LEDS_LP5562) [N/m/y/?] n
  LED Support for PCA955x I2C chips (LEDS_PCA955X) [N/m/y/?] n
  LED support for PCA9633 I2C chip (LEDS_PCA9633) [N/m/y/?] n
  LED Support for DAC124S085 SPI DAC (LEDS_DAC124S085) [N/m/y/?] n
  LED driver for BD2802 RGB LED (LEDS_BD2802) [N/m/y/?] n
  LED driver for LT3593 controllers (LEDS_LT3593) [N/m/y/?] n
  LED support for Renesas TPU (LEDS_RENESAS_TPU) [N/y/?] (NEW) 
  LED Support for TCA6507 I2C chip (LEDS_TCA6507) [N/m/y/?] n
  LED support for LM355x Chips, LM3554 and LM3556 (LEDS_LM355x) [N/m/y/?] n
  LED support for the Bachmann OT200 (LEDS_OT200) [N/m/y/?] n
  LED support for the BlinkM I2C RGB LED (LEDS_BLINKM) [N/m/y/?] n
  *
  * LED Triggers
  *
  *
  * LED Trigger support
  *
  LED Trigger support (LEDS_TRIGGERS) [Y/?] y
    LED Timer Trigger (LEDS_TRIGGER_TIMER) [Y/n/m/?] y
    LED One-shot Trigger (LEDS_TRIGGER_ONESHOT) [Y/n/m/?] y
    LED Heartbeat Trigger (LEDS_TRIGGER_HEARTBEAT) [Y/n/m/?] y
    LED backlight Trigger (LEDS_TRIGGER_BACKLIGHT) [Y/n/m/?] y
    LED CPU Trigger (LEDS_TRIGGER_CPU) [Y/n/?] y
    LED GPIO Trigger (LEDS_TRIGGER_GPIO) [Y/n/m/?] y
    LED Default ON Trigger (LEDS_TRIGGER_DEFAULT_ON) [Y/n/m/?] y
    *
    * iptables trigger is under Netfilter config (LED target)
    *
    LED Transient Trigger (LEDS_TRIGGER_TRANSIENT) [M/n/y/?] m
    LED Camera Flash/Torch Trigger (LEDS_TRIGGER_CAMERA) [M/n/y/?] m
#
# configuration written to .config
#
yes: standard output: Broken pipe
yes: write error


 Touchscreen, mouse and keyboard subsystem support
---------------------------------------------------

=> cd /home/pi/linux && scripts/config --enable INPUT_TOUCHSCREEN

=> cd /home/pi/linux && scripts/config --enable INPUT_MOUSE

=> cd /home/pi/linux && scripts/config --enable INPUT_KEYBOARD

=> cd /home/pi/linux && yes n | ARCH=arm CROSS_COMPILE=/home/pi/tools/arm-bcm2708/arm-bcm2708-linux-gnueabi/bin/arm-bcm2708-linux-gnueabi- make oldconfig
scripts/kconfig/conf --oldconfig Kconfig
*
* Restart config...
*
*
* Keyboards
*
Keyboards (INPUT_KEYBOARD) [Y/n/?] y
  ADP5588/87 I2C QWERTY Keypad and IO Expander (KEYBOARD_ADP5588) [N/m/y/?] (NEW) 
  ADP5585/ADP5589 I2C QWERTY Keypad and IO Expander (KEYBOARD_ADP5589) [N/m/y/?] (NEW) 
  AT keyboard (KEYBOARD_ATKBD) [Y/n/m/?] (NEW) 
  Atmel AT42QT1070 Touch Sensor Chip (KEYBOARD_QT1070) [N/m/y/?] (NEW) 
  Atmel AT42QT2160 Touch Sensor Chip (KEYBOARD_QT2160) [N/m/y/?] (NEW) 
  DECstation/VAXstation LK201/LK401 keyboard (KEYBOARD_LKKBD) [N/m/y/?] (NEW) 
  GPIO Buttons (KEYBOARD_GPIO) [N/m/y/?] (NEW) 
  Polled GPIO buttons (KEYBOARD_GPIO_POLLED) [N/m/y/?] (NEW) 
  TCA6416/TCA6408A Keypad Support (KEYBOARD_TCA6416) [N/m/y/?] (NEW) 
  TCA8418 Keypad Support (KEYBOARD_TCA8418) [N/m/y/?] (NEW) 
  GPIO driven matrix keypad support (KEYBOARD_MATRIX) [N/m/y/?] (NEW) 
  LM8323 keypad chip (KEYBOARD_LM8323) [N/m/y/?] (NEW) 
  LM8333 keypad chip (KEYBOARD_LM8333) [N/m/y/?] (NEW) 
  Maxim MAX7359 Key Switch Controller (KEYBOARD_MAX7359) [N/m/y/?] (NEW) 
  MELFAS MCS Touchkey (KEYBOARD_MCS) [N/m/y/?] (NEW) 
  Freescale MPR121 Touchkey (KEYBOARD_MPR121) [N/m/y/?] (NEW) 
  Newton keyboard (KEYBOARD_NEWTON) [N/m/y/?] (NEW) 
  OpenCores Keyboard Controller (KEYBOARD_OPENCORES) [N/m/y/?] (NEW) 
  Samsung keypad support (KEYBOARD_SAMSUNG) [N/m/y/?] (NEW) 
  Stowaway keyboard (KEYBOARD_STOWAWAY) [N/m/y/?] (NEW) 
  Sun Type 4 and Type 5 keyboard (KEYBOARD_SUNKBD) [N/m/y/?] (NEW) 
  XT keyboard (KEYBOARD_XTKBD) [N/m/y/?] (NEW) 
*
* Mice
*
Mice (INPUT_MOUSE) [Y/n/?] y
  PS/2 mouse (MOUSE_PS2) [Y/n/m/?] (NEW) 
  Serial mouse (MOUSE_SERIAL) [N/m/y/?] (NEW) 
  Apple USB Touchpad support (MOUSE_APPLETOUCH) [N/m/y/?] (NEW) 
  Apple USB BCM5974 Multitouch trackpad support (MOUSE_BCM5974) [N/m/y/?] (NEW) 
  Cypress APA I2C Trackpad support (MOUSE_CYAPA) [N/m/y/?] (NEW) 
  DEC VSXXX-AA/GA mouse and VSXXX-AB tablet (MOUSE_VSXXXAA) [N/m/y/?] (NEW) 
  GPIO mouse (MOUSE_GPIO) [N/m/y/?] (NEW) 
  Synaptics I2C Touchpad support (MOUSE_SYNAPTICS_I2C) [N/m/y/?] (NEW) 
  Synaptics USB device support (MOUSE_SYNAPTICS_USB) [N/m/y/?] (NEW) 
*
* Touchscreens
*
Touchscreens (INPUT_TOUCHSCREEN) [Y/n/?] y
  ADS7846/TSC2046/AD7873 and AD(S)7843 based touchscreens (TOUCHSCREEN_ADS7846) [N/m/y/?] (NEW) 
  AD7877 based touchscreens (TOUCHSCREEN_AD7877) [N/m/y/?] (NEW) 
  Analog Devices AD7879-1/AD7889-1 touchscreen interface (TOUCHSCREEN_AD7879) [N/m/y/?] (NEW) 
  Atmel mXT I2C Touchscreen (TOUCHSCREEN_ATMEL_MXT) [N/m/y/?] (NEW) 
  AUO in-cell touchscreen using Pixcir ICs (TOUCHSCREEN_AUO_PIXCIR) [N/m/y/?] (NEW) 
  BU21013 based touch panel controllers (TOUCHSCREEN_BU21013) [N/m/y/?] (NEW) 
  cy8ctmg110 touchscreen (TOUCHSCREEN_CY8CTMG110) [N/m/y/?] (NEW) 
  Cypress TTSP touchscreen (TOUCHSCREEN_CYTTSP_CORE) [N/m/y/?] (NEW) 
  Dynapro serial touchscreen (TOUCHSCREEN_DYNAPRO) [N/m/y/?] (NEW) 
  Hampshire serial touchscreen (TOUCHSCREEN_HAMPSHIRE) [N/m/y/?] (NEW) 
  EETI touchscreen panel support (TOUCHSCREEN_EETI) [N/m/y/?] (NEW) 
  EETI eGalax multi-touch panel support (TOUCHSCREEN_EGALAX) [N/m/y/?] (NEW) 
  Fujitsu serial touchscreen (TOUCHSCREEN_FUJITSU) [N/m/y/?] (NEW) 
  Ilitek ILI210X based touchscreen (TOUCHSCREEN_ILI210X) [N/m/y/?] (NEW) 
  Gunze AHL-51S touchscreen (TOUCHSCREEN_GUNZE) [N/m/y/?] (NEW) 
  Elo serial touchscreens (TOUCHSCREEN_ELO) [N/m/y/?] (NEW) 
  Wacom W8001 penabled serial touchscreen (TOUCHSCREEN_WACOM_W8001) [N/m/y/?] (NEW) 
  Wacom Tablet support (I2C) (TOUCHSCREEN_WACOM_I2C) [N/m/y/?] (NEW) 
  MAX11801 based touchscreens (TOUCHSCREEN_MAX11801) [N/m/y/?] (NEW) 
  MELFAS MCS-5000 touchscreen (TOUCHSCREEN_MCS5000) [N/m/y/?] (NEW) 
  MELFAS MMS114 touchscreen (TOUCHSCREEN_MMS114) [N/m/y/?] (NEW) 
  MicroTouch serial touchscreens (TOUCHSCREEN_MTOUCH) [N/m/y/?] (NEW) 
  iNexio serial touchscreens (TOUCHSCREEN_INEXIO) [N/m/y/?] (NEW) 
  ICS MicroClock MK712 touchscreen (TOUCHSCREEN_MK712) [N/m/y/?] (NEW) 
  Penmount serial touchscreen (TOUCHSCREEN_PENMOUNT) [N/m/y/?] (NEW) 
  EDT FocalTech FT5x06 I2C Touchscreen support (TOUCHSCREEN_EDT_FT5X06) [N/m/y/?] (NEW) 
  Touchright serial touchscreen (TOUCHSCREEN_TOUCHRIGHT) [N/m/y/?] (NEW) 
  Touchwin serial touchscreen (TOUCHSCREEN_TOUCHWIN) [N/m/y/?] (NEW) 
  PIXCIR I2C touchscreens (TOUCHSCREEN_PIXCIR) [N/m/y/?] (NEW) 
  Support for WM97xx AC97 touchscreen controllers (TOUCHSCREEN_WM97XX) [N/m/?] (NEW) 
  USB Touchscreen Driver (TOUCHSCREEN_USB_COMPOSITE) [N/m/y/?] (NEW) 
  Sahara TouchIT-213 touchscreen (TOUCHSCREEN_TOUCHIT213) [N/m/y/?] (NEW) 
  TSC-10/25/40 serial touchscreen support (TOUCHSCREEN_TSC_SERIO) [N/m/y/?] (NEW) 
  TSC2005 based touchscreens (TOUCHSCREEN_TSC2005) [N/m/y/?] (NEW) 
  TSC2007 based touchscreens (TOUCHSCREEN_TSC2007) [N/m/y/?] (NEW) 
  W90P910 touchscreen driver (TOUCHSCREEN_W90X900) [N/m/y/?] (NEW) 
  Sitronix ST1232 touchscreen controllers (TOUCHSCREEN_ST1232) [N/m/y/?] (NEW) 
  TPS6507x based touchscreens (TOUCHSCREEN_TPS6507X) [N/m/y/?] (NEW) 
#
# configuration written to .config
#
yes: standard output: Broken pipe
yes: write error


 TOUCHSCREEN_ADS7846, MOUSE_GPIO, KEYBOARD_GPIO, KEYBOARD_GPIO_POLLED
----------------------------------------------------------------------

=> cd /home/pi/linux && scripts/config --enable TOUCHSCREEN_ADS7846

=> cd /home/pi/linux && scripts/config --enable MOUSE_GPIO

=> cd /home/pi/linux && scripts/config --enable KEYBOARD_GPIO

=> cd /home/pi/linux && scripts/config --enable KEYBOARD_GPIO_POLLED

=> cd /home/pi/linux && ARCH=arm CROSS_COMPILE=/home/pi/tools/arm-bcm2708/arm-bcm2708-linux-gnueabi/bin/arm-bcm2708-linux-gnueabi- make oldconfig
scripts/kconfig/conf --oldconfig Kconfig
#
# configuration written to .config
#

#
# End: config
# Time: Sun Nov  3 18:57:40 2013
# Elapsed: 0.80 min
#

