
#
# Begin: modules_install: Install kernel modules
# Time: Thu Oct 31 22:44:06 2013
#


=> rm -rf /home/pi/modules

=> mkdir -p /home/pi/modules

=> cd /home/pi/linux && ARCH=arm CROSS_COMPILE=/home/pi/tools/arm-bcm2708/arm-bcm2708-linux-gnueabi/bin/arm-bcm2708-linux-gnueabi- make INSTALL_MOD_PATH=/home/pi/modules modules_install
  INSTALL arch/arm/mach-bcm2708/dmaer_master.ko
  INSTALL arch/arm/oprofile/oprofile.ko
  INSTALL crypto/aes_generic.ko
  INSTALL crypto/arc4.ko
  INSTALL crypto/async_tx/async_memcpy.ko
  INSTALL crypto/async_tx/async_pq.ko
  INSTALL crypto/async_tx/async_raid6_recov.ko
  INSTALL crypto/async_tx/async_tx.ko
  INSTALL crypto/async_tx/async_xor.ko
  INSTALL crypto/authenc.ko
  INSTALL crypto/authencesn.ko
  INSTALL crypto/cast5.ko
  INSTALL crypto/cryptd.ko
  INSTALL crypto/crypto_null.ko
  INSTALL crypto/crypto_user.ko
  INSTALL crypto/deflate.ko
  INSTALL crypto/ecb.ko
  INSTALL crypto/gf128mul.ko
  INSTALL crypto/md4.ko
  INSTALL crypto/michael_mic.ko
  INSTALL crypto/seqiv.ko
  INSTALL crypto/sha256_generic.ko
  INSTALL crypto/sha512_generic.ko
  INSTALL crypto/tgr192.ko
  INSTALL crypto/wp512.ko
  INSTALL crypto/xcbc.ko
  INSTALL crypto/xor.ko
  INSTALL crypto/xts.ko
  INSTALL drivers/block/cryptoloop.ko
  INSTALL drivers/block/drbd/drbd.ko
  INSTALL drivers/block/nbd.ko
  INSTALL drivers/block/pktcdvd.ko
  INSTALL drivers/bluetooth/ath3k.ko
  INSTALL drivers/bluetooth/bcm203x.ko
  INSTALL drivers/bluetooth/bfusb.ko
  INSTALL drivers/bluetooth/bpa10x.ko
  INSTALL drivers/bluetooth/btmrvl.ko
  INSTALL drivers/bluetooth/btmrvl_sdio.ko
  INSTALL drivers/bluetooth/btusb.ko
  INSTALL drivers/bluetooth/hci_vhci.ko
  INSTALL drivers/cdrom/cdrom.ko
  INSTALL drivers/char/hw_random/bcm2708-rng.ko
  INSTALL drivers/char/hw_random/rng-core.ko
  INSTALL drivers/connector/cn.ko
  INSTALL drivers/cpufreq/cpufreq_stats.ko
  INSTALL drivers/hid/hid-a4tech.ko
  INSTALL drivers/hid/hid-apple.ko
  INSTALL drivers/hid/hid-axff.ko
  INSTALL drivers/hid/hid-belkin.ko
  INSTALL drivers/hid/hid-cherry.ko
  INSTALL drivers/hid/hid-chicony.ko
  INSTALL drivers/hid/hid-cypress.ko
  INSTALL drivers/hid/hid-dr.ko
  INSTALL drivers/hid/hid-elecom.ko
  INSTALL drivers/hid/hid-emsff.ko
  INSTALL drivers/hid/hid-ezkey.ko
  INSTALL drivers/hid/hid-gaff.ko
  INSTALL drivers/hid/hid-gyration.ko
  INSTALL drivers/hid/hid-holtek-kbd.ko
  INSTALL drivers/hid/hid-holtekff.ko
  INSTALL drivers/hid/hid-kensington.ko
  INSTALL drivers/hid/hid-keytouch.ko
  INSTALL drivers/hid/hid-kye.ko
  INSTALL drivers/hid/hid-lcpower.ko
  INSTALL drivers/hid/hid-logitech-dj.ko
  INSTALL drivers/hid/hid-logitech.ko
  INSTALL drivers/hid/hid-magicmouse.ko
  INSTALL drivers/hid/hid-microsoft.ko
  INSTALL drivers/hid/hid-monterey.ko
  INSTALL drivers/hid/hid-multitouch.ko
  INSTALL drivers/hid/hid-ntrig.ko
  INSTALL drivers/hid/hid-ortek.ko
  INSTALL drivers/hid/hid-petalynx.ko
  INSTALL drivers/hid/hid-picolcd.ko
  INSTALL drivers/hid/hid-pl.ko
  INSTALL drivers/hid/hid-roccat-arvo.ko
  INSTALL drivers/hid/hid-roccat-common.ko
  INSTALL drivers/hid/hid-roccat-isku.ko
  INSTALL drivers/hid/hid-roccat-kone.ko
  INSTALL drivers/hid/hid-roccat-koneplus.ko
  INSTALL drivers/hid/hid-roccat-kovaplus.ko
  INSTALL drivers/hid/hid-roccat-pyra.ko
  INSTALL drivers/hid/hid-roccat-savu.ko
  INSTALL drivers/hid/hid-roccat.ko
  INSTALL drivers/hid/hid-samsung.ko
  INSTALL drivers/hid/hid-sjoy.ko
  INSTALL drivers/hid/hid-sony.ko
  INSTALL drivers/hid/hid-speedlink.ko
  INSTALL drivers/hid/hid-sunplus.ko
  INSTALL drivers/hid/hid-tmff.ko
  INSTALL drivers/hid/hid-topseed.ko
  INSTALL drivers/hid/hid-twinhan.ko
  INSTALL drivers/hid/hid-uclogic.ko
  INSTALL drivers/hid/hid-wacom.ko
  INSTALL drivers/hid/hid-waltop.ko
  INSTALL drivers/hid/hid-wiimote.ko
  INSTALL drivers/hid/hid-zpff.ko
  INSTALL drivers/hid/hid-zydacron.ko
  INSTALL drivers/i2c/algos/i2c-algo-bit.ko
  INSTALL drivers/i2c/busses/i2c-bcm2708.ko
  INSTALL drivers/i2c/i2c-dev.ko
  INSTALL drivers/input/evdev.ko
  INSTALL drivers/input/ff-memless.ko
  INSTALL drivers/input/gameport/gameport.ko
  INSTALL drivers/input/gameport/lightning.ko
  INSTALL drivers/input/gameport/ns558.ko
  INSTALL drivers/input/input-polldev.ko
  INSTALL drivers/input/joydev.ko
  INSTALL drivers/input/keyboard/gpio_keys.ko
  INSTALL drivers/input/keyboard/gpio_keys_polled.ko
  INSTALL drivers/input/misc/ad714x-i2c.ko
  INSTALL drivers/input/misc/ad714x-spi.ko
  INSTALL drivers/input/misc/ad714x.ko
  INSTALL drivers/input/misc/adxl34x-i2c.ko
  INSTALL drivers/input/misc/adxl34x-spi.ko
  INSTALL drivers/input/misc/adxl34x.ko
  INSTALL drivers/input/misc/ati_remote2.ko
  INSTALL drivers/input/misc/cm109.ko
  INSTALL drivers/input/misc/cma3000_d0x.ko
  INSTALL drivers/input/misc/keyspan_remote.ko
  INSTALL drivers/input/misc/powermate.ko
  INSTALL drivers/input/misc/rotary_encoder.ko
  INSTALL drivers/input/misc/uinput.ko
  INSTALL drivers/input/misc/yealink.ko
  INSTALL drivers/input/mouse/gpio_mouse.ko
  INSTALL drivers/input/serio/serio.ko
  INSTALL drivers/input/serio/serio_raw.ko
  INSTALL drivers/input/serio/serport.ko
  INSTALL drivers/input/touchscreen/ads7846.ko
  INSTALL drivers/leds/led-class.ko
  INSTALL drivers/leds/leds-gpio.ko
  INSTALL drivers/leds/ledtrig-default-on.ko
  INSTALL drivers/leds/ledtrig-heartbeat.ko
  INSTALL drivers/leds/ledtrig-timer.ko
  INSTALL drivers/md/dm-crypt.ko
  INSTALL drivers/md/dm-delay.ko
  INSTALL drivers/md/dm-log-userspace.ko
  INSTALL drivers/md/dm-log.ko
  INSTALL drivers/md/dm-mirror.ko
  INSTALL drivers/md/dm-mod.ko
  INSTALL drivers/md/dm-raid.ko
  INSTALL drivers/md/dm-region-hash.ko
  INSTALL drivers/md/dm-snapshot.ko
  INSTALL drivers/md/dm-zero.ko
  INSTALL drivers/md/md-mod.ko
  INSTALL drivers/md/raid0.ko
  INSTALL drivers/md/raid1.ko
  INSTALL drivers/md/raid10.ko
  INSTALL drivers/md/raid456.ko
  INSTALL drivers/media/common/tuners/fc0011.ko
  INSTALL drivers/media/common/tuners/fc0012.ko
  INSTALL drivers/media/common/tuners/fc0013.ko
  INSTALL drivers/media/common/tuners/max2165.ko
  INSTALL drivers/media/common/tuners/mc44s803.ko
  INSTALL drivers/media/common/tuners/mt2060.ko
  INSTALL drivers/media/common/tuners/mt2063.ko
  INSTALL drivers/media/common/tuners/mt20xx.ko
  INSTALL drivers/media/common/tuners/mt2131.ko
  INSTALL drivers/media/common/tuners/mt2266.ko
  INSTALL drivers/media/common/tuners/mxl5005s.ko
  INSTALL drivers/media/common/tuners/mxl5007t.ko
  INSTALL drivers/media/common/tuners/qt1010.ko
  INSTALL drivers/media/common/tuners/tda18212.ko
  INSTALL drivers/media/common/tuners/tda18218.ko
  INSTALL drivers/media/common/tuners/tda18271.ko
  INSTALL drivers/media/common/tuners/tda827x.ko
  INSTALL drivers/media/common/tuners/tda8290.ko
  INSTALL drivers/media/common/tuners/tda9887.ko
  INSTALL drivers/media/common/tuners/tea5761.ko
  INSTALL drivers/media/common/tuners/tea5767.ko
  INSTALL drivers/media/common/tuners/tua9001.ko
  INSTALL drivers/media/common/tuners/tuner-simple.ko
  INSTALL drivers/media/common/tuners/tuner-types.ko
  INSTALL drivers/media/common/tuners/tuner-xc2028.ko
  INSTALL drivers/media/common/tuners/xc4000.ko
  INSTALL drivers/media/common/tuners/xc5000.ko
  INSTALL drivers/media/dvb/b2c2/b2c2-flexcop-usb.ko
  INSTALL drivers/media/dvb/b2c2/b2c2-flexcop.ko
  INSTALL drivers/media/dvb/dvb-core/dvb-core.ko
  INSTALL drivers/media/dvb/dvb-usb/dvb-usb-a800.ko
  INSTALL drivers/media/dvb/dvb-usb/dvb-usb-af9005-remote.ko
  INSTALL drivers/media/dvb/dvb-usb/dvb-usb-af9005.ko
  INSTALL drivers/media/dvb/dvb-usb/dvb-usb-af9015.ko
  INSTALL drivers/media/dvb/dvb-usb/dvb-usb-af9035.ko
  INSTALL drivers/media/dvb/dvb-usb/dvb-usb-anysee.ko
  INSTALL drivers/media/dvb/dvb-usb/dvb-usb-au6610.ko
  INSTALL drivers/media/dvb/dvb-usb/dvb-usb-az6007.ko
  INSTALL drivers/media/dvb/dvb-usb/dvb-usb-az6027.ko
  INSTALL drivers/media/dvb/dvb-usb/dvb-usb-ce6230.ko
  INSTALL drivers/media/dvb/dvb-usb/dvb-usb-cinergyT2.ko
  INSTALL drivers/media/dvb/dvb-usb/dvb-usb-cxusb.ko
  INSTALL drivers/media/dvb/dvb-usb/dvb-usb-dib0700.ko
  INSTALL drivers/media/dvb/dvb-usb/dvb-usb-dibusb-common.ko
  INSTALL drivers/media/dvb/dvb-usb/dvb-usb-dibusb-mb.ko
  INSTALL drivers/media/dvb/dvb-usb/dvb-usb-dibusb-mc.ko
  INSTALL drivers/media/dvb/dvb-usb/dvb-usb-digitv.ko
  INSTALL drivers/media/dvb/dvb-usb/dvb-usb-dtt200u.ko
  INSTALL drivers/media/dvb/dvb-usb/dvb-usb-dtv5100.ko
  INSTALL drivers/media/dvb/dvb-usb/dvb-usb-dw2102.ko
  INSTALL drivers/media/dvb/dvb-usb/dvb-usb-ec168.ko
  INSTALL drivers/media/dvb/dvb-usb/dvb-usb-friio.ko
  INSTALL drivers/media/dvb/dvb-usb/dvb-usb-gl861.ko
  INSTALL drivers/media/dvb/dvb-usb/dvb-usb-gp8psk.ko
  INSTALL drivers/media/dvb/dvb-usb/dvb-usb-it913x.ko
  INSTALL drivers/media/dvb/dvb-usb/dvb-usb-lmedm04.ko
  INSTALL drivers/media/dvb/dvb-usb/dvb-usb-m920x.ko
  INSTALL drivers/media/dvb/dvb-usb/dvb-usb-mxl111sf.ko
  INSTALL drivers/media/dvb/dvb-usb/dvb-usb-nova-t-usb2.ko
  INSTALL drivers/media/dvb/dvb-usb/dvb-usb-opera.ko
  INSTALL drivers/media/dvb/dvb-usb/dvb-usb-pctv452e.ko
  INSTALL drivers/media/dvb/dvb-usb/dvb-usb-rtl28xxu.ko
  INSTALL drivers/media/dvb/dvb-usb/dvb-usb-technisat-usb2.ko
  INSTALL drivers/media/dvb/dvb-usb/dvb-usb-ttusb2.ko
  INSTALL drivers/media/dvb/dvb-usb/dvb-usb-umt-010.ko
  INSTALL drivers/media/dvb/dvb-usb/dvb-usb-vp702x.ko
  INSTALL drivers/media/dvb/dvb-usb/dvb-usb-vp7045.ko
  INSTALL drivers/media/dvb/dvb-usb/dvb-usb.ko
  INSTALL drivers/media/dvb/dvb-usb/mxl111sf-demod.ko
  INSTALL drivers/media/dvb/dvb-usb/mxl111sf-tuner.ko
  INSTALL drivers/media/dvb/frontends/a8293.ko
  INSTALL drivers/media/dvb/frontends/af9013.ko
  INSTALL drivers/media/dvb/frontends/af9033.ko
  INSTALL drivers/media/dvb/frontends/atbm8830.ko
  INSTALL drivers/media/dvb/frontends/au8522_common.ko
  INSTALL drivers/media/dvb/frontends/au8522_decoder.ko
  INSTALL drivers/media/dvb/frontends/au8522_dig.ko
  INSTALL drivers/media/dvb/frontends/bcm3510.ko
  INSTALL drivers/media/dvb/frontends/cx22700.ko
  INSTALL drivers/media/dvb/frontends/cx22702.ko
  INSTALL drivers/media/dvb/frontends/cx24110.ko
  INSTALL drivers/media/dvb/frontends/cx24113.ko
  INSTALL drivers/media/dvb/frontends/cx24116.ko
  INSTALL drivers/media/dvb/frontends/cx24123.ko
  INSTALL drivers/media/dvb/frontends/cxd2820r.ko
  INSTALL drivers/media/dvb/frontends/dib0070.ko
  INSTALL drivers/media/dvb/frontends/dib0090.ko
  INSTALL drivers/media/dvb/frontends/dib3000mb.ko
  INSTALL drivers/media/dvb/frontends/dib3000mc.ko
  INSTALL drivers/media/dvb/frontends/dib7000m.ko
  INSTALL drivers/media/dvb/frontends/dib7000p.ko
  INSTALL drivers/media/dvb/frontends/dib8000.ko
  INSTALL drivers/media/dvb/frontends/dib9000.ko
  INSTALL drivers/media/dvb/frontends/dibx000_common.ko
  INSTALL drivers/media/dvb/frontends/drxd.ko
  INSTALL drivers/media/dvb/frontends/drxk.ko
  INSTALL drivers/media/dvb/frontends/ds3000.ko
  INSTALL drivers/media/dvb/frontends/dvb-pll.ko
  INSTALL drivers/media/dvb/frontends/ec100.ko
  INSTALL drivers/media/dvb/frontends/hd29l2.ko
  INSTALL drivers/media/dvb/frontends/isl6405.ko
  INSTALL drivers/media/dvb/frontends/isl6421.ko
  INSTALL drivers/media/dvb/frontends/isl6423.ko
  INSTALL drivers/media/dvb/frontends/it913x-fe.ko
  INSTALL drivers/media/dvb/frontends/itd1000.ko
  INSTALL drivers/media/dvb/frontends/ix2505v.ko
  INSTALL drivers/media/dvb/frontends/l64781.ko
  INSTALL drivers/media/dvb/frontends/lg2160.ko
  INSTALL drivers/media/dvb/frontends/lgdt3305.ko
  INSTALL drivers/media/dvb/frontends/lgdt330x.ko
  INSTALL drivers/media/dvb/frontends/lgs8gl5.ko
  INSTALL drivers/media/dvb/frontends/lgs8gxx.ko
  INSTALL drivers/media/dvb/frontends/lnbp21.ko
  INSTALL drivers/media/dvb/frontends/lnbp22.ko
  INSTALL drivers/media/dvb/frontends/m88rs2000.ko
  INSTALL drivers/media/dvb/frontends/mb86a16.ko
  INSTALL drivers/media/dvb/frontends/mb86a20s.ko
  INSTALL drivers/media/dvb/frontends/mt312.ko
  INSTALL drivers/media/dvb/frontends/mt352.ko
  INSTALL drivers/media/dvb/frontends/nxt200x.ko
  INSTALL drivers/media/dvb/frontends/nxt6000.ko
  INSTALL drivers/media/dvb/frontends/or51132.ko
  INSTALL drivers/media/dvb/frontends/or51211.ko
  INSTALL drivers/media/dvb/frontends/rtl2830.ko
  INSTALL drivers/media/dvb/frontends/rtl2832.ko
  INSTALL drivers/media/dvb/frontends/s5h1409.ko
  INSTALL drivers/media/dvb/frontends/s5h1411.ko
  INSTALL drivers/media/dvb/frontends/s5h1420.ko
  INSTALL drivers/media/dvb/frontends/s5h1432.ko
  INSTALL drivers/media/dvb/frontends/s921.ko
  INSTALL drivers/media/dvb/frontends/si21xx.ko
  INSTALL drivers/media/dvb/frontends/sp8870.ko
  INSTALL drivers/media/dvb/frontends/sp887x.ko
  INSTALL drivers/media/dvb/frontends/stb0899.ko
  INSTALL drivers/media/dvb/frontends/stb6000.ko
  INSTALL drivers/media/dvb/frontends/stb6100.ko
  INSTALL drivers/media/dvb/frontends/stv0288.ko
  INSTALL drivers/media/dvb/frontends/stv0297.ko
  INSTALL drivers/media/dvb/frontends/stv0299.ko
  INSTALL drivers/media/dvb/frontends/stv0367.ko
  INSTALL drivers/media/dvb/frontends/stv0900.ko
  INSTALL drivers/media/dvb/frontends/stv090x.ko
  INSTALL drivers/media/dvb/frontends/stv6110.ko
  INSTALL drivers/media/dvb/frontends/stv6110x.ko
  INSTALL drivers/media/dvb/frontends/tda10021.ko
  INSTALL drivers/media/dvb/frontends/tda10023.ko
  INSTALL drivers/media/dvb/frontends/tda10048.ko
  INSTALL drivers/media/dvb/frontends/tda1004x.ko
  INSTALL drivers/media/dvb/frontends/tda10071.ko
  INSTALL drivers/media/dvb/frontends/tda10086.ko
  INSTALL drivers/media/dvb/frontends/tda18271c2dd.ko
  INSTALL drivers/media/dvb/frontends/tda665x.ko
  INSTALL drivers/media/dvb/frontends/tda8083.ko
  INSTALL drivers/media/dvb/frontends/tda8261.ko
  INSTALL drivers/media/dvb/frontends/tda826x.ko
  INSTALL drivers/media/dvb/frontends/tua6100.ko
  INSTALL drivers/media/dvb/frontends/ves1820.ko
  INSTALL drivers/media/dvb/frontends/ves1x93.ko
  INSTALL drivers/media/dvb/frontends/zl10036.ko
  INSTALL drivers/media/dvb/frontends/zl10039.ko
  INSTALL drivers/media/dvb/frontends/zl10353.ko
  INSTALL drivers/media/dvb/siano/smsdvb.ko
  INSTALL drivers/media/dvb/siano/smsmdtv.ko
  INSTALL drivers/media/dvb/siano/smsusb.ko
  INSTALL drivers/media/dvb/ttpci/ttpci-eeprom.ko
  INSTALL drivers/media/media.ko
  INSTALL drivers/media/radio/dsbr100.ko
  INSTALL drivers/media/radio/radio-keene.ko
  INSTALL drivers/media/radio/radio-mr800.ko
  INSTALL drivers/media/radio/radio-shark.ko
  INSTALL drivers/media/radio/radio-si4713.ko
  INSTALL drivers/media/radio/radio-tea5764.ko
  INSTALL drivers/media/radio/saa7706h.ko
  INSTALL drivers/media/radio/shark2.ko
  INSTALL drivers/media/radio/si4713-i2c.ko
  INSTALL drivers/media/radio/tef6862.ko
  INSTALL drivers/media/rc/ati_remote.ko
  INSTALL drivers/media/rc/gpio-ir-recv.ko
  INSTALL drivers/media/rc/iguanair.ko
  INSTALL drivers/media/rc/imon.ko
  INSTALL drivers/media/rc/ir-jvc-decoder.ko
  INSTALL drivers/media/rc/ir-lirc-codec.ko
  INSTALL drivers/media/rc/ir-mce_kbd-decoder.ko
  INSTALL drivers/media/rc/ir-nec-decoder.ko
  INSTALL drivers/media/rc/ir-rc5-decoder.ko
  INSTALL drivers/media/rc/ir-rc5-sz-decoder.ko
  INSTALL drivers/media/rc/ir-rc6-decoder.ko
  INSTALL drivers/media/rc/ir-sanyo-decoder.ko
  INSTALL drivers/media/rc/ir-sony-decoder.ko
  INSTALL drivers/media/rc/keymaps/rc-adstech-dvb-t-pci.ko
  INSTALL drivers/media/rc/keymaps/rc-alink-dtu-m.ko
  INSTALL drivers/media/rc/keymaps/rc-anysee.ko
  INSTALL drivers/media/rc/keymaps/rc-apac-viewcomp.ko
  INSTALL drivers/media/rc/keymaps/rc-asus-pc39.ko
  INSTALL drivers/media/rc/keymaps/rc-asus-ps3-100.ko
  INSTALL drivers/media/rc/keymaps/rc-ati-tv-wonder-hd-600.ko
  INSTALL drivers/media/rc/keymaps/rc-ati-x10.ko
  INSTALL drivers/media/rc/keymaps/rc-avermedia-a16d.ko
  INSTALL drivers/media/rc/keymaps/rc-avermedia-cardbus.ko
  INSTALL drivers/media/rc/keymaps/rc-avermedia-dvbt.ko
  INSTALL drivers/media/rc/keymaps/rc-avermedia-m135a.ko
  INSTALL drivers/media/rc/keymaps/rc-avermedia-m733a-rm-k6.ko
  INSTALL drivers/media/rc/keymaps/rc-avermedia-rm-ks.ko
  INSTALL drivers/media/rc/keymaps/rc-avermedia.ko
  INSTALL drivers/media/rc/keymaps/rc-avertv-303.ko
  INSTALL drivers/media/rc/keymaps/rc-azurewave-ad-tu700.ko
  INSTALL drivers/media/rc/keymaps/rc-behold-columbus.ko
  INSTALL drivers/media/rc/keymaps/rc-behold.ko
  INSTALL drivers/media/rc/keymaps/rc-budget-ci-old.ko
  INSTALL drivers/media/rc/keymaps/rc-cinergy-1400.ko
  INSTALL drivers/media/rc/keymaps/rc-cinergy.ko
  INSTALL drivers/media/rc/keymaps/rc-dib0700-nec.ko
  INSTALL drivers/media/rc/keymaps/rc-dib0700-rc5.ko
  INSTALL drivers/media/rc/keymaps/rc-digitalnow-tinytwin.ko
  INSTALL drivers/media/rc/keymaps/rc-digittrade.ko
  INSTALL drivers/media/rc/keymaps/rc-dm1105-nec.ko
  INSTALL drivers/media/rc/keymaps/rc-dntv-live-dvb-t.ko
  INSTALL drivers/media/rc/keymaps/rc-dntv-live-dvbt-pro.ko
  INSTALL drivers/media/rc/keymaps/rc-em-terratec.ko
  INSTALL drivers/media/rc/keymaps/rc-encore-enltv-fm53.ko
  INSTALL drivers/media/rc/keymaps/rc-encore-enltv.ko
  INSTALL drivers/media/rc/keymaps/rc-encore-enltv2.ko
  INSTALL drivers/media/rc/keymaps/rc-evga-indtube.ko
  INSTALL drivers/media/rc/keymaps/rc-eztv.ko
  INSTALL drivers/media/rc/keymaps/rc-flydvb.ko
  INSTALL drivers/media/rc/keymaps/rc-flyvideo.ko
  INSTALL drivers/media/rc/keymaps/rc-fusionhdtv-mce.ko
  INSTALL drivers/media/rc/keymaps/rc-gadmei-rm008z.ko
  INSTALL drivers/media/rc/keymaps/rc-genius-tvgo-a11mce.ko
  INSTALL drivers/media/rc/keymaps/rc-gotview7135.ko
  INSTALL drivers/media/rc/keymaps/rc-hauppauge.ko
  INSTALL drivers/media/rc/keymaps/rc-imon-mce.ko
  INSTALL drivers/media/rc/keymaps/rc-imon-pad.ko
  INSTALL drivers/media/rc/keymaps/rc-iodata-bctv7e.ko
  INSTALL drivers/media/rc/keymaps/rc-it913x-v1.ko
  INSTALL drivers/media/rc/keymaps/rc-it913x-v2.ko
  INSTALL drivers/media/rc/keymaps/rc-kaiomy.ko
  INSTALL drivers/media/rc/keymaps/rc-kworld-315u.ko
  INSTALL drivers/media/rc/keymaps/rc-kworld-pc150u.ko
  INSTALL drivers/media/rc/keymaps/rc-kworld-plus-tv-analog.ko
  INSTALL drivers/media/rc/keymaps/rc-leadtek-y04g0051.ko
  INSTALL drivers/media/rc/keymaps/rc-lirc.ko
  INSTALL drivers/media/rc/keymaps/rc-lme2510.ko
  INSTALL drivers/media/rc/keymaps/rc-manli.ko
  INSTALL drivers/media/rc/keymaps/rc-medion-x10-digitainer.ko
  INSTALL drivers/media/rc/keymaps/rc-medion-x10-or2x.ko
  INSTALL drivers/media/rc/keymaps/rc-medion-x10.ko
  INSTALL drivers/media/rc/keymaps/rc-msi-digivox-ii.ko
  INSTALL drivers/media/rc/keymaps/rc-msi-digivox-iii.ko
  INSTALL drivers/media/rc/keymaps/rc-msi-tvanywhere-plus.ko
  INSTALL drivers/media/rc/keymaps/rc-msi-tvanywhere.ko
  INSTALL drivers/media/rc/keymaps/rc-nebula.ko
  INSTALL drivers/media/rc/keymaps/rc-nec-terratec-cinergy-xs.ko
  INSTALL drivers/media/rc/keymaps/rc-norwood.ko
  INSTALL drivers/media/rc/keymaps/rc-npgtech.ko
  INSTALL drivers/media/rc/keymaps/rc-pctv-sedna.ko
  INSTALL drivers/media/rc/keymaps/rc-pinnacle-color.ko
  INSTALL drivers/media/rc/keymaps/rc-pinnacle-grey.ko
  INSTALL drivers/media/rc/keymaps/rc-pinnacle-pctv-hd.ko
  INSTALL drivers/media/rc/keymaps/rc-pixelview-002t.ko
  INSTALL drivers/media/rc/keymaps/rc-pixelview-mk12.ko
  INSTALL drivers/media/rc/keymaps/rc-pixelview-new.ko
  INSTALL drivers/media/rc/keymaps/rc-pixelview.ko
  INSTALL drivers/media/rc/keymaps/rc-powercolor-real-angel.ko
  INSTALL drivers/media/rc/keymaps/rc-proteus-2309.ko
  INSTALL drivers/media/rc/keymaps/rc-purpletv.ko
  INSTALL drivers/media/rc/keymaps/rc-pv951.ko
  INSTALL drivers/media/rc/keymaps/rc-rc6-mce.ko
  INSTALL drivers/media/rc/keymaps/rc-real-audio-220-32-keys.ko
  INSTALL drivers/media/rc/keymaps/rc-snapstream-firefly.ko
  INSTALL drivers/media/rc/keymaps/rc-streamzap.ko
  INSTALL drivers/media/rc/keymaps/rc-tbs-nec.ko
  INSTALL drivers/media/rc/keymaps/rc-technisat-usb2.ko
  INSTALL drivers/media/rc/keymaps/rc-terratec-cinergy-xs.ko
  INSTALL drivers/media/rc/keymaps/rc-terratec-slim-2.ko
  INSTALL drivers/media/rc/keymaps/rc-terratec-slim.ko
  INSTALL drivers/media/rc/keymaps/rc-tevii-nec.ko
  INSTALL drivers/media/rc/keymaps/rc-tivo.ko
  INSTALL drivers/media/rc/keymaps/rc-total-media-in-hand.ko
  INSTALL drivers/media/rc/keymaps/rc-trekstor.ko
  INSTALL drivers/media/rc/keymaps/rc-tt-1500.ko
  INSTALL drivers/media/rc/keymaps/rc-twinhan1027.ko
  INSTALL drivers/media/rc/keymaps/rc-videomate-m1f.ko
  INSTALL drivers/media/rc/keymaps/rc-videomate-s350.ko
  INSTALL drivers/media/rc/keymaps/rc-videomate-tv-pvr.ko
  INSTALL drivers/media/rc/keymaps/rc-winfast-usbii-deluxe.ko
  INSTALL drivers/media/rc/keymaps/rc-winfast.ko
  INSTALL drivers/media/rc/lirc_dev.ko
  INSTALL drivers/media/rc/mceusb.ko
  INSTALL drivers/media/rc/rc-core.ko
  INSTALL drivers/media/rc/rc-loopback.ko
  INSTALL drivers/media/rc/redrat3.ko
  INSTALL drivers/media/rc/streamzap.ko
  INSTALL drivers/media/video/au0828/au0828.ko
  INSTALL drivers/media/video/cpia2/cpia2.ko
  INSTALL drivers/media/video/cs53l32a.ko
  INSTALL drivers/media/video/cx231xx/cx231xx-alsa.ko
  INSTALL drivers/media/video/cx231xx/cx231xx-dvb.ko
  INSTALL drivers/media/video/cx231xx/cx231xx.ko
  INSTALL drivers/media/video/cx2341x.ko
  INSTALL drivers/media/video/cx25840/cx25840.ko
  INSTALL drivers/media/video/em28xx/em28xx-alsa.ko
  INSTALL drivers/media/video/em28xx/em28xx-dvb.ko
  INSTALL drivers/media/video/em28xx/em28xx-rc.ko
  INSTALL drivers/media/video/em28xx/em28xx.ko
  INSTALL drivers/media/video/gspca/gl860/gspca_gl860.ko
  INSTALL drivers/media/video/gspca/gspca_benq.ko
  INSTALL drivers/media/video/gspca/gspca_conex.ko
  INSTALL drivers/media/video/gspca/gspca_cpia1.ko
  INSTALL drivers/media/video/gspca/gspca_etoms.ko
  INSTALL drivers/media/video/gspca/gspca_finepix.ko
  INSTALL drivers/media/video/gspca/gspca_jeilinj.ko
  INSTALL drivers/media/video/gspca/gspca_jl2005bcd.ko
  INSTALL drivers/media/video/gspca/gspca_kinect.ko
  INSTALL drivers/media/video/gspca/gspca_konica.ko
  INSTALL drivers/media/video/gspca/gspca_main.ko
  INSTALL drivers/media/video/gspca/gspca_mars.ko
  INSTALL drivers/media/video/gspca/gspca_mr97310a.ko
  INSTALL drivers/media/video/gspca/gspca_nw80x.ko
  INSTALL drivers/media/video/gspca/gspca_ov519.ko
  INSTALL drivers/media/video/gspca/gspca_ov534.ko
  INSTALL drivers/media/video/gspca/gspca_ov534_9.ko
  INSTALL drivers/media/video/gspca/gspca_pac207.ko
  INSTALL drivers/media/video/gspca/gspca_pac7302.ko
  INSTALL drivers/media/video/gspca/gspca_pac7311.ko
  INSTALL drivers/media/video/gspca/gspca_se401.ko
  INSTALL drivers/media/video/gspca/gspca_sn9c2028.ko
  INSTALL drivers/media/video/gspca/gspca_sn9c20x.ko
  INSTALL drivers/media/video/gspca/gspca_sonixb.ko
  INSTALL drivers/media/video/gspca/gspca_sonixj.ko
  INSTALL drivers/media/video/gspca/gspca_spca1528.ko
  INSTALL drivers/media/video/gspca/gspca_spca500.ko
  INSTALL drivers/media/video/gspca/gspca_spca501.ko
  INSTALL drivers/media/video/gspca/gspca_spca505.ko
  INSTALL drivers/media/video/gspca/gspca_spca506.ko
  INSTALL drivers/media/video/gspca/gspca_spca508.ko
  INSTALL drivers/media/video/gspca/gspca_spca561.ko
  INSTALL drivers/media/video/gspca/gspca_sq905.ko
  INSTALL drivers/media/video/gspca/gspca_sq905c.ko
  INSTALL drivers/media/video/gspca/gspca_sq930x.ko
  INSTALL drivers/media/video/gspca/gspca_stk014.ko
  INSTALL drivers/media/video/gspca/gspca_stv0680.ko
  INSTALL drivers/media/video/gspca/gspca_sunplus.ko
  INSTALL drivers/media/video/gspca/gspca_t613.ko
  INSTALL drivers/media/video/gspca/gspca_topro.ko
  INSTALL drivers/media/video/gspca/gspca_tv8532.ko
  INSTALL drivers/media/video/gspca/gspca_vc032x.ko
  INSTALL drivers/media/video/gspca/gspca_vicam.ko
  INSTALL drivers/media/video/gspca/gspca_xirlink_cit.ko
  INSTALL drivers/media/video/gspca/gspca_zc3xx.ko
  INSTALL drivers/media/video/gspca/m5602/gspca_m5602.ko
  INSTALL drivers/media/video/gspca/stv06xx/gspca_stv06xx.ko
  INSTALL drivers/media/video/hdpvr/hdpvr.ko
  INSTALL drivers/media/video/ir-kbd-i2c.ko
  INSTALL drivers/media/video/msp3400.ko
  INSTALL drivers/media/video/mt9v011.ko
  INSTALL drivers/media/video/pvrusb2/pvrusb2.ko
  INSTALL drivers/media/video/pwc/pwc.ko
  INSTALL drivers/media/video/s2255drv.ko
  INSTALL drivers/media/video/saa7115.ko
  INSTALL drivers/media/video/sn9c102/sn9c102.ko
  INSTALL drivers/media/video/stkwebcam.ko
  INSTALL drivers/media/video/tlg2300/poseidon.ko
  INSTALL drivers/media/video/tm6000/tm6000-alsa.ko
  INSTALL drivers/media/video/tm6000/tm6000-dvb.ko
  INSTALL drivers/media/video/tm6000/tm6000.ko
  INSTALL drivers/media/video/tuner.ko
  INSTALL drivers/media/video/tveeprom.ko
  INSTALL drivers/media/video/tvp5150.ko
  INSTALL drivers/media/video/usbvision/usbvision.ko
  INSTALL drivers/media/video/uvc/uvcvideo.ko
  INSTALL drivers/media/video/v4l2-common.ko
  INSTALL drivers/media/video/v4l2-int-device.ko
  INSTALL drivers/media/video/videobuf-core.ko
  INSTALL drivers/media/video/videobuf-dvb.ko
  INSTALL drivers/media/video/videobuf-vmalloc.ko
  INSTALL drivers/media/video/videobuf2-core.ko
  INSTALL drivers/media/video/videobuf2-memops.ko
  INSTALL drivers/media/video/videobuf2-vmalloc.ko
  INSTALL drivers/media/video/videodev.ko
  INSTALL drivers/media/video/vivi.ko
  INSTALL drivers/media/video/wm8775.ko
  INSTALL drivers/media/video/zr364xx.ko
  INSTALL drivers/misc/eeprom/eeprom_93cx6.ko
  INSTALL drivers/mmc/host/mmc_spi.ko
  INSTALL drivers/net/bonding/bonding.ko
  INSTALL drivers/net/can/mcp251x.ko
  INSTALL drivers/net/can/slcan.ko
  INSTALL drivers/net/can/vcan.ko
  INSTALL drivers/net/dummy.ko
  INSTALL drivers/net/hamradio/6pack.ko
  INSTALL drivers/net/hamradio/baycom_ser_fdx.ko
  INSTALL drivers/net/hamradio/baycom_ser_hdx.ko
  INSTALL drivers/net/hamradio/bpqether.ko
  INSTALL drivers/net/hamradio/hdlcdrv.ko
  INSTALL drivers/net/hamradio/mkiss.ko
  INSTALL drivers/net/hamradio/yam.ko
  INSTALL drivers/net/irda/irda-usb.ko
  INSTALL drivers/net/irda/irtty-sir.ko
  INSTALL drivers/net/irda/kingsun-sir.ko
  INSTALL drivers/net/irda/ks959-sir.ko
  INSTALL drivers/net/irda/ksdazzle-sir.ko
  INSTALL drivers/net/irda/mcs7780.ko
  INSTALL drivers/net/irda/sir-dev.ko
  INSTALL drivers/net/irda/stir4200.ko
  INSTALL drivers/net/macvlan.ko
  INSTALL drivers/net/netconsole.ko
  INSTALL drivers/net/phy/libphy.ko
  INSTALL drivers/net/phy/mdio-bitbang.ko
  INSTALL drivers/net/ppp/bsd_comp.ko
  INSTALL drivers/net/ppp/ppp_async.ko
  INSTALL drivers/net/ppp/ppp_deflate.ko
  INSTALL drivers/net/ppp/ppp_generic.ko
  INSTALL drivers/net/ppp/ppp_mppe.ko
  INSTALL drivers/net/ppp/ppp_synctty.ko
  INSTALL drivers/net/ppp/pppoe.ko
  INSTALL drivers/net/ppp/pppox.ko
  INSTALL drivers/net/slip/slhc.ko
  INSTALL drivers/net/slip/slip.ko
  INSTALL drivers/net/tun.ko
  INSTALL drivers/net/usb/asix.ko
  INSTALL drivers/net/usb/catc.ko
  INSTALL drivers/net/usb/cdc_eem.ko
  INSTALL drivers/net/usb/cdc_ether.ko
  INSTALL drivers/net/usb/cdc_ncm.ko
  INSTALL drivers/net/usb/cdc_subset.ko
  INSTALL drivers/net/usb/cx82310_eth.ko
  INSTALL drivers/net/usb/dm9601.ko
  INSTALL drivers/net/usb/gl620a.ko
  INSTALL drivers/net/usb/int51x1.ko
  INSTALL drivers/net/usb/ipheth.ko
  INSTALL drivers/net/usb/kalmia.ko
  INSTALL drivers/net/usb/kaweth.ko
  INSTALL drivers/net/usb/lg-vl600.ko
  INSTALL drivers/net/usb/mcs7830.ko
  INSTALL drivers/net/usb/net1080.ko
  INSTALL drivers/net/usb/pegasus.ko
  INSTALL drivers/net/usb/plusb.ko
  INSTALL drivers/net/usb/qmi_wwan.ko
  INSTALL drivers/net/usb/rndis_host.ko
  INSTALL drivers/net/usb/rtl8150.ko
  INSTALL drivers/net/usb/sierra_net.ko
  INSTALL drivers/net/usb/smsc75xx.ko
  INSTALL drivers/net/usb/zaurus.ko
  INSTALL drivers/net/wimax/i2400m/i2400m-usb.ko
  INSTALL drivers/net/wimax/i2400m/i2400m.ko
  INSTALL drivers/net/wireless/at76c50x-usb.ko
  INSTALL drivers/net/wireless/ath/ath.ko
  INSTALL drivers/net/wireless/ath/ath9k/ath9k.ko
  INSTALL drivers/net/wireless/ath/ath9k/ath9k_common.ko
  INSTALL drivers/net/wireless/ath/ath9k/ath9k_htc.ko
  INSTALL drivers/net/wireless/ath/ath9k/ath9k_hw.ko
  INSTALL drivers/net/wireless/ath/carl9170/carl9170.ko
  INSTALL drivers/net/wireless/hostap/hostap.ko
  INSTALL drivers/net/wireless/libertas/libertas.ko
  INSTALL drivers/net/wireless/libertas/libertas_sdio.ko
  INSTALL drivers/net/wireless/libertas/usb8xxx.ko
  INSTALL drivers/net/wireless/libertas_tf/libertas_tf.ko
  INSTALL drivers/net/wireless/libertas_tf/libertas_tf_usb.ko
  INSTALL drivers/net/wireless/mac80211_hwsim.ko
  INSTALL drivers/net/wireless/mwifiex/mwifiex.ko
  INSTALL drivers/net/wireless/mwifiex/mwifiex_sdio.ko
  INSTALL drivers/net/wireless/p54/p54common.ko
  INSTALL drivers/net/wireless/p54/p54usb.ko
  INSTALL drivers/net/wireless/rndis_wlan.ko
  INSTALL drivers/net/wireless/rt2x00/rt2500usb.ko
  INSTALL drivers/net/wireless/rt2x00/rt2800lib.ko
  INSTALL drivers/net/wireless/rt2x00/rt2800usb.ko
  INSTALL drivers/net/wireless/rt2x00/rt2x00lib.ko
  INSTALL drivers/net/wireless/rt2x00/rt2x00usb.ko
  INSTALL drivers/net/wireless/rt2x00/rt73usb.ko
  INSTALL drivers/net/wireless/rtl818x/rtl8187/rtl8187.ko
  INSTALL drivers/net/wireless/rtl8192cu/8192cu.ko
  INSTALL drivers/net/wireless/zd1201.ko
  INSTALL drivers/net/wireless/zd1211rw/zd1211rw.ko
  INSTALL drivers/nfc/pn533.ko
  INSTALL drivers/rtc/rtc-bq32k.ko
  INSTALL drivers/rtc/rtc-ds1305.ko
  INSTALL drivers/rtc/rtc-ds1307.ko
  INSTALL drivers/rtc/rtc-ds1374.ko
  INSTALL drivers/rtc/rtc-ds1390.ko
  INSTALL drivers/rtc/rtc-ds1672.ko
  INSTALL drivers/rtc/rtc-ds3232.ko
  INSTALL drivers/rtc/rtc-ds3234.ko
  INSTALL drivers/rtc/rtc-em3027.ko
  INSTALL drivers/rtc/rtc-fm3130.ko
  INSTALL drivers/rtc/rtc-isl12022.ko
  INSTALL drivers/rtc/rtc-isl1208.ko
  INSTALL drivers/rtc/rtc-m41t80.ko
  INSTALL drivers/rtc/rtc-m41t93.ko
  INSTALL drivers/rtc/rtc-m41t94.ko
  INSTALL drivers/rtc/rtc-max6900.ko
  INSTALL drivers/rtc/rtc-max6902.ko
  INSTALL drivers/rtc/rtc-pcf2123.ko
  INSTALL drivers/rtc/rtc-pcf8563.ko
  INSTALL drivers/rtc/rtc-pcf8583.ko
  INSTALL drivers/rtc/rtc-r9701.ko
  INSTALL drivers/rtc/rtc-rs5c348.ko
  INSTALL drivers/rtc/rtc-rs5c372.ko
  INSTALL drivers/rtc/rtc-rv3029c2.ko
  INSTALL drivers/rtc/rtc-rx8025.ko
  INSTALL drivers/rtc/rtc-rx8581.ko
  INSTALL drivers/rtc/rtc-s35390a.ko
  INSTALL drivers/rtc/rtc-x1205.ko
  INSTALL drivers/scsi/iscsi_tcp.ko
  INSTALL drivers/scsi/libiscsi.ko
  INSTALL drivers/scsi/libiscsi_tcp.ko
  INSTALL drivers/scsi/osst.ko
  INSTALL drivers/scsi/sr_mod.ko
  INSTALL drivers/scsi/st.ko
  INSTALL drivers/spi/spi-bcm2708.ko
  INSTALL drivers/spi/spidev.ko
  INSTALL drivers/staging/media/as102/dvb-as102.ko
  INSTALL drivers/staging/media/easycap/easycap.ko
  INSTALL drivers/staging/media/lirc/lirc_igorplugusb.ko
  INSTALL drivers/staging/media/lirc/lirc_imon.ko
  INSTALL drivers/staging/media/lirc/lirc_rpi.ko
  INSTALL drivers/staging/media/lirc/lirc_sasem.ko
  INSTALL drivers/staging/media/lirc/lirc_serial.ko
  INSTALL drivers/staging/media/lirc/lirc_ttusbir.ko
  INSTALL drivers/staging/rtl8712/r8712u.ko
  INSTALL drivers/staging/speakup/speakup.ko
  INSTALL drivers/staging/speakup/speakup_soft.ko
  INSTALL drivers/staging/vt6656/vt6656_stage.ko
  INSTALL drivers/staging/winbond/w35und.ko
  INSTALL drivers/staging/wlan-ng/prism2_usb.ko
  INSTALL drivers/staging/zram/zram.ko
  INSTALL drivers/staging/zsmalloc/zsmalloc.ko
  INSTALL drivers/uio/uio.ko
  INSTALL drivers/uio/uio_pdrv.ko
  INSTALL drivers/uio/uio_pdrv_genirq.ko
  INSTALL drivers/usb/class/cdc-acm.ko
  INSTALL drivers/usb/class/cdc-wdm.ko
  INSTALL drivers/usb/class/usblp.ko
  INSTALL drivers/usb/image/mdc800.ko
  INSTALL drivers/usb/image/microtek.ko
  INSTALL drivers/usb/misc/adutux.ko
  INSTALL drivers/usb/misc/appledisplay.ko
  INSTALL drivers/usb/misc/cypress_cy7c63.ko
  INSTALL drivers/usb/misc/cytherm.ko
  INSTALL drivers/usb/misc/emi26.ko
  INSTALL drivers/usb/misc/emi62.ko
  INSTALL drivers/usb/misc/ftdi-elan.ko
  INSTALL drivers/usb/misc/idmouse.ko
  INSTALL drivers/usb/misc/iowarrior.ko
  INSTALL drivers/usb/misc/isight_firmware.ko
  INSTALL drivers/usb/misc/ldusb.ko
  INSTALL drivers/usb/misc/legousbtower.ko
  INSTALL drivers/usb/misc/rio500.ko
  INSTALL drivers/usb/misc/trancevibrator.ko
  INSTALL drivers/usb/misc/usblcd.ko
  INSTALL drivers/usb/misc/usbled.ko
  INSTALL drivers/usb/misc/usbsevseg.ko
  INSTALL drivers/usb/misc/usbtest.ko
  INSTALL drivers/usb/misc/yurex.ko
  INSTALL drivers/usb/mon/usbmon.ko
  INSTALL drivers/usb/serial/aircable.ko
  INSTALL drivers/usb/serial/ark3116.ko
  INSTALL drivers/usb/serial/belkin_sa.ko
  INSTALL drivers/usb/serial/ch341.ko
  INSTALL drivers/usb/serial/cp210x.ko
  INSTALL drivers/usb/serial/cyberjack.ko
  INSTALL drivers/usb/serial/cypress_m8.ko
  INSTALL drivers/usb/serial/digi_acceleport.ko
  INSTALL drivers/usb/serial/empeg.ko
  INSTALL drivers/usb/serial/f81232.ko
  INSTALL drivers/usb/serial/ftdi_sio.ko
  INSTALL drivers/usb/serial/funsoft.ko
  INSTALL drivers/usb/serial/garmin_gps.ko
  INSTALL drivers/usb/serial/hp4x.ko
  INSTALL drivers/usb/serial/io_edgeport.ko
  INSTALL drivers/usb/serial/io_ti.ko
  INSTALL drivers/usb/serial/ipaq.ko
  INSTALL drivers/usb/serial/ipw.ko
  INSTALL drivers/usb/serial/ir-usb.ko
  INSTALL drivers/usb/serial/iuu_phoenix.ko
  INSTALL drivers/usb/serial/keyspan.ko
  INSTALL drivers/usb/serial/keyspan_pda.ko
  INSTALL drivers/usb/serial/kl5kusb105.ko
  INSTALL drivers/usb/serial/kobil_sct.ko
  INSTALL drivers/usb/serial/mct_u232.ko
  INSTALL drivers/usb/serial/metro-usb.ko
  INSTALL drivers/usb/serial/mos7720.ko
  INSTALL drivers/usb/serial/mos7840.ko
  INSTALL drivers/usb/serial/moto_modem.ko
  INSTALL drivers/usb/serial/navman.ko
  INSTALL drivers/usb/serial/omninet.ko
  INSTALL drivers/usb/serial/opticon.ko
  INSTALL drivers/usb/serial/option.ko
  INSTALL drivers/usb/serial/oti6858.ko
  INSTALL drivers/usb/serial/pl2303.ko
  INSTALL drivers/usb/serial/qcaux.ko
  INSTALL drivers/usb/serial/qcserial.ko
  INSTALL drivers/usb/serial/quatech2.ko
  INSTALL drivers/usb/serial/safe_serial.ko
  INSTALL drivers/usb/serial/siemens_mpi.ko
  INSTALL drivers/usb/serial/sierra.ko
  INSTALL drivers/usb/serial/spcp8x5.ko
  INSTALL drivers/usb/serial/ssu100.ko
  INSTALL drivers/usb/serial/symbolserial.ko
  INSTALL drivers/usb/serial/ti_usb_3410_5052.ko
  INSTALL drivers/usb/serial/usb_debug.ko
  INSTALL drivers/usb/serial/usb_wwan.ko
  INSTALL drivers/usb/serial/usbserial.ko
  INSTALL drivers/usb/serial/visor.ko
  INSTALL drivers/usb/serial/vivopay-serial.ko
  INSTALL drivers/usb/serial/whiteheat.ko
  INSTALL drivers/usb/serial/zio.ko
  INSTALL drivers/usb/storage/ums-alauda.ko
  INSTALL drivers/usb/storage/ums-cypress.ko
  INSTALL drivers/usb/storage/ums-datafab.ko
  INSTALL drivers/usb/storage/ums-eneub6250.ko
  INSTALL drivers/usb/storage/ums-freecom.ko
  INSTALL drivers/usb/storage/ums-isd200.ko
  INSTALL drivers/usb/storage/ums-jumpshot.ko
  INSTALL drivers/usb/storage/ums-karma.ko
  INSTALL drivers/usb/storage/ums-onetouch.ko
  INSTALL drivers/usb/storage/ums-realtek.ko
  INSTALL drivers/usb/storage/ums-sddr09.ko
  INSTALL drivers/usb/storage/ums-sddr55.ko
  INSTALL drivers/usb/storage/ums-usbat.ko
  INSTALL drivers/video/backlight/lcd.ko
  INSTALL drivers/video/fb_sys_fops.ko
  INSTALL drivers/video/fbtft/fb_hx8340bn.ko
  INSTALL drivers/video/fbtft/fb_hx8347d.ko
  INSTALL drivers/video/fbtft/fb_ili9320.ko
  INSTALL drivers/video/fbtft/fb_ili9325.ko
  INSTALL drivers/video/fbtft/fb_ili9341.ko
  INSTALL drivers/video/fbtft/fb_pcd8544.ko
  INSTALL drivers/video/fbtft/fb_ssd1289.ko
  INSTALL drivers/video/fbtft/fb_ssd1351.ko
  INSTALL drivers/video/fbtft/fb_st7735r.ko
  INSTALL drivers/video/fbtft/fb_watterott.ko
  INSTALL drivers/video/fbtft/fbtft.ko
  INSTALL drivers/video/fbtft/fbtft_device.ko
  INSTALL drivers/video/fbtft/flexfb.ko
  INSTALL drivers/video/syscopyarea.ko
  INSTALL drivers/video/sysfillrect.ko
  INSTALL drivers/video/sysimgblt.ko
  INSTALL drivers/w1/masters/ds1wm.ko
  INSTALL drivers/w1/masters/ds2482.ko
  INSTALL drivers/w1/masters/ds2490.ko
  INSTALL drivers/w1/masters/w1-gpio.ko
  INSTALL drivers/w1/slaves/w1_bq27000.ko
  INSTALL drivers/w1/slaves/w1_ds2408.ko
  INSTALL drivers/w1/slaves/w1_ds2423.ko
  INSTALL drivers/w1/slaves/w1_ds2431.ko
  INSTALL drivers/w1/slaves/w1_ds2433.ko
  INSTALL drivers/w1/slaves/w1_ds2760.ko
  INSTALL drivers/w1/slaves/w1_ds2780.ko
  INSTALL drivers/w1/slaves/w1_smem.ko
  INSTALL drivers/w1/slaves/w1_therm.ko
  INSTALL drivers/w1/wire.ko
  INSTALL drivers/watchdog/bcm2708_wdog.ko
  INSTALL fs/9p/9p.ko
  INSTALL fs/binfmt_misc.ko
  INSTALL fs/btrfs/btrfs.ko
  INSTALL fs/cifs/cifs.ko
  INSTALL fs/dlm/dlm.ko
  INSTALL fs/ecryptfs/ecryptfs.ko
  INSTALL fs/fuse/cuse.ko
  INSTALL fs/fuse/fuse.ko
  INSTALL fs/gfs2/gfs2.ko
  INSTALL fs/hfs/hfs.ko
  INSTALL fs/hfsplus/hfsplus.ko
  INSTALL fs/isofs/isofs.ko
  INSTALL fs/jfs/jfs.ko
  INSTALL fs/nfsd/nfsd.ko
  INSTALL fs/nilfs2/nilfs2.ko
  INSTALL fs/nls/nls_cp1250.ko
  INSTALL fs/nls/nls_cp1251.ko
  INSTALL fs/nls/nls_cp1255.ko
  INSTALL fs/nls/nls_cp737.ko
  INSTALL fs/nls/nls_cp775.ko
  INSTALL fs/nls/nls_cp850.ko
  INSTALL fs/nls/nls_cp852.ko
  INSTALL fs/nls/nls_cp855.ko
  INSTALL fs/nls/nls_cp857.ko
  INSTALL fs/nls/nls_cp860.ko
  INSTALL fs/nls/nls_cp861.ko
  INSTALL fs/nls/nls_cp862.ko
  INSTALL fs/nls/nls_cp863.ko
  INSTALL fs/nls/nls_cp864.ko
  INSTALL fs/nls/nls_cp865.ko
  INSTALL fs/nls/nls_cp866.ko
  INSTALL fs/nls/nls_cp869.ko
  INSTALL fs/nls/nls_cp874.ko
  INSTALL fs/nls/nls_cp932.ko
  INSTALL fs/nls/nls_cp936.ko
  INSTALL fs/nls/nls_cp949.ko
  INSTALL fs/nls/nls_cp950.ko
  INSTALL fs/nls/nls_euc-jp.ko
  INSTALL fs/nls/nls_iso8859-1.ko
  INSTALL fs/nls/nls_iso8859-13.ko
  INSTALL fs/nls/nls_iso8859-14.ko
  INSTALL fs/nls/nls_iso8859-15.ko
  INSTALL fs/nls/nls_iso8859-2.ko
  INSTALL fs/nls/nls_iso8859-3.ko
  INSTALL fs/nls/nls_iso8859-4.ko
  INSTALL fs/nls/nls_iso8859-5.ko
  INSTALL fs/nls/nls_iso8859-6.ko
  INSTALL fs/nls/nls_iso8859-7.ko
  INSTALL fs/nls/nls_iso8859-9.ko
  INSTALL fs/nls/nls_koi8-r.ko
  INSTALL fs/nls/nls_koi8-ru.ko
  INSTALL fs/nls/nls_koi8-u.ko
  INSTALL fs/nls/nls_utf8.ko
  INSTALL fs/ntfs/ntfs.ko
  INSTALL fs/ocfs2/cluster/ocfs2_nodemanager.ko
  INSTALL fs/ocfs2/dlm/ocfs2_dlm.ko
  INSTALL fs/ocfs2/dlmfs/ocfs2_dlmfs.ko
  INSTALL fs/ocfs2/ocfs2.ko
  INSTALL fs/ocfs2/ocfs2_stack_o2cb.ko
  INSTALL fs/ocfs2/ocfs2_stack_user.ko
  INSTALL fs/ocfs2/ocfs2_stackglue.ko
  INSTALL fs/quota/quota_tree.ko
  INSTALL fs/quota/quota_v1.ko
  INSTALL fs/quota/quota_v2.ko
  INSTALL fs/reiserfs/reiserfs.ko
  INSTALL fs/squashfs/squashfs.ko
  INSTALL fs/udf/udf.ko
  INSTALL fs/xfs/xfs.ko
  INSTALL lib/crc-ccitt.ko
  INSTALL lib/crc7.ko
  INSTALL lib/lru_cache.ko
  INSTALL lib/lzo/lzo_compress.ko
  INSTALL lib/lzo/lzo_decompress.ko
  INSTALL lib/raid6/raid6_pq.ko
  INSTALL lib/ts_bm.ko
  INSTALL lib/ts_fsm.ko
  INSTALL lib/ts_kmp.ko
  INSTALL lib/xz/xz_dec.ko
  INSTALL lib/zlib_deflate/zlib_deflate.ko
  INSTALL lib/zlib_inflate/zlib_inflate.ko
  INSTALL net/802/garp.ko
  INSTALL net/802/p8022.ko
  INSTALL net/802/psnap.ko
  INSTALL net/802/stp.ko
  INSTALL net/8021q/8021q.ko
  INSTALL net/9p/9pnet.ko
  INSTALL net/appletalk/appletalk.ko
  INSTALL net/ax25/ax25.ko
  INSTALL net/batman-adv/batman-adv.ko
  INSTALL net/bluetooth/bluetooth.ko
  INSTALL net/bluetooth/bnep/bnep.ko
  INSTALL net/bluetooth/hidp/hidp.ko
  INSTALL net/bluetooth/rfcomm/rfcomm.ko
  INSTALL net/bridge/bridge.ko
  INSTALL net/bridge/netfilter/ebt_802_3.ko
  INSTALL net/bridge/netfilter/ebt_among.ko
  INSTALL net/bridge/netfilter/ebt_arp.ko
  INSTALL net/bridge/netfilter/ebt_arpreply.ko
  INSTALL net/bridge/netfilter/ebt_dnat.ko
  INSTALL net/bridge/netfilter/ebt_ip.ko
  INSTALL net/bridge/netfilter/ebt_ip6.ko
  INSTALL net/bridge/netfilter/ebt_limit.ko
  INSTALL net/bridge/netfilter/ebt_log.ko
  INSTALL net/bridge/netfilter/ebt_mark.ko
  INSTALL net/bridge/netfilter/ebt_mark_m.ko
  INSTALL net/bridge/netfilter/ebt_nflog.ko
  INSTALL net/bridge/netfilter/ebt_pkttype.ko
  INSTALL net/bridge/netfilter/ebt_redirect.ko
  INSTALL net/bridge/netfilter/ebt_snat.ko
  INSTALL net/bridge/netfilter/ebt_stp.ko
  INSTALL net/bridge/netfilter/ebt_ulog.ko
  INSTALL net/bridge/netfilter/ebt_vlan.ko
  INSTALL net/bridge/netfilter/ebtable_broute.ko
  INSTALL net/bridge/netfilter/ebtable_filter.ko
  INSTALL net/bridge/netfilter/ebtable_nat.ko
  INSTALL net/bridge/netfilter/ebtables.ko
  INSTALL net/can/can-bcm.ko
  INSTALL net/can/can-raw.ko
  INSTALL net/core/pktgen.ko
  INSTALL net/ipv4/ah4.ko
  INSTALL net/ipv4/esp4.ko
  INSTALL net/ipv4/gre.ko
  INSTALL net/ipv4/inet_diag.ko
  INSTALL net/ipv4/inet_lro.ko
  INSTALL net/ipv4/ip_gre.ko
  INSTALL net/ipv4/ipcomp.ko
  INSTALL net/ipv4/ipip.ko
  INSTALL net/ipv4/netfilter/arp_tables.ko
  INSTALL net/ipv4/netfilter/arpt_mangle.ko
  INSTALL net/ipv4/netfilter/arptable_filter.ko
  INSTALL net/ipv4/netfilter/ip_tables.ko
  INSTALL net/ipv4/netfilter/ipt_ECN.ko
  INSTALL net/ipv4/netfilter/ipt_MASQUERADE.ko
  INSTALL net/ipv4/netfilter/ipt_NETMAP.ko
  INSTALL net/ipv4/netfilter/ipt_REDIRECT.ko
  INSTALL net/ipv4/netfilter/ipt_REJECT.ko
  INSTALL net/ipv4/netfilter/ipt_ULOG.ko
  INSTALL net/ipv4/netfilter/ipt_ah.ko
  INSTALL net/ipv4/netfilter/iptable_filter.ko
  INSTALL net/ipv4/netfilter/iptable_mangle.ko
  INSTALL net/ipv4/netfilter/iptable_nat.ko
  INSTALL net/ipv4/netfilter/iptable_raw.ko
  INSTALL net/ipv4/netfilter/nf_conntrack_ipv4.ko
  INSTALL net/ipv4/netfilter/nf_defrag_ipv4.ko
  INSTALL net/ipv4/netfilter/nf_nat.ko
  INSTALL net/ipv4/netfilter/nf_nat_amanda.ko
  INSTALL net/ipv4/netfilter/nf_nat_ftp.ko
  INSTALL net/ipv4/netfilter/nf_nat_h323.ko
  INSTALL net/ipv4/netfilter/nf_nat_irc.ko
  INSTALL net/ipv4/netfilter/nf_nat_pptp.ko
  INSTALL net/ipv4/netfilter/nf_nat_proto_dccp.ko
  INSTALL net/ipv4/netfilter/nf_nat_proto_gre.ko
  INSTALL net/ipv4/netfilter/nf_nat_proto_sctp.ko
  INSTALL net/ipv4/netfilter/nf_nat_proto_udplite.ko
  INSTALL net/ipv4/netfilter/nf_nat_sip.ko
  INSTALL net/ipv4/netfilter/nf_nat_snmp_basic.ko
  INSTALL net/ipv4/netfilter/nf_nat_tftp.ko
  INSTALL net/ipv4/tcp_diag.ko
  INSTALL net/ipv4/tunnel4.ko
  INSTALL net/ipv4/xfrm4_mode_beet.ko
  INSTALL net/ipv4/xfrm4_mode_transport.ko
  INSTALL net/ipv4/xfrm4_mode_tunnel.ko
  INSTALL net/ipv4/xfrm4_tunnel.ko
  INSTALL net/ipv6/ah6.ko
  INSTALL net/ipv6/esp6.ko
  INSTALL net/ipv6/ipcomp6.ko
  INSTALL net/ipv6/ipv6.ko
  INSTALL net/ipv6/netfilter/ip6_tables.ko
  INSTALL net/ipv6/netfilter/ip6t_REJECT.ko
  INSTALL net/ipv6/netfilter/ip6t_ah.ko
  INSTALL net/ipv6/netfilter/ip6t_eui64.ko
  INSTALL net/ipv6/netfilter/ip6t_frag.ko
  INSTALL net/ipv6/netfilter/ip6t_hbh.ko
  INSTALL net/ipv6/netfilter/ip6t_ipv6header.ko
  INSTALL net/ipv6/netfilter/ip6t_mh.ko
  INSTALL net/ipv6/netfilter/ip6t_rt.ko
  INSTALL net/ipv6/netfilter/ip6table_filter.ko
  INSTALL net/ipv6/netfilter/ip6table_mangle.ko
  INSTALL net/ipv6/netfilter/ip6table_raw.ko
  INSTALL net/ipv6/netfilter/nf_conntrack_ipv6.ko
  INSTALL net/ipv6/netfilter/nf_defrag_ipv6.ko
  INSTALL net/ipv6/sit.ko
  INSTALL net/ipv6/tunnel6.ko
  INSTALL net/ipv6/xfrm6_mode_beet.ko
  INSTALL net/ipv6/xfrm6_mode_transport.ko
  INSTALL net/ipv6/xfrm6_mode_tunnel.ko
  INSTALL net/ipv6/xfrm6_tunnel.ko
  INSTALL net/irda/ircomm/ircomm-tty.ko
  INSTALL net/irda/ircomm/ircomm.ko
  INSTALL net/irda/irda.ko
  INSTALL net/irda/irlan/irlan.ko
  INSTALL net/irda/irnet/irnet.ko
  INSTALL net/key/af_key.ko
  INSTALL net/l2tp/l2tp_core.ko
  INSTALL net/llc/llc.ko
  INSTALL net/mac80211/mac80211.ko
  INSTALL net/netfilter/ipset/ip_set.ko
  INSTALL net/netfilter/ipset/ip_set_bitmap_ip.ko
  INSTALL net/netfilter/ipset/ip_set_bitmap_ipmac.ko
  INSTALL net/netfilter/ipset/ip_set_bitmap_port.ko
  INSTALL net/netfilter/ipset/ip_set_hash_ip.ko
  INSTALL net/netfilter/ipset/ip_set_hash_ipport.ko
  INSTALL net/netfilter/ipset/ip_set_hash_ipportip.ko
  INSTALL net/netfilter/ipset/ip_set_hash_ipportnet.ko
  INSTALL net/netfilter/ipset/ip_set_hash_net.ko
  INSTALL net/netfilter/ipset/ip_set_hash_netiface.ko
  INSTALL net/netfilter/ipset/ip_set_hash_netport.ko
  INSTALL net/netfilter/ipset/ip_set_list_set.ko
  INSTALL net/netfilter/ipvs/ip_vs.ko
  INSTALL net/netfilter/ipvs/ip_vs_dh.ko
  INSTALL net/netfilter/ipvs/ip_vs_ftp.ko
  INSTALL net/netfilter/ipvs/ip_vs_lblc.ko
  INSTALL net/netfilter/ipvs/ip_vs_lblcr.ko
  INSTALL net/netfilter/ipvs/ip_vs_lc.ko
  INSTALL net/netfilter/ipvs/ip_vs_nq.ko
  INSTALL net/netfilter/ipvs/ip_vs_pe_sip.ko
  INSTALL net/netfilter/ipvs/ip_vs_rr.ko
  INSTALL net/netfilter/ipvs/ip_vs_sed.ko
  INSTALL net/netfilter/ipvs/ip_vs_sh.ko
  INSTALL net/netfilter/ipvs/ip_vs_wlc.ko
  INSTALL net/netfilter/ipvs/ip_vs_wrr.ko
  INSTALL net/netfilter/nf_conntrack.ko
  INSTALL net/netfilter/nf_conntrack_amanda.ko
  INSTALL net/netfilter/nf_conntrack_broadcast.ko
  INSTALL net/netfilter/nf_conntrack_ftp.ko
  INSTALL net/netfilter/nf_conntrack_h323.ko
  INSTALL net/netfilter/nf_conntrack_irc.ko
  INSTALL net/netfilter/nf_conntrack_netbios_ns.ko
  INSTALL net/netfilter/nf_conntrack_netlink.ko
  INSTALL net/netfilter/nf_conntrack_pptp.ko
  INSTALL net/netfilter/nf_conntrack_proto_dccp.ko
  INSTALL net/netfilter/nf_conntrack_proto_gre.ko
  INSTALL net/netfilter/nf_conntrack_proto_sctp.ko
  INSTALL net/netfilter/nf_conntrack_proto_udplite.ko
  INSTALL net/netfilter/nf_conntrack_sane.ko
  INSTALL net/netfilter/nf_conntrack_sip.ko
  INSTALL net/netfilter/nf_conntrack_snmp.ko
  INSTALL net/netfilter/nf_conntrack_tftp.ko
  INSTALL net/netfilter/nf_tproxy_core.ko
  INSTALL net/netfilter/nfnetlink.ko
  INSTALL net/netfilter/nfnetlink_log.ko
  INSTALL net/netfilter/nfnetlink_queue.ko
  INSTALL net/netfilter/x_tables.ko
  INSTALL net/netfilter/xt_AUDIT.ko
  INSTALL net/netfilter/xt_CHECKSUM.ko
  INSTALL net/netfilter/xt_CLASSIFY.ko
  INSTALL net/netfilter/xt_CT.ko
  INSTALL net/netfilter/xt_DSCP.ko
  INSTALL net/netfilter/xt_HL.ko
  INSTALL net/netfilter/xt_HMARK.ko
  INSTALL net/netfilter/xt_IDLETIMER.ko
  INSTALL net/netfilter/xt_LED.ko
  INSTALL net/netfilter/xt_LOG.ko
  INSTALL net/netfilter/xt_NFLOG.ko
  INSTALL net/netfilter/xt_NFQUEUE.ko
  INSTALL net/netfilter/xt_NOTRACK.ko
  INSTALL net/netfilter/xt_RATEEST.ko
  INSTALL net/netfilter/xt_TCPMSS.ko
  INSTALL net/netfilter/xt_TCPOPTSTRIP.ko
  INSTALL net/netfilter/xt_TEE.ko
  INSTALL net/netfilter/xt_TPROXY.ko
  INSTALL net/netfilter/xt_TRACE.ko
  INSTALL net/netfilter/xt_addrtype.ko
  INSTALL net/netfilter/xt_cluster.ko
  INSTALL net/netfilter/xt_comment.ko
  INSTALL net/netfilter/xt_connbytes.ko
  INSTALL net/netfilter/xt_connlimit.ko
  INSTALL net/netfilter/xt_connmark.ko
  INSTALL net/netfilter/xt_conntrack.ko
  INSTALL net/netfilter/xt_cpu.ko
  INSTALL net/netfilter/xt_dccp.ko
  INSTALL net/netfilter/xt_devgroup.ko
  INSTALL net/netfilter/xt_dscp.ko
  INSTALL net/netfilter/xt_ecn.ko
  INSTALL net/netfilter/xt_esp.ko
  INSTALL net/netfilter/xt_hashlimit.ko
  INSTALL net/netfilter/xt_helper.ko
  INSTALL net/netfilter/xt_hl.ko
  INSTALL net/netfilter/xt_iprange.ko
  INSTALL net/netfilter/xt_length.ko
  INSTALL net/netfilter/xt_limit.ko
  INSTALL net/netfilter/xt_mac.ko
  INSTALL net/netfilter/xt_mark.ko
  INSTALL net/netfilter/xt_multiport.ko
  INSTALL net/netfilter/xt_osf.ko
  INSTALL net/netfilter/xt_owner.ko
  INSTALL net/netfilter/xt_physdev.ko
  INSTALL net/netfilter/xt_pkttype.ko
  INSTALL net/netfilter/xt_policy.ko
  INSTALL net/netfilter/xt_quota.ko
  INSTALL net/netfilter/xt_rateest.ko
  INSTALL net/netfilter/xt_realm.ko
  INSTALL net/netfilter/xt_recent.ko
  INSTALL net/netfilter/xt_sctp.ko
  INSTALL net/netfilter/xt_set.ko
  INSTALL net/netfilter/xt_socket.ko
  INSTALL net/netfilter/xt_state.ko
  INSTALL net/netfilter/xt_statistic.ko
  INSTALL net/netfilter/xt_string.ko
  INSTALL net/netfilter/xt_tcpmss.ko
  INSTALL net/netfilter/xt_tcpudp.ko
  INSTALL net/netfilter/xt_time.ko
  INSTALL net/netfilter/xt_u32.ko
  INSTALL net/netrom/netrom.ko
  INSTALL net/nfc/nfc.ko
  INSTALL net/rfkill/rfkill.ko
  INSTALL net/rose/rose.ko
  INSTALL net/sched/act_csum.ko
  INSTALL net/sched/act_gact.ko
  INSTALL net/sched/act_ipt.ko
  INSTALL net/sched/act_mirred.ko
  INSTALL net/sched/act_nat.ko
  INSTALL net/sched/act_pedit.ko
  INSTALL net/sched/act_police.ko
  INSTALL net/sched/act_simple.ko
  INSTALL net/sched/act_skbedit.ko
  INSTALL net/sched/cls_basic.ko
  INSTALL net/sched/cls_cgroup.ko
  INSTALL net/sched/cls_flow.ko
  INSTALL net/sched/cls_fw.ko
  INSTALL net/sched/cls_route.ko
  INSTALL net/sched/cls_rsvp.ko
  INSTALL net/sched/cls_rsvp6.ko
  INSTALL net/sched/cls_tcindex.ko
  INSTALL net/sched/cls_u32.ko
  INSTALL net/sched/em_cmp.ko
  INSTALL net/sched/em_meta.ko
  INSTALL net/sched/em_nbyte.ko
  INSTALL net/sched/em_text.ko
  INSTALL net/sched/em_u32.ko
  INSTALL net/sched/sch_cbq.ko
  INSTALL net/sched/sch_choke.ko
  INSTALL net/sched/sch_codel.ko
  INSTALL net/sched/sch_drr.ko
  INSTALL net/sched/sch_dsmark.ko
  INSTALL net/sched/sch_fq_codel.ko
  INSTALL net/sched/sch_gred.ko
  INSTALL net/sched/sch_hfsc.ko
  INSTALL net/sched/sch_htb.ko
  INSTALL net/sched/sch_ingress.ko
  INSTALL net/sched/sch_mqprio.ko
  INSTALL net/sched/sch_multiq.ko
  INSTALL net/sched/sch_netem.ko
  INSTALL net/sched/sch_plug.ko
  INSTALL net/sched/sch_prio.ko
  INSTALL net/sched/sch_qfq.ko
  INSTALL net/sched/sch_red.ko
  INSTALL net/sched/sch_sfb.ko
  INSTALL net/sched/sch_sfq.ko
  INSTALL net/sched/sch_tbf.ko
  INSTALL net/sched/sch_teql.ko
  INSTALL net/sctp/sctp.ko
  INSTALL net/wimax/wimax.ko
  INSTALL net/wireless/cfg80211.ko
  INSTALL net/wireless/lib80211.ko
  INSTALL net/wireless/lib80211_crypt_ccmp.ko
  INSTALL net/wireless/lib80211_crypt_tkip.ko
  INSTALL net/wireless/lib80211_crypt_wep.ko
  INSTALL net/xfrm/xfrm_ipcomp.ko
  INSTALL sound/arm/snd-bcm2835.ko
  INSTALL sound/core/oss/snd-mixer-oss.ko
  INSTALL sound/core/oss/snd-pcm-oss.ko
  INSTALL sound/core/seq/oss/snd-seq-oss.ko
  INSTALL sound/core/seq/snd-seq-device.ko
  INSTALL sound/core/seq/snd-seq-dummy.ko
  INSTALL sound/core/seq/snd-seq-midi-event.ko
  INSTALL sound/core/seq/snd-seq-midi.ko
  INSTALL sound/core/seq/snd-seq-virmidi.ko
  INSTALL sound/core/seq/snd-seq.ko
  INSTALL sound/core/snd-hrtimer.ko
  INSTALL sound/core/snd-hwdep.ko
  INSTALL sound/core/snd-page-alloc.ko
  INSTALL sound/core/snd-pcm.ko
  INSTALL sound/core/snd-rawmidi.ko
  INSTALL sound/core/snd-timer.ko
  INSTALL sound/core/snd.ko
  INSTALL sound/drivers/mpu401/snd-mpu401-uart.ko
  INSTALL sound/drivers/mpu401/snd-mpu401.ko
  INSTALL sound/drivers/snd-aloop.ko
  INSTALL sound/drivers/snd-dummy.ko
  INSTALL sound/drivers/snd-mtpav.ko
  INSTALL sound/drivers/snd-serial-u16550.ko
  INSTALL sound/drivers/snd-virmidi.ko
  INSTALL sound/i2c/other/snd-tea575x-tuner.ko
  INSTALL sound/sound_firmware.ko
  INSTALL sound/usb/6fire/snd-usb-6fire.ko
  INSTALL sound/usb/caiaq/snd-usb-caiaq.ko
  INSTALL sound/usb/misc/snd-ua101.ko
  INSTALL sound/usb/snd-usb-audio.ko
  INSTALL sound/usb/snd-usbmidi-lib.ko
  MKDIR   /home/pi/modules/lib/firmware/emi26
  INSTALL /home/pi/modules/lib/firmware/emi26/loader.fw
  INSTALL /home/pi/modules/lib/firmware/emi26/firmware.fw
  INSTALL /home/pi/modules/lib/firmware/emi26/bitstream.fw
  MKDIR   /home/pi/modules/lib/firmware/emi62
  INSTALL /home/pi/modules/lib/firmware/emi62/loader.fw
  INSTALL /home/pi/modules/lib/firmware/emi62/bitstream.fw
  INSTALL /home/pi/modules/lib/firmware/emi62/spdif.fw
  INSTALL /home/pi/modules/lib/firmware/emi62/midi.fw
  MKDIR   /home/pi/modules/lib/firmware/kaweth
  INSTALL /home/pi/modules/lib/firmware/kaweth/new_code.bin
  INSTALL /home/pi/modules/lib/firmware/kaweth/trigger_code.bin
  INSTALL /home/pi/modules/lib/firmware/kaweth/new_code_fix.bin
  INSTALL /home/pi/modules/lib/firmware/kaweth/trigger_code_fix.bin
  INSTALL /home/pi/modules/lib/firmware/ti_3410.fw
  INSTALL /home/pi/modules/lib/firmware/ti_5052.fw
  INSTALL /home/pi/modules/lib/firmware/mts_cdma.fw
  INSTALL /home/pi/modules/lib/firmware/mts_gsm.fw
  INSTALL /home/pi/modules/lib/firmware/mts_edge.fw
  MKDIR   /home/pi/modules/lib/firmware/edgeport
  INSTALL /home/pi/modules/lib/firmware/edgeport/boot.fw
  INSTALL /home/pi/modules/lib/firmware/edgeport/boot2.fw
  INSTALL /home/pi/modules/lib/firmware/edgeport/down.fw
  INSTALL /home/pi/modules/lib/firmware/edgeport/down2.fw
  INSTALL /home/pi/modules/lib/firmware/edgeport/down3.bin
  INSTALL /home/pi/modules/lib/firmware/whiteheat_loader.fw
  INSTALL /home/pi/modules/lib/firmware/whiteheat.fw
  MKDIR   /home/pi/modules/lib/firmware/keyspan_pda
  INSTALL /home/pi/modules/lib/firmware/keyspan_pda/keyspan_pda.fw
  INSTALL /home/pi/modules/lib/firmware/keyspan_pda/xircom_pgs.fw
  MKDIR   /home/pi/modules/lib/firmware/cpia2
  INSTALL /home/pi/modules/lib/firmware/cpia2/stv0672_vp4.bin
  MKDIR   /home/pi/modules/lib/firmware/yam
  INSTALL /home/pi/modules/lib/firmware/yam/1200.bin
  INSTALL /home/pi/modules/lib/firmware/yam/9600.bin
  DEPMOD  3.6.11+

#
# End: modules_install: Install kernel modules
# Time: Thu Oct 31 22:44:31 2013
# Elapsed: 0.42 min
#

